Wed Nov 23 16:08:31 CET 2022
;; 1. Based on: 31
;; 2. Description:
;;    FFEM version of run31
;; 3. Label:
;;    SimVal base model
;------------------------------------------------------------------------------
$PROBLEM    run 1
$INPUT      NO ID STUDYID TAD TIME DAY AMT RATE ODV DV EVID BLQ DOSE
            FOOD FORM TYPE WT HT LBWT BSA SEX RACE AGE AST ALT BILI
            CRCL BMI NCI GENO2 ETHNIC SMOK RACEL NCIL CLFREMCOV
            VFREMCOV MATFREMCOV
$DATA      newData4.csv IGNORE=@ IGNORE(BLQ.EQN.1)
$SUBROUTINE ADVAN2 TRANS2
$PK
;;; MATFOOD-DEFINITION START
IF(FOOD.EQ.1) MATFOOD = 1  ; Most common
IF(FOOD.EQ.0) MATFOOD = ( 1 + THETA(6))
;;; MATFOOD-DEFINITION END

;;; MAT-RELATION START
MATCOVTIME = MATFOOD
;;; MAT-RELATION END


;;; FRELFOOD-DEFINITION START
IF(FOOD.EQ.1) FRELFOOD = 1  ; Most common
IF(FOOD.EQ.0) FRELFOOD = ( 1 + THETA(7))
;;; FRELFOOD-DEFINITION END

;;; FREL-RELATION START
FRELCOVTIME = FRELFOOD
;;; FREL-RELATION END

TVFREL  = THETA(1)
TVCL    = THETA(2)
TVV     = THETA(3)
TVMAT   = THETA(4)
TVD1    = THETA(5)

;MU_1  = LOG(TVRUV)
MU_2  = TVD1
MU_3  = LOG(TVCL)
MU_4  = LOG(TVV)
MU_5  = LOG(TVMAT)

D1FR  = MU_2                   + ETA(2)
FREL  = TVFREL*FRELCOVTIME
CL    = EXP(MU_3               + ETA(3) + CLFREMCOV)
V     = EXP(MU_4               + ETA(4) + VFREMCOV)
MAT   = MATCOVTIME * EXP(MU_5  + ETA(5) + MATFREMCOV)
D1    = MAT*(1-D1FR)

F1    = FREL
KA    = 1 / (MAT-D1)
S2    = V

$ERROR
CP    = A(2)*1000 / V
IPRED = LOG(CP + 0.00001)
Y     = IPRED + EPS(1) * EXP(ETA(1))

REPI = IREP
$THETA  1 FIX ; 1. TVFREL
$THETA  (0,6.16183) ; 2. TVCL
$THETA  (0,123.734) ; 3. TVV
$THETA  (0,1.84939) ; 4. TVMAT
$THETA  (0,0.667194) ; 5. D1
$THETA  (-1.00,-0.048532,3.00) ; 6. FRELFOOD1
$THETA  (-1.00,0.123479,3.00) ; 7. MATFOOD1
$OMEGA  0.0559679  ; 1. IIV on RUV
$OMEGA  0.0001  FIX  ; 2. IIV on D1
$OMEGA  BLOCK(3)
 0.06528
 0.01976 0.05299
 0.00526 0.02398 0.04117
$SIGMA  0.0309633  ;     1. RUV
$SIMULATION (1413) ONLYSIM NSUB=50
$TABLE      REPI ID STUDYID TAD EVID NOPRINT ONEHEADERALL
            FILE=vpctab31


NM-TRAN MESSAGES
  
 WARNINGS AND ERRORS (IF ANY) FOR PROBLEM    1
             
 (WARNING  2) NM-TRAN INFERS THAT THE DATA ARE POPULATION.

License Registered to: Pharmetheus AB
Expiration Date:    14 JAN 2023
Current Date:       23 NOV 2022
Days until program expires :  56
1NONLINEAR MIXED EFFECTS MODEL PROGRAM (NONMEM) VERSION 7.5.0
 ORIGINALLY DEVELOPED BY STUART BEAL, LEWIS SHEINER, AND ALISON BOECKMANN
 CURRENT DEVELOPERS ARE ROBERT BAUER, ICON DEVELOPMENT SOLUTIONS,
 AND ALISON BOECKMANN. IMPLEMENTATION, EFFICIENCY, AND STANDARDIZATION
 PERFORMED BY NOUS INFOSYSTEMS.

 PROBLEM NO.:         1
 run 1
0DATA CHECKOUT RUN:              NO
 DATA SET LOCATED ON UNIT NO.:    2
 THIS UNIT TO BE REWOUND:        NO
 NO. OF DATA RECS IN DATA SET:    34083
 NO. OF DATA ITEMS IN DATA SET:  38
 ID DATA ITEM IS DATA ITEM NO.:   2
 DEP VARIABLE IS DATA ITEM NO.:  10
 MDV DATA ITEM IS DATA ITEM NO.: 38
0INDICES PASSED TO SUBROUTINE PRED:
  11   5   7   8   0   0   0   0   0   0   0
0LABELS FOR DATA ITEMS:
 NO ID STUDYID TAD TIME DAY AMT RATE ODV DV EVID BLQ DOSE FOOD FORM TYPE WT HT LBWT BSA SEX RACE AGE AST ALT BILI CRCL BMI
 NCI GENO2 ETHNIC SMOK RACEL NCIL CLFREMCOV VFREMCOV MATFREMCOV MDV
0(NONBLANK) LABELS FOR PRED-DEFINED ITEMS:
 REPI
0FORMAT FOR DATA:
 (12(3E22.0/),1E22.0,1F2.0)

 TOT. NO. OF OBS RECS:     6335
 TOT. NO. OF INDIVIDUALS:      760
0LENGTH OF THETA:   7
0DEFAULT THETA BOUNDARY TEST OMITTED:    NO
0OMEGA HAS BLOCK FORM:
  1
  0  2
  0  0  3
  0  0  3  3
  0  0  3  3  3
0DEFAULT OMEGA BOUNDARY TEST OMITTED:    NO
0SIGMA HAS SIMPLE DIAGONAL FORM WITH DIMENSION:   1
0DEFAULT SIGMA BOUNDARY TEST OMITTED:    NO
0INITIAL ESTIMATE OF THETA:
 LOWER BOUND    INITIAL EST    UPPER BOUND
  0.1000E+01     0.1000E+01     0.1000E+01
  0.0000E+00     0.6162E+01     0.1000E+07
  0.0000E+00     0.1237E+03     0.1000E+07
  0.0000E+00     0.1849E+01     0.1000E+07
  0.0000E+00     0.6672E+00     0.1000E+07
 -0.1000E+01    -0.4853E-01     0.3000E+01
 -0.1000E+01     0.1235E+00     0.3000E+01
0INITIAL ESTIMATE OF OMEGA:
 BLOCK SET NO.   BLOCK                                                                    FIXED
        1                                                                                   NO
                  0.5597E-01
        2                                                                                  YES
                  0.1000E-03
        3                                                                                   NO
                  0.6528E-01
                  0.1976E-01   0.5299E-01
                  0.5260E-02   0.2398E-01   0.4117E-01
0INITIAL ESTIMATE OF SIGMA:
 0.3096E-01
0SIMULATION STEP OMITTED:    NO
 OBJ FUNC EVALUATED:         NO
 ORIGINAL DATA USED ON EACH NEW SIMULATION:         NO
 SEEDS RESET ON EACH NEW SUPERSET ITERATION:        YES
0SIMULATION RANDOM METHOD SELECTED (RANMETHOD): 4U
SEED   1 RESET TO INITIAL: YES
 SOURCE   1:
   SEED1:          1413   SEED2:             0   PSEUDO-NORMAL
 NUMBER OF SUBPROBLEMS:   50
0TABLES STEP OMITTED:    NO
 NO. OF TABLES:           1
 SEED NUMBER (SEED):    11456
 RANMETHOD:             3U
 MC SAMPLES (ESAMPLE):    300
 WRES SQUARE ROOT TYPE (WRESCHOL): EIGENVALUE
0-- TABLE   1 --
0RECORDS ONLY:    ALL
04 COLUMNS APPENDED:    YES
 PRINTED:                NO
 HEADERS:               ONE PER FILE
 FILE TO BE FORWARDED:   NO
 FORMAT:                S1PE11.4
 IDFORMAT:
 LFORMAT:
 RFORMAT:
 FIXED_EFFECT_ETAS:
0USER-CHOSEN ITEMS:
 REPI ID STUDYID TAD EVID
1DOUBLE PRECISION PREDPP VERSION 7.5.0

 ONE COMPARTMENT MODEL WITH FIRST-ORDER ABSORPTION (ADVAN2)
0MAXIMUM NO. OF BASIC PK PARAMETERS:   3
0BASIC PK PARAMETERS (AFTER TRANSLATION):
   ELIMINATION RATE (K) IS BASIC PK PARAMETER NO.:  1
   ABSORPTION RATE (KA) IS BASIC PK PARAMETER NO.:  3

 TRANSLATOR WILL CONVERT PARAMETERS
 CLEARANCE (CL) AND VOLUME (V) TO K (TRANS2)
0COMPARTMENT ATTRIBUTES
 COMPT. NO.   FUNCTION   INITIAL    ON/OFF      DOSE      DEFAULT    DEFAULT
                         STATUS     ALLOWED    ALLOWED    FOR DOSE   FOR OBS.
    1         DEPOT        OFF        YES        YES        YES        NO
    2         CENTRAL      ON         NO         YES        NO         YES
    3         OUTPUT       OFF        YES        NO         NO         NO
1
 ADDITIONAL PK PARAMETERS - ASSIGNMENT OF ROWS IN GG
 COMPT. NO.                             INDICES
              SCALE      BIOAVAIL.   ZERO-ORDER  ZERO-ORDER  ABSORB
                         FRACTION    RATE        DURATION    LAG
    1            *           5           *           4           *
    2            6           *           *           *           *
    3            *           -           -           -           -
             - PARAMETER IS NOT ALLOWED FOR THIS MODEL
             * PARAMETER IS NOT SUPPLIED BY PK SUBROUTINE;
               WILL DEFAULT TO ONE IF APPLICABLE
0DATA ITEM INDICES USED BY PRED ARE:
   EVENT ID DATA ITEM IS DATA ITEM NO.:     11
   TIME DATA ITEM IS DATA ITEM NO.:          5
   DOSE AMOUNT DATA ITEM IS DATA ITEM NO.:   7
   DOSE RATE DATA ITEM IS DATA ITEM NO.:     8

0PK SUBROUTINE CALLED WITH EVERY EVENT RECORD.
 PK SUBROUTINE NOT CALLED AT NONEVENT (ADDITIONAL OR LAGGED) DOSE TIMES.
0ERROR SUBROUTINE CALLED WITH EVERY EVENT RECORD.
0ERROR SUBROUTINE INDICATES THAT DERIVATIVES OF COMPARTMENT AMOUNTS ARE USED.
1
 PROBLEM NO.:           1      SUBPROBLEM NO.:           1

 SIMULATION STEP PERFORMED
 SOURCE  1:
    SEED1:    1997680488   SEED2:    1059439634
 Elapsed simulation  time in seconds:     0.14
 ESTIMATION STEP OMITTED:                 YES
 Elapsed finaloutput time in seconds:     0.78
  
1
 PROBLEM NO.:           1      SUBPROBLEM NO.:           2

 SIMULATION STEP PERFORMED
 SOURCE  1:
    SEED1:    1137947572   SEED2:             0
 Elapsed simulation  time in seconds:     0.17
 ESTIMATION STEP OMITTED:                 YES
 Elapsed finaloutput time in seconds:     0.66
  
1
 PROBLEM NO.:           1      SUBPROBLEM NO.:           3

 SIMULATION STEP PERFORMED
 SOURCE  1:
    SEED1:    1469576643   SEED2:   -1081512312
 Elapsed simulation  time in seconds:     0.25
 ESTIMATION STEP OMITTED:                 YES
 Elapsed finaloutput time in seconds:     0.68
  
1
 PROBLEM NO.:           1      SUBPROBLEM NO.:           4

 SIMULATION STEP PERFORMED
 SOURCE  1:
    SEED1:    1106664652   SEED2:             0
 Elapsed simulation  time in seconds:     0.30
 ESTIMATION STEP OMITTED:                 YES
 Elapsed finaloutput time in seconds:     0.69
  
1
 PROBLEM NO.:           1      SUBPROBLEM NO.:           5

 SIMULATION STEP PERFORMED
 SOURCE  1:
    SEED1:      99153304   SEED2:    1064387055
 Elapsed simulation  time in seconds:     0.27
 ESTIMATION STEP OMITTED:                 YES
 Elapsed finaloutput time in seconds:     0.68
  
1
 PROBLEM NO.:           1      SUBPROBLEM NO.:           6

 SIMULATION STEP PERFORMED
 SOURCE  1:
    SEED1:    1280140797   SEED2:             0
 Elapsed simulation  time in seconds:     0.28
 ESTIMATION STEP OMITTED:                 YES
 Elapsed finaloutput time in seconds:     0.66
  
1
 PROBLEM NO.:           1      SUBPROBLEM NO.:           7

 SIMULATION STEP PERFORMED
 SOURCE  1:
    SEED1:    2131560564   SEED2:    1072038056
 Elapsed simulation  time in seconds:     0.18
 ESTIMATION STEP OMITTED:                 YES
 Elapsed finaloutput time in seconds:     0.66
  
1
 PROBLEM NO.:           1      SUBPROBLEM NO.:           8

 SIMULATION STEP PERFORMED
 SOURCE  1:
    SEED1:    1002164885   SEED2:             0
 Elapsed simulation  time in seconds:     0.22
 ESTIMATION STEP OMITTED:                 YES
 Elapsed finaloutput time in seconds:     0.68
  
1
 PROBLEM NO.:           1      SUBPROBLEM NO.:           9

 SIMULATION STEP PERFORMED
 SOURCE  1:
    SEED1:     998618459   SEED2:   -1075054089
 Elapsed simulation  time in seconds:     0.18
 ESTIMATION STEP OMITTED:                 YES
 Elapsed finaloutput time in seconds:     0.66
  
1
 PROBLEM NO.:           1      SUBPROBLEM NO.:          10

 SIMULATION STEP PERFORMED
 SOURCE  1:
    SEED1:     676357695   SEED2:             0
 Elapsed simulation  time in seconds:     0.31
 ESTIMATION STEP OMITTED:                 YES
 Elapsed finaloutput time in seconds:     0.68
  
1
 PROBLEM NO.:           1      SUBPROBLEM NO.:          11

 SIMULATION STEP PERFORMED
 SOURCE  1:
    SEED1:     421773814   SEED2:    1050091901
 Elapsed simulation  time in seconds:     0.27
 ESTIMATION STEP OMITTED:                 YES
 Elapsed finaloutput time in seconds:     0.68
  
1
 PROBLEM NO.:           1      SUBPROBLEM NO.:          12

 SIMULATION STEP PERFORMED
 SOURCE  1:
    SEED1:     651714830   SEED2:             0
 Elapsed simulation  time in seconds:     0.31
 ESTIMATION STEP OMITTED:                 YES
 Elapsed finaloutput time in seconds:     0.66
  
1
 PROBLEM NO.:           1      SUBPROBLEM NO.:          13

 SIMULATION STEP PERFORMED
 SOURCE  1:
    SEED1:    2054714340   SEED2:    1059817935
 Elapsed simulation  time in seconds:     0.26
 ESTIMATION STEP OMITTED:                 YES
 Elapsed finaloutput time in seconds:     0.64
  
1
 PROBLEM NO.:           1      SUBPROBLEM NO.:          14

 SIMULATION STEP PERFORMED
 SOURCE  1:
    SEED1:    1487426972   SEED2:             0
 Elapsed simulation  time in seconds:     0.26
 ESTIMATION STEP OMITTED:                 YES
 Elapsed finaloutput time in seconds:     0.66
  
1
 PROBLEM NO.:           1      SUBPROBLEM NO.:          15

 SIMULATION STEP PERFORMED
 SOURCE  1:
    SEED1:     169547778   SEED2:    1065774581
 Elapsed simulation  time in seconds:     0.21
 ESTIMATION STEP OMITTED:                 YES
 Elapsed finaloutput time in seconds:     0.66
  
1
 PROBLEM NO.:           1      SUBPROBLEM NO.:          16

 SIMULATION STEP PERFORMED
 SOURCE  1:
    SEED1:    1960889391   SEED2:             0
 Elapsed simulation  time in seconds:     0.19
 ESTIMATION STEP OMITTED:                 YES
 Elapsed finaloutput time in seconds:     0.67
  
1
 PROBLEM NO.:           1      SUBPROBLEM NO.:          17

 SIMULATION STEP PERFORMED
 SOURCE  1:
    SEED1:     796019419   SEED2:   -1092841651
 Elapsed simulation  time in seconds:     0.21
 ESTIMATION STEP OMITTED:                 YES
 Elapsed finaloutput time in seconds:     0.68
  
1
 PROBLEM NO.:           1      SUBPROBLEM NO.:          18

 SIMULATION STEP PERFORMED
 SOURCE  1:
    SEED1:      50753175   SEED2:             0
 Elapsed simulation  time in seconds:     0.21
 ESTIMATION STEP OMITTED:                 YES
 Elapsed finaloutput time in seconds:     0.68
  
1
 PROBLEM NO.:           1      SUBPROBLEM NO.:          19

 SIMULATION STEP PERFORMED
 SOURCE  1:
    SEED1:    2107628532   SEED2:    1058175916
 Elapsed simulation  time in seconds:     0.27
 ESTIMATION STEP OMITTED:                 YES
 Elapsed finaloutput time in seconds:     0.68
  
1
 PROBLEM NO.:           1      SUBPROBLEM NO.:          20

 SIMULATION STEP PERFORMED
 SOURCE  1:
    SEED1:    1804921025   SEED2:             0
 Elapsed simulation  time in seconds:     0.19
 ESTIMATION STEP OMITTED:                 YES
 Elapsed finaloutput time in seconds:     0.67
  
1
 PROBLEM NO.:           1      SUBPROBLEM NO.:          21

 SIMULATION STEP PERFORMED
 SOURCE  1:
    SEED1:     749309576   SEED2:   -1093332874
 Elapsed simulation  time in seconds:     0.18
 ESTIMATION STEP OMITTED:                 YES
 Elapsed finaloutput time in seconds:     0.67
  
1
 PROBLEM NO.:           1      SUBPROBLEM NO.:          22

 SIMULATION STEP PERFORMED
 SOURCE  1:
    SEED1:    1104405412   SEED2:             0
 Elapsed simulation  time in seconds:     0.19
 ESTIMATION STEP OMITTED:                 YES
 Elapsed finaloutput time in seconds:     0.64
  
1
 PROBLEM NO.:           1      SUBPROBLEM NO.:          23

 SIMULATION STEP PERFORMED
 SOURCE  1:
    SEED1:       7974703   SEED2:    1070476300
 Elapsed simulation  time in seconds:     0.19
 ESTIMATION STEP OMITTED:                 YES
 Elapsed finaloutput time in seconds:     0.65
  
1
 PROBLEM NO.:           1      SUBPROBLEM NO.:          24

 SIMULATION STEP PERFORMED
 SOURCE  1:
    SEED1:    1295255800   SEED2:             0
 Elapsed simulation  time in seconds:     0.19
 ESTIMATION STEP OMITTED:                 YES
 Elapsed finaloutput time in seconds:     0.67
  
1
 PROBLEM NO.:           1      SUBPROBLEM NO.:          25

 SIMULATION STEP PERFORMED
 SOURCE  1:
    SEED1:    1504939322   SEED2:   -1091643886
 Elapsed simulation  time in seconds:     0.20
 ESTIMATION STEP OMITTED:                 YES
 Elapsed finaloutput time in seconds:     0.72
  
1
 PROBLEM NO.:           1      SUBPROBLEM NO.:          26

 SIMULATION STEP PERFORMED
 SOURCE  1:
    SEED1:    1684325320   SEED2:             0
 Elapsed simulation  time in seconds:     0.20
 ESTIMATION STEP OMITTED:                 YES
 Elapsed finaloutput time in seconds:     0.64
  
1
 PROBLEM NO.:           1      SUBPROBLEM NO.:          27

 SIMULATION STEP PERFORMED
 SOURCE  1:
    SEED1:    1932838971   SEED2:    1075286999
 Elapsed simulation  time in seconds:     0.21
 ESTIMATION STEP OMITTED:                 YES
 Elapsed finaloutput time in seconds:     0.67
  
1
 PROBLEM NO.:           1      SUBPROBLEM NO.:          28

 SIMULATION STEP PERFORMED
 SOURCE  1:
    SEED1:     717238288   SEED2:             0
 Elapsed simulation  time in seconds:     0.20
 ESTIMATION STEP OMITTED:                 YES
 Elapsed finaloutput time in seconds:     0.64
  
1
 PROBLEM NO.:           1      SUBPROBLEM NO.:          29

 SIMULATION STEP PERFORMED
 SOURCE  1:
    SEED1:     813472868   SEED2:   -1086305978
 Elapsed simulation  time in seconds:     0.18
 ESTIMATION STEP OMITTED:                 YES
 Elapsed finaloutput time in seconds:     0.67
  
1
 PROBLEM NO.:           1      SUBPROBLEM NO.:          30

 SIMULATION STEP PERFORMED
 SOURCE  1:
    SEED1:    1826289359   SEED2:             0
 Elapsed simulation  time in seconds:     0.18
 ESTIMATION STEP OMITTED:                 YES
 Elapsed finaloutput time in seconds:     0.66
  
1
 PROBLEM NO.:           1      SUBPROBLEM NO.:          31

 SIMULATION STEP PERFORMED
 SOURCE  1:
    SEED1:    1951109281   SEED2:    1059990143
 Elapsed simulation  time in seconds:     0.20
 ESTIMATION STEP OMITTED:                 YES
 Elapsed finaloutput time in seconds:     0.64
  
1
 PROBLEM NO.:           1      SUBPROBLEM NO.:          32

 SIMULATION STEP PERFORMED
 SOURCE  1:
    SEED1:    1504509345   SEED2:             0
 Elapsed simulation  time in seconds:     0.26
 ESTIMATION STEP OMITTED:                 YES
 Elapsed finaloutput time in seconds:     0.65
  
1
 PROBLEM NO.:           1      SUBPROBLEM NO.:          33

 SIMULATION STEP PERFORMED
 SOURCE  1:
    SEED1:    1935287873   SEED2:    1048890216
 Elapsed simulation  time in seconds:     0.29
 ESTIMATION STEP OMITTED:                 YES
 Elapsed finaloutput time in seconds:     0.66
  
1
 PROBLEM NO.:           1      SUBPROBLEM NO.:          34

 SIMULATION STEP PERFORMED
 SOURCE  1:
    SEED1:    1894830344   SEED2:             0
 Elapsed simulation  time in seconds:     0.18
 ESTIMATION STEP OMITTED:                 YES
 Elapsed finaloutput time in seconds:     0.67
  
1
 PROBLEM NO.:           1      SUBPROBLEM NO.:          35

 SIMULATION STEP PERFORMED
 SOURCE  1:
    SEED1:    1404059836   SEED2:   -1082099525
 Elapsed simulation  time in seconds:     0.24
 ESTIMATION STEP OMITTED:                 YES
 Elapsed finaloutput time in seconds:     0.67
  
1
 PROBLEM NO.:           1      SUBPROBLEM NO.:          36

 SIMULATION STEP PERFORMED
 SOURCE  1:
    SEED1:     227696665   SEED2:             0
 Elapsed simulation  time in seconds:     0.18
 ESTIMATION STEP OMITTED:                 YES
 Elapsed finaloutput time in seconds:     0.67
  
1
 PROBLEM NO.:           1      SUBPROBLEM NO.:          37

 SIMULATION STEP PERFORMED
 SOURCE  1:
    SEED1:     657511215   SEED2:   -1090237688
 Elapsed simulation  time in seconds:     0.17
 ESTIMATION STEP OMITTED:                 YES
 Elapsed finaloutput time in seconds:     0.65
  
1
 PROBLEM NO.:           1      SUBPROBLEM NO.:          38

 SIMULATION STEP PERFORMED
 SOURCE  1:
    SEED1:     286232729   SEED2:             0
 Elapsed simulation  time in seconds:     0.25
 ESTIMATION STEP OMITTED:                 YES
 Elapsed finaloutput time in seconds:     0.68
  
1
 PROBLEM NO.:           1      SUBPROBLEM NO.:          39

 SIMULATION STEP PERFORMED
 SOURCE  1:
    SEED1:    1600775551   SEED2:   -1151516566
 Elapsed simulation  time in seconds:     0.18
 ESTIMATION STEP OMITTED:                 YES
 Elapsed finaloutput time in seconds:     0.66
  
1
 PROBLEM NO.:           1      SUBPROBLEM NO.:          40

 SIMULATION STEP PERFORMED
 SOURCE  1:
    SEED1:      82487330   SEED2:             0
 Elapsed simulation  time in seconds:     0.23
 ESTIMATION STEP OMITTED:                 YES
 Elapsed finaloutput time in seconds:     0.65
  
1
 PROBLEM NO.:           1      SUBPROBLEM NO.:          41

 SIMULATION STEP PERFORMED
 SOURCE  1:
    SEED1:    1746933988   SEED2:    1056566031
 Elapsed simulation  time in seconds:     0.18
 ESTIMATION STEP OMITTED:                 YES
 Elapsed finaloutput time in seconds:     0.66
  
1
 PROBLEM NO.:           1      SUBPROBLEM NO.:          42

 SIMULATION STEP PERFORMED
 SOURCE  1:
    SEED1:    1541143228   SEED2:             0
 Elapsed simulation  time in seconds:     0.17
 ESTIMATION STEP OMITTED:                 YES
 Elapsed finaloutput time in seconds:     0.67
  
1
 PROBLEM NO.:           1      SUBPROBLEM NO.:          43

 SIMULATION STEP PERFORMED
 SOURCE  1:
    SEED1:    1764671867   SEED2:    1060314453
 Elapsed simulation  time in seconds:     0.18
 ESTIMATION STEP OMITTED:                 YES
 Elapsed finaloutput time in seconds:     0.67
  
1
 PROBLEM NO.:           1      SUBPROBLEM NO.:          44

 SIMULATION STEP PERFORMED
 SOURCE  1:
    SEED1:     466444842   SEED2:             0
 Elapsed simulation  time in seconds:     0.30
 ESTIMATION STEP OMITTED:                 YES
 Elapsed finaloutput time in seconds:     0.66
  
1
 PROBLEM NO.:           1      SUBPROBLEM NO.:          45

 SIMULATION STEP PERFORMED
 SOURCE  1:
    SEED1:    1460618432   SEED2:   -1092596257
 Elapsed simulation  time in seconds:     0.38
 ESTIMATION STEP OMITTED:                 YES
 Elapsed finaloutput time in seconds:     0.65
  
1
 PROBLEM NO.:           1      SUBPROBLEM NO.:          46

 SIMULATION STEP PERFORMED
 SOURCE  1:
    SEED1:     892474251   SEED2:             0
 Elapsed simulation  time in seconds:     0.27
 ESTIMATION STEP OMITTED:                 YES
 Elapsed finaloutput time in seconds:     0.68
  
1
 PROBLEM NO.:           1      SUBPROBLEM NO.:          47

 SIMULATION STEP PERFORMED
 SOURCE  1:
    SEED1:    1577511748   SEED2:   -1104196545
 Elapsed simulation  time in seconds:     0.27
 ESTIMATION STEP OMITTED:                 YES
 Elapsed finaloutput time in seconds:     0.67
  
1
 PROBLEM NO.:           1      SUBPROBLEM NO.:          48

 SIMULATION STEP PERFORMED
 SOURCE  1:
    SEED1:    1185490542   SEED2:             0
 Elapsed simulation  time in seconds:     0.25
 ESTIMATION STEP OMITTED:                 YES
 Elapsed finaloutput time in seconds:     0.68
  
1
 PROBLEM NO.:           1      SUBPROBLEM NO.:          49

 SIMULATION STEP PERFORMED
 SOURCE  1:
    SEED1:    1580148240   SEED2:   -1110382706
 Elapsed simulation  time in seconds:     0.20
 ESTIMATION STEP OMITTED:                 YES
 Elapsed finaloutput time in seconds:     0.79
  
1
 PROBLEM NO.:           1      SUBPROBLEM NO.:          50

 SIMULATION STEP PERFORMED
 SOURCE  1:
    SEED1:    1562559743   SEED2:             0
 Elapsed simulation  time in seconds:     0.19
 ESTIMATION STEP OMITTED:                 YES
 Elapsed finaloutput time in seconds:     0.66
 #CPUT: Total CPU Time in Seconds,       63.007
Stop Time:
Wed Nov 23 16:09:49 CET 2022
