Wed Nov 23 12:57:43 CET 2022
;; 1. Based on: 25
;; 2. Description:
;;    New simulated data set
;; 3. Label:
;;    SimVal base model
;------------------------------------------------------------------------------
$PROBLEM    run 1
$INPUT      NO ID STUDYID TAD TIME DAY AMT RATE ODV DV EVID BLQ DOSE
            FOOD FORM TYPE WT HT LBWT BSA SEX RACE AGE AST ALT BILI
            CRCL BMI NCI GENO2 ETHNIC SMOK RACEL NCIL
$DATA      DAT-2-MI-PMX-2-onlyTYPE2-new.csv IGNORE=@ IGNORE(BLQ.EQN.1)
$SUBROUTINE ADVAN2 TRANS2
$PK
;;; MATFOOD-DEFINITION START
IF(FOOD.EQ.1) MATFOOD = 1  ; Most common
IF(FOOD.EQ.0) MATFOOD = ( 1 + THETA(6))
;;; MATFOOD-DEFINITION END

;;; MAT-RELATION START
MATCOVTIME = MATFOOD
;;; MAT-RELATION END


;;; FRELFOOD-DEFINITION START
IF(FOOD.EQ.1) FRELFOOD = 1  ; Most common
IF(FOOD.EQ.0) FRELFOOD = ( 1 + THETA(7))
;;; FRELFOOD-DEFINITION END

;;; FREL-RELATION START
FRELCOVTIME = FRELFOOD
;;; FREL-RELATION END

TVFREL  = THETA(1)
TVCL    = THETA(2)
TVV     = THETA(3)
TVMAT   = THETA(4)
TVD1    = THETA(5)

;MU_1  = LOG(TVRUV)
MU_2  = TVD1
MU_3  = LOG(TVCL)
MU_4  = LOG(TVV)
MU_5  = LOG(TVMAT)

D1FR  = MU_2                   + ETA(2)
FREL  = TVFREL*FRELCOVTIME
CL    = EXP(MU_3               + ETA(3))
V     = EXP(MU_4               + ETA(4))
MAT   = MATCOVTIME * EXP(MU_5  + ETA(5))
D1    = MAT*(1-D1FR)

F1    = FREL
KA    = 1 / (MAT-D1)
S2    = V

$ERROR
CP    = A(2)*1000 / V
IPRED = LOG(CP + 0.00001)
Y     = IPRED + EPS(1) * EXP(ETA(1))

$THETA  1 FIX ; 1. TVFREL
$THETA  (0,7.62228) ; 2. TVCL
$THETA  (0,147.899) ; 3. TVV
$THETA  (0,2.10108) ; 4. TVMAT
$THETA  (0,0.68089) ; 5. D1
$THETA  (-1.00,-0.0800943,3.00) ; 6. FRELFOOD1
$THETA  (-1.00,0.115625,3.00) ; 7. MATFOOD1
$OMEGA  0.116842  ; 1. IIV on RUV
$OMEGA  0.0001  FIX  ; 2. IIV on D1
$OMEGA  BLOCK(3)
 0.488192  ; 3. IIV on CL
 0.270746 0.655494  ; 4. IIV on V
 -0.025678 0.0206116 0.157579  ; 5. IIV on MAT
$SIGMA  0.0321471  ;     1. RUV
$ESTIMATION METHOD=IMPMAP AUTO=1 RANMETHOD=3P INTER NOABORT PRINT=1
            NOCOV=1 ISAMPEND=100 NITER=50 ISAMPLE=300
$ESTIMATION METHOD=IMPMAP INTER EONLY=1 NITER=50 ISAMPLE=10000 NOCOV=0
            PHITYPE=1
;$COVARIANCE PRINT=E MATRIX=S UNCONDITIONAL
$TABLE      NO ID STUDYID TAD TIME DAY AMT RATE ODV DV EVID BLQ DOSE
            FOOD FORM TYPE WT HT LBWT BSA SEX RACE AGE AST ALT BILI
            CRCL BMI NCI GENO2 ETHNIC SMOK RACE NCIL CPRED CIPREDI
            CWRES CIWRES ETAS(1:LAST) NOPRINT ONEHEADER FILE=xptab30


NM-TRAN MESSAGES
  
 WARNINGS AND ERRORS (IF ANY) FOR PROBLEM    1
             
 (WARNING  2) NM-TRAN INFERS THAT THE DATA ARE POPULATION.

License Registered to: Pharmetheus AB
Expiration Date:    14 JAN 2023
Current Date:       23 NOV 2022
Days until program expires :  56
1NONLINEAR MIXED EFFECTS MODEL PROGRAM (NONMEM) VERSION 7.5.0
 ORIGINALLY DEVELOPED BY STUART BEAL, LEWIS SHEINER, AND ALISON BOECKMANN
 CURRENT DEVELOPERS ARE ROBERT BAUER, ICON DEVELOPMENT SOLUTIONS,
 AND ALISON BOECKMANN. IMPLEMENTATION, EFFICIENCY, AND STANDARDIZATION
 PERFORMED BY NOUS INFOSYSTEMS.

 PROBLEM NO.:         1
 run 1
0DATA CHECKOUT RUN:              NO
 DATA SET LOCATED ON UNIT NO.:    2
 THIS UNIT TO BE REWOUND:        NO
 NO. OF DATA RECS IN DATA SET:    34083
 NO. OF DATA ITEMS IN DATA SET:  35
 ID DATA ITEM IS DATA ITEM NO.:   2
 DEP VARIABLE IS DATA ITEM NO.:  10
 MDV DATA ITEM IS DATA ITEM NO.: 35
0INDICES PASSED TO SUBROUTINE PRED:
  11   5   7   8   0   0   0   0   0   0   0
0LABELS FOR DATA ITEMS:
 NO ID STUDYID TAD TIME DAY AMT RATE ODV DV EVID BLQ DOSE FOOD FORM TYPE WT HT LBWT BSA SEX RACE AGE AST ALT BILI CRCL BMI
 NCI GENO2 ETHNIC SMOK RACEL NCIL MDV
0FORMAT FOR DATA:
 (8(4E17.0/),2E17.0,1F2.0)

 TOT. NO. OF OBS RECS:     6335
 TOT. NO. OF INDIVIDUALS:      760
0LENGTH OF THETA:   7
0DEFAULT THETA BOUNDARY TEST OMITTED:    NO
0OMEGA HAS BLOCK FORM:
  1
  0  2
  0  0  3
  0  0  3  3
  0  0  3  3  3
0DEFAULT OMEGA BOUNDARY TEST OMITTED:    NO
0SIGMA HAS SIMPLE DIAGONAL FORM WITH DIMENSION:   1
0DEFAULT SIGMA BOUNDARY TEST OMITTED:    NO
0INITIAL ESTIMATE OF THETA:
 LOWER BOUND    INITIAL EST    UPPER BOUND
  0.1000E+01     0.1000E+01     0.1000E+01
  0.0000E+00     0.7622E+01     0.1000E+07
  0.0000E+00     0.1479E+03     0.1000E+07
  0.0000E+00     0.2101E+01     0.1000E+07
  0.0000E+00     0.6809E+00     0.1000E+07
 -0.1000E+01    -0.8009E-01     0.3000E+01
 -0.1000E+01     0.1156E+00     0.3000E+01
0INITIAL ESTIMATE OF OMEGA:
 BLOCK SET NO.   BLOCK                                                                    FIXED
        1                                                                                   NO
                  0.1168E+00
        2                                                                                  YES
                  0.1000E-03
        3                                                                                   NO
                  0.4882E+00
                  0.2707E+00   0.6555E+00
                 -0.2568E-01   0.2061E-01   0.1576E+00
0INITIAL ESTIMATE OF SIGMA:
 0.3215E-01
0TABLES STEP OMITTED:    NO
 NO. OF TABLES:           1
 SEED NUMBER (SEED):    11456
 RANMETHOD:             3U
 MC SAMPLES (ESAMPLE):    300
 WRES SQUARE ROOT TYPE (WRESCHOL): EIGENVALUE
0-- TABLE   1 --
0RECORDS ONLY:    ALL
04 COLUMNS APPENDED:    YES
 PRINTED:                NO
 HEADERS:               ONE
 FILE TO BE FORWARDED:   NO
 FORMAT:                S1PE11.4
 IDFORMAT:
 LFORMAT:
 RFORMAT:
 FIXED_EFFECT_ETAS:
0USER-CHOSEN ITEMS:
 NO ID STUDYID TAD TIME DAY AMT RATE ODV DV EVID BLQ DOSE FOOD FORM TYPE WT HT LBWT BSA SEX RACE AGE AST ALT BILI CRCL BMI
 NCI GENO2 ETHNIC SMOK RACE NCIL CPRED CIPREDI CWRES CIWRES ETA1 ETA2 ETA3 ETA4 ETA5
1DOUBLE PRECISION PREDPP VERSION 7.5.0

 ONE COMPARTMENT MODEL WITH FIRST-ORDER ABSORPTION (ADVAN2)
0MAXIMUM NO. OF BASIC PK PARAMETERS:   3
0BASIC PK PARAMETERS (AFTER TRANSLATION):
   ELIMINATION RATE (K) IS BASIC PK PARAMETER NO.:  1
   ABSORPTION RATE (KA) IS BASIC PK PARAMETER NO.:  3

 TRANSLATOR WILL CONVERT PARAMETERS
 CLEARANCE (CL) AND VOLUME (V) TO K (TRANS2)
0COMPARTMENT ATTRIBUTES
 COMPT. NO.   FUNCTION   INITIAL    ON/OFF      DOSE      DEFAULT    DEFAULT
                         STATUS     ALLOWED    ALLOWED    FOR DOSE   FOR OBS.
    1         DEPOT        OFF        YES        YES        YES        NO
    2         CENTRAL      ON         NO         YES        NO         YES
    3         OUTPUT       OFF        YES        NO         NO         NO
1
 ADDITIONAL PK PARAMETERS - ASSIGNMENT OF ROWS IN GG
 COMPT. NO.                             INDICES
              SCALE      BIOAVAIL.   ZERO-ORDER  ZERO-ORDER  ABSORB
                         FRACTION    RATE        DURATION    LAG
    1            *           5           *           4           *
    2            6           *           *           *           *
    3            *           -           -           -           -
             - PARAMETER IS NOT ALLOWED FOR THIS MODEL
             * PARAMETER IS NOT SUPPLIED BY PK SUBROUTINE;
               WILL DEFAULT TO ONE IF APPLICABLE
0DATA ITEM INDICES USED BY PRED ARE:
   EVENT ID DATA ITEM IS DATA ITEM NO.:     11
   TIME DATA ITEM IS DATA ITEM NO.:          5
   DOSE AMOUNT DATA ITEM IS DATA ITEM NO.:   7
   DOSE RATE DATA ITEM IS DATA ITEM NO.:     8

0PK SUBROUTINE CALLED WITH EVERY EVENT RECORD.
 PK SUBROUTINE NOT CALLED AT NONEVENT (ADDITIONAL OR LAGGED) DOSE TIMES.
0ERROR SUBROUTINE CALLED WITH EVERY EVENT RECORD.
0ERROR SUBROUTINE INDICATES THAT DERIVATIVES OF COMPARTMENT AMOUNTS ARE USED.

 #PARA: PARAFILE=/usr/local/arch/nonmem/nonmem-7.5.0g75om31/run/mpilinux8.pnm, PROTOCOL=MPI, NODES= 12

1


 #TBLN:      1
 #METH: Importance Sampling assisted by MAP Estimation (No Prior)

 ESTIMATION STEP OMITTED:                 NO
 ANALYSIS TYPE:                           POPULATION
 NUMBER OF SADDLE POINT RESET ITERATIONS:      0
 GRADIENT METHOD USED:               NOSLOW
 CONDITIONAL ESTIMATES USED:              YES
 CENTERED ETA:                            NO
 EPS-ETA INTERACTION:                     YES
 LAPLACIAN OBJ. FUNC.:                    NO
 NO. OF FUNCT. EVALS. ALLOWED:            960
 NO. OF SIG. FIGURES REQUIRED:            3
 INTERMEDIATE PRINTOUT:                   YES
 ESTIMATE OUTPUT TO MSF:                  NO
 ABORT WITH PRED EXIT CODE 1:             NO
 IND. OBJ. FUNC. VALUES SORTED:           NO
 NUMERICAL DERIVATIVE
       FILE REQUEST (NUMDER):               NONE
 MAP (ETAHAT) ESTIMATION METHOD (OPTMAP):   0
 ETA HESSIAN EVALUATION METHOD (ETADER):    0
 INITIAL ETA FOR MAP ESTIMATION (MCETA):    3
 SIGDIGITS FOR MAP ESTIMATION (SIGLO):      100
 GRADIENT SIGDIGITS OF
       FIXED EFFECTS PARAMETERS (SIGL):     100
 NOPRIOR SETTING (NOPRIOR):                 1
 NOCOV SETTING (NOCOV):                     ON
 DERCONT SETTING (DERCONT):                 OFF
 FINAL ETA RE-EVALUATION (FNLETA):          1
 EXCLUDE NON-INFLUENTIAL (NON-INFL.) ETAS
       IN SHRINKAGE (ETASTYPE):             NO
 NON-INFL. ETA CORRECTION (NONINFETA):      0
 RAW OUTPUT FILE (FILE): psn.ext
 EXCLUDE TITLE (NOTITLE):                   NO
 EXCLUDE COLUMN LABELS (NOLABEL):           NO
 FORMAT FOR ADDITIONAL FILES (FORMAT):      S1PE12.5
 PARAMETER ORDER FOR OUTPUTS (ORDER):       TSOL
 KNUTHSUMOFF:                               0
 INCLUDE LNTWOPI:                           NO
 INCLUDE CONSTANT TERM TO PRIOR (PRIORC):   NO
 INCLUDE CONSTANT TERM TO OMEGA (ETA) (OLNTWOPI):NO
 EM OR BAYESIAN METHOD USED:                IMPORTANCE SAMPLING ASSISTED BY MAP ESTIMATION (IMPMAP)
 MU MODELING PATTERN (MUM):
 GRADIENT/GIBBS PATTERN (GRD):
 AUTOMATIC SETTING FEATURE (AUTO):          1
 CONVERGENCE TYPE (CTYPE):                  3
 CONVERGENCE INTERVAL (CINTERVAL):          1
 CONVERGENCE ITERATIONS (CITER):            10
 CONVERGENCE ALPHA ERROR (CALPHA):          5.000000000000000E-02
 ITERATIONS (NITER):                        50
 ANNEAL SETTING (CONSTRAIN):                 1
 STARTING SEED FOR MC METHODS (SEED):       11456
 MC SAMPLES PER SUBJECT (ISAMPLE):          300
 RANDOM SAMPLING METHOD (RANMETHOD):        3UP
 EXPECTATION ONLY (EONLY):                  0
 PROPOSAL DENSITY SCALING RANGE
              (ISCALE_MIN, ISCALE_MAX):     0.100000000000000       ,10.0000000000000
 SAMPLE ACCEPTANCE RATE (IACCEPT):          0.00000000000000
 LONG TAIL SAMPLE ACCEPT. RATE (IACCEPTL):   0.00000000000000
 T-DIST. PROPOSAL DENSITY (DF):             0
 NO. ITERATIONS FOR MAP (MAPITER):          1
 INTERVAL ITER. FOR MAP (MAPINTER):         0
 MAP COVARIANCE/MODE SETTING (MAPCOV):      1
 Gradient Quick Value (GRDQ):               0.00000000000000


 THE FOLLOWING LABELS ARE EQUIVALENT
 PRED=PREDI
 RES=RESI
 WRES=WRESI
 IWRS=IWRESI
 IPRD=IPREDI
 IRS=IRESI

 EM/BAYES SETUP:
 THETAS THAT ARE MU MODELED:
   2   3   4   5
 THETAS THAT ARE SIGMA-LIKE:
 

 MONITORING OF SEARCH:

 iteration            0  OBJ=  -9398.1860920173076 eff.=     394. Smpl.=     300. Fit.= 0.96634
 iteration            1  OBJ=  -10282.827386985622 eff.=     104. Smpl.=     300. Fit.= 0.91297
 iteration            2  OBJ=  -10368.888816103316 eff.=      93. Smpl.=     300. Fit.= 0.90815
 iteration            3  OBJ=  -10398.521685816186 eff.=      84. Smpl.=     300. Fit.= 0.90271
 iteration            4  OBJ=  -10412.312838035828 eff.=      77. Smpl.=     300. Fit.= 0.89936
 iteration            5  OBJ=  -10425.372360522284 eff.=      73. Smpl.=     300. Fit.= 0.89667
 iteration            6  OBJ=  -10429.854702764213 eff.=      69. Smpl.=     300. Fit.= 0.89390
 iteration            7  OBJ=  -10432.358146894790 eff.=      67. Smpl.=     300. Fit.= 0.89281
 iteration            8  OBJ=  -10437.688316225112 eff.=      66. Smpl.=     300. Fit.= 0.89247
 iteration            9  OBJ=  -10431.260749090588 eff.=      65. Smpl.=     300. Fit.= 0.89301
 iteration           10  OBJ=  -10438.155282789623 eff.=      66. Smpl.=     300. Fit.= 0.89275
 iteration           11  OBJ=  -10443.569336961611 eff.=      65. Smpl.=     300. Fit.= 0.89206
 iteration           12  OBJ=  -10436.226881926279 eff.=      64. Smpl.=     300. Fit.= 0.89203
 iteration           13  OBJ=  -10437.596855867010 eff.=      65. Smpl.=     300. Fit.= 0.89252
 iteration           14  OBJ=  -10440.972629608581 eff.=      66. Smpl.=     300. Fit.= 0.89312
 iteration           15  OBJ=  -10439.085643311815 eff.=      66. Smpl.=     300. Fit.= 0.89342
 iteration           16  OBJ=  -10445.200686693217 eff.=      66. Smpl.=     300. Fit.= 0.89323
 iteration           17  OBJ=  -10447.319948154078 eff.=      66. Smpl.=     300. Fit.= 0.89371
 iteration           18  OBJ=  -10442.848935869595 eff.=      67. Smpl.=     300. Fit.= 0.89465
 iteration           19  OBJ=  -10448.485786195270 eff.=      68. Smpl.=     300. Fit.= 0.89485
 iteration           20  OBJ=  -10448.833458272273 eff.=      68. Smpl.=     300. Fit.= 0.89508
 iteration           21  OBJ=  -10441.556972835904 eff.=      69. Smpl.=     300. Fit.= 0.89629
 iteration           22  OBJ=  -10446.151306879081 eff.=      70. Smpl.=     300. Fit.= 0.89683
 iteration           23  OBJ=  -10441.231443662875 eff.=      69. Smpl.=     300. Fit.= 0.89634
 iteration           24  OBJ=  -10447.140946865540 eff.=      71. Smpl.=     300. Fit.= 0.89719
 iteration           25  OBJ=  -10446.902060863149 eff.=      71. Smpl.=     300. Fit.= 0.89721
 iteration           26  OBJ=  -10440.278691617941 eff.=      71. Smpl.=     300. Fit.= 0.89777
 iteration           27  OBJ=  -10445.509461031861 eff.=      71. Smpl.=     300. Fit.= 0.89801
 iteration           28  OBJ=  -10447.347332562669 eff.=      71. Smpl.=     300. Fit.= 0.89768
 iteration           29  OBJ=  -10445.518327932376 eff.=      71. Smpl.=     300. Fit.= 0.89748
 iteration           30  OBJ=  -10450.025993993397 eff.=      71. Smpl.=     300. Fit.= 0.89729
 iteration           31  OBJ=  -10444.766110284958 eff.=      71. Smpl.=     300. Fit.= 0.89788
 iteration           32  OBJ=  -10447.849516349792 eff.=      71. Smpl.=     300. Fit.= 0.89753
 iteration           33  OBJ=  -10446.224280825138 eff.=      71. Smpl.=     300. Fit.= 0.89799
 iteration           34  OBJ=  -10444.452385343830 eff.=      71. Smpl.=     300. Fit.= 0.89776
 iteration           35  OBJ=  -10441.282517785037 eff.=      71. Smpl.=     300. Fit.= 0.89837
 iteration           36  OBJ=  -10451.295046546757 eff.=      73. Smpl.=     300. Fit.= 0.89872
 iteration           37  OBJ=  -10442.861796470459 eff.=      72. Smpl.=     300. Fit.= 0.89855
 iteration           38  OBJ=  -10440.787836820908 eff.=      72. Smpl.=     300. Fit.= 0.89869
 iteration           39  OBJ=  -10448.794385970166 eff.=      72. Smpl.=     300. Fit.= 0.89890
 iteration           40  OBJ=  -10446.718544391759 eff.=      73. Smpl.=     300. Fit.= 0.89912
 iteration           41  OBJ=  -10444.270256625396 eff.=      73. Smpl.=     300. Fit.= 0.89964
 iteration           42  OBJ=  -10445.400250376508 eff.=      74. Smpl.=     300. Fit.= 0.90014
 iteration           43  OBJ=  -10452.303505445152 eff.=      74. Smpl.=     300. Fit.= 0.90002
 iteration           44  OBJ=  -10446.433689628760 eff.=      74. Smpl.=     300. Fit.= 0.90046
 iteration           45  OBJ=  -10453.776309961484 eff.=      76. Smpl.=     300. Fit.= 0.90101
 iteration           46  OBJ=  -10448.519357146259 eff.=      75. Smpl.=     300. Fit.= 0.90077
 iteration           47  OBJ=  -10443.171135306917 eff.=      74. Smpl.=     300. Fit.= 0.90083
 iteration           48  OBJ=  -10450.106144568072 eff.=      75. Smpl.=     300. Fit.= 0.90080
 iteration           49  OBJ=  -10448.134105788215 eff.=      74. Smpl.=     300. Fit.= 0.90028
 iteration           50  OBJ=  -10449.649990224812 eff.=      74. Smpl.=     300. Fit.= 0.90047

 #TERM:
 OPTIMIZATION WAS NOT COMPLETED


 ETABAR IS THE ARITHMETIC MEAN OF THE ETA-ESTIMATES,
 AND THE P-VALUE IS GIVEN FOR THE NULL HYPOTHESIS THAT THE TRUE MEAN IS 0.

 ETABAR:         7.2101E-05 -7.3480E-05 -1.8124E-04 -4.1650E-04  5.5467E-05
 SE:             4.9372E-03  3.3009E-05  1.5502E-02  1.5216E-02  5.0547E-03
 N:                     730         730         730         730         730

 P VAL.:         9.8835E-01  2.6008E-02  9.9067E-01  9.7816E-01  9.9124E-01

 ETASHRINKSD(%)  4.3052E+01  9.1075E+01  2.0529E+00  8.1345E+00  3.6973E+01
 ETASHRINKVR(%)  6.7569E+01  9.9204E+01  4.0637E+00  1.5607E+01  6.0276E+01
 EBVSHRINKSD(%)  4.2588E+01  9.2354E+01  2.0736E+00  8.0831E+00  3.7101E+01
 EBVSHRINKVR(%)  6.7039E+01  9.9415E+01  4.1041E+00  1.5513E+01  6.0437E+01
 RELATIVEINF(%)  3.2953E+01  5.5595E-01  1.0000E+02  6.0707E+01  2.7137E+01
 EPSSHRINKSD(%)  1.4441E+01
 EPSSHRINKVR(%)  2.6797E+01

  
 TOTAL DATA POINTS NORMALLY DISTRIBUTED (N):         6335
 N*LOG(2PI) CONSTANT TO OBJECTIVE FUNCTION:    11642.951215703202     
 OBJECTIVE FUNCTION VALUE WITHOUT CONSTANT:   -10449.649990224812     
 OBJECTIVE FUNCTION VALUE WITH CONSTANT:       1193.3012254783898     
 REPORTED OBJECTIVE FUNCTION DOES NOT CONTAIN CONSTANT
  
 TOTAL EFFECTIVE ETAS (NIND*NETA):                          3650
  
 #TERE:
 Elapsed estimation  time in seconds:   111.98
1
 
 
 
 
 
 
 
 
 
 
 
 
 
 
 
 
 
 
 
 
 ************************************************************************************************************************
 ********************                                                                                ********************
 ********************            IMPORTANCE SAMPLING ASSISTED BY MAP ESTIMATION (NO PRIOR)           ********************
 #OBJT:**************                        FINAL VALUE OF OBJECTIVE FUNCTION                       ********************
 ********************                                                                                ********************
 ************************************************************************************************************************
 





 #OBJV:********************************************   -10449.650       **************************************************
1
 ************************************************************************************************************************
 ********************                                                                                ********************
 ********************            IMPORTANCE SAMPLING ASSISTED BY MAP ESTIMATION (NO PRIOR)           ********************
 ********************                             FINAL PARAMETER ESTIMATE                           ********************
 ********************                                                                                ********************
 ************************************************************************************************************************
 


 THETA - VECTOR OF FIXED EFFECTS PARAMETERS   *********


         TH 1      TH 2      TH 3      TH 4      TH 5      TH 6      TH 7     
 
         1.00E+00  6.17E+00  1.21E+02  1.92E+00  6.77E-01 -5.21E-02  1.53E-01
 


 OMEGA - COV MATRIX FOR RANDOM EFFECTS - ETAS  ********


         ETA1      ETA2      ETA3      ETA4      ETA5     
 
 ETA1
+        5.49E-02
 
 ETA2
+        0.00E+00  1.00E-04
 
 ETA3
+        0.00E+00  0.00E+00  1.83E-01
 
 ETA4
+        0.00E+00  0.00E+00  1.41E-01  2.01E-01
 
 ETA5
+        0.00E+00  0.00E+00  1.24E-02  2.59E-02  4.70E-02
 


 SIGMA - COV MATRIX FOR RANDOM EFFECTS - EPSILONS  ****


         EPS1     
 
 EPS1
+        3.10E-02
 
1


 OMEGA - CORR MATRIX FOR RANDOM EFFECTS - ETAS  *******


         ETA1      ETA2      ETA3      ETA4      ETA5     
 
 ETA1
+        2.34E-01
 
 ETA2
+        0.00E+00  1.00E-02
 
 ETA3
+        0.00E+00  0.00E+00  4.28E-01
 
 ETA4
+        0.00E+00  0.00E+00  7.34E-01  4.48E-01
 
 ETA5
+        0.00E+00  0.00E+00  1.34E-01  2.66E-01  2.17E-01
 


 SIGMA - CORR MATRIX FOR RANDOM EFFECTS - EPSILONS  ***


         EPS1     
 
 EPS1
+        1.76E-01
 
1


 #TBLN:      2
 #METH: Objective Function Evaluation by Importance/MAP Sampling (No Prior)

 ESTIMATION STEP OMITTED:                 NO
 ANALYSIS TYPE:                           POPULATION
 NUMBER OF SADDLE POINT RESET ITERATIONS:      0
 GRADIENT METHOD USED:               NOSLOW
 CONDITIONAL ESTIMATES USED:              YES
 CENTERED ETA:                            NO
 EPS-ETA INTERACTION:                     YES
 LAPLACIAN OBJ. FUNC.:                    NO
 NO. OF FUNCT. EVALS. ALLOWED:            960
 NO. OF SIG. FIGURES REQUIRED:            3
 INTERMEDIATE PRINTOUT:                   YES
 ESTIMATE OUTPUT TO MSF:                  NO
 ABORT WITH PRED EXIT CODE 1:             NO
 IND. OBJ. FUNC. VALUES SORTED:           NO
 NUMERICAL DERIVATIVE
       FILE REQUEST (NUMDER):               NONE
 MAP (ETAHAT) ESTIMATION METHOD (OPTMAP):   0
 ETA HESSIAN EVALUATION METHOD (ETADER):    0
 INITIAL ETA FOR MAP ESTIMATION (MCETA):    3
 SIGDIGITS FOR MAP ESTIMATION (SIGLO):      100
 GRADIENT SIGDIGITS OF
       FIXED EFFECTS PARAMETERS (SIGL):     100
 NOPRIOR SETTING (NOPRIOR):                 1
 NOCOV SETTING (NOCOV):                     OFF
 DERCONT SETTING (DERCONT):                 OFF
 FINAL ETA RE-EVALUATION (FNLETA):          1
 EXCLUDE NON-INFLUENTIAL (NON-INFL.) ETAS
       IN SHRINKAGE (ETASTYPE):             NO
 NON-INFL. ETA CORRECTION (NONINFETA):      0
 RAW OUTPUT FILE (FILE): psn.ext
 EXCLUDE TITLE (NOTITLE):                   NO
 EXCLUDE COLUMN LABELS (NOLABEL):           NO
 FORMAT FOR ADDITIONAL FILES (FORMAT):      S1PE12.5
 PARAMETER ORDER FOR OUTPUTS (ORDER):       TSOL
 KNUTHSUMOFF:                               0
 INCLUDE LNTWOPI:                           NO
 INCLUDE CONSTANT TERM TO PRIOR (PRIORC):   NO
 INCLUDE CONSTANT TERM TO OMEGA (ETA) (OLNTWOPI):NO
 EM OR BAYESIAN METHOD USED:                IMPORTANCE SAMPLING ASSISTED BY MAP ESTIMATION (IMPMAP)
 MU MODELING PATTERN (MUM):
 GRADIENT/GIBBS PATTERN (GRD):
 AUTOMATIC SETTING FEATURE (AUTO):          1
 CONVERGENCE TYPE (CTYPE):                  3
 CONVERGENCE INTERVAL (CINTERVAL):          1
 CONVERGENCE ITERATIONS (CITER):            10
 CONVERGENCE ALPHA ERROR (CALPHA):          5.000000000000000E-02
 ITERATIONS (NITER):                        50
 ANNEAL SETTING (CONSTRAIN):                 1
 STARTING SEED FOR MC METHODS (SEED):       11456
 MC SAMPLES PER SUBJECT (ISAMPLE):          10000
 RANDOM SAMPLING METHOD (RANMETHOD):        3UP
 EXPECTATION ONLY (EONLY):                  1
 PROPOSAL DENSITY SCALING RANGE
              (ISCALE_MIN, ISCALE_MAX):     0.100000000000000       ,10.0000000000000
 SAMPLE ACCEPTANCE RATE (IACCEPT):          0.00000000000000
 LONG TAIL SAMPLE ACCEPT. RATE (IACCEPTL):   0.00000000000000
 T-DIST. PROPOSAL DENSITY (DF):             0
 NO. ITERATIONS FOR MAP (MAPITER):          1
 INTERVAL ITER. FOR MAP (MAPINTER):         0
 MAP COVARIANCE/MODE SETTING (MAPCOV):      1
 Gradient Quick Value (GRDQ):               0.00000000000000


 THE FOLLOWING LABELS ARE EQUIVALENT
 PRED=PREDI
 RES=RESI
 WRES=WRESI
 IWRS=IWRESI
 IPRD=IPREDI
 IRS=IRESI

 EM/BAYES SETUP:
 THETAS THAT ARE MU MODELED:
   2   3   4   5
 THETAS THAT ARE SIGMA-LIKE:
 

 MONITORING OF SEARCH:

 iteration            0  OBJ=  -10451.076510942032 eff.=   11732. Smpl.=   10000. Fit.= 0.97609
 iteration            1  OBJ=  -10450.378504813001 eff.=    3500. Smpl.=   10000. Fit.= 0.91704
 iteration            2  OBJ=  -10450.917347242348 eff.=    3019. Smpl.=   10000. Fit.= 0.90899
 iteration            3  OBJ=  -10449.580803981213 eff.=    2629. Smpl.=   10000. Fit.= 0.90194
 iteration            4  OBJ=  -10450.377432144478 eff.=    2407. Smpl.=   10000. Fit.= 0.89751
 iteration            5  OBJ=  -10450.013241970752 eff.=    2275. Smpl.=   10000. Fit.= 0.89479
 iteration            6  OBJ=  -10450.917488766640 eff.=    2218. Smpl.=   10000. Fit.= 0.89348
 iteration            7  OBJ=  -10450.110240763421 eff.=    2166. Smpl.=   10000. Fit.= 0.89249
 iteration            8  OBJ=  -10449.731561556053 eff.=    2142. Smpl.=   10000. Fit.= 0.89209
 iteration            9  OBJ=  -10451.022245826547 eff.=    2122. Smpl.=   10000. Fit.= 0.89152
 iteration           10  OBJ=  -10451.054609580326 eff.=    2101. Smpl.=   10000. Fit.= 0.89114
 iteration           11  OBJ=  -10450.493827175251 eff.=    2088. Smpl.=   10000. Fit.= 0.89088
 Convergence achieved

 #TERM:
 EXPECTATION ONLY PROCESS WAS COMPLETED


 ETABAR IS THE ARITHMETIC MEAN OF THE ETA-ESTIMATES,
 AND THE P-VALUE IS GIVEN FOR THE NULL HYPOTHESIS THAT THE TRUE MEAN IS 0.

 ETABAR:        -2.8918E-04 -7.2750E-05 -1.2753E-04 -5.5283E-04 -2.4885E-04
 SE:             4.9383E-03  2.2698E-05  1.5494E-02  1.5216E-02  5.0233E-03
 N:                     730         730         730         730         730

 P VAL.:         9.5330E-01  1.3500E-03  9.9343E-01  9.7102E-01  9.6049E-01

 ETASHRINKSD(%)  4.3039E+01  9.3863E+01  2.1029E+00  8.1331E+00  3.7364E+01
 ETASHRINKVR(%)  6.7554E+01  9.9623E+01  4.1616E+00  1.5605E+01  6.0768E+01
 EBVSHRINKSD(%)  4.3112E+01  9.5609E+01  2.0820E+00  8.0724E+00  3.7347E+01
 EBVSHRINKVR(%)  6.7637E+01  9.9807E+01  4.1206E+00  1.5493E+01  6.0746E+01
 RELATIVEINF(%)  3.2293E+01  1.6716E-01  1.0000E+02  5.6642E+01  2.5003E+01
 EPSSHRINKSD(%)  1.4583E+01
 EPSSHRINKVR(%)  2.7040E+01

  
 TOTAL DATA POINTS NORMALLY DISTRIBUTED (N):         6335
 N*LOG(2PI) CONSTANT TO OBJECTIVE FUNCTION:    11642.951215703202     
 OBJECTIVE FUNCTION VALUE WITHOUT CONSTANT:   -10450.493827175251     
 OBJECTIVE FUNCTION VALUE WITH CONSTANT:       1192.4573885279515     
 REPORTED OBJECTIVE FUNCTION DOES NOT CONTAIN CONSTANT
  
 TOTAL EFFECTIVE ETAS (NIND*NETA):                          3650
  
 #TERE:
 Elapsed estimation  time in seconds:   235.17
1
 
 
 
 
 
 
 
 
 
 
 
 
 
 
 
 
 
 
 
 
 ************************************************************************************************************************
 ********************                                                                                ********************
 ********************       OBJECTIVE FUNCTION EVALUATION BY IMPORTANCE/MAP SAMPLING (NO PRIOR)      ********************
 #OBJT:**************                        FINAL VALUE OF OBJECTIVE FUNCTION                       ********************
 ********************                                                                                ********************
 ************************************************************************************************************************
 





 #OBJV:********************************************   -10450.494       **************************************************
1
 ************************************************************************************************************************
 ********************                                                                                ********************
 ********************       OBJECTIVE FUNCTION EVALUATION BY IMPORTANCE/MAP SAMPLING (NO PRIOR)      ********************
 ********************                             FINAL PARAMETER ESTIMATE                           ********************
 ********************                                                                                ********************
 ************************************************************************************************************************
 


 THETA - VECTOR OF FIXED EFFECTS PARAMETERS   *********


         TH 1      TH 2      TH 3      TH 4      TH 5      TH 6      TH 7     
 
         1.00E+00  6.17E+00  1.21E+02  1.92E+00  6.77E-01 -5.21E-02  1.53E-01
 


 OMEGA - COV MATRIX FOR RANDOM EFFECTS - ETAS  ********


         ETA1      ETA2      ETA3      ETA4      ETA5     
 
 ETA1
+        5.49E-02
 
 ETA2
+        0.00E+00  1.00E-04
 
 ETA3
+        0.00E+00  0.00E+00  1.83E-01
 
 ETA4
+        0.00E+00  0.00E+00  1.41E-01  2.01E-01
 
 ETA5
+        0.00E+00  0.00E+00  1.24E-02  2.59E-02  4.70E-02
 


 SIGMA - COV MATRIX FOR RANDOM EFFECTS - EPSILONS  ****


         EPS1     
 
 EPS1
+        3.10E-02
 
1


 OMEGA - CORR MATRIX FOR RANDOM EFFECTS - ETAS  *******


         ETA1      ETA2      ETA3      ETA4      ETA5     
 
 ETA1
+        2.34E-01
 
 ETA2
+        0.00E+00  1.00E-02
 
 ETA3
+        0.00E+00  0.00E+00  4.28E-01
 
 ETA4
+        0.00E+00  0.00E+00  7.34E-01  4.48E-01
 
 ETA5
+        0.00E+00  0.00E+00  1.34E-01  2.66E-01  2.17E-01
 


 SIGMA - CORR MATRIX FOR RANDOM EFFECTS - EPSILONS  ***


         EPS1     
 
 EPS1
+        1.76E-01
 
 Elapsed postprocess time in seconds:     5.46
 Elapsed finaloutput time in seconds:     2.50
 #CPUT: Total CPU Time in Seconds,     3910.992
Stop Time:
Wed Nov 23 13:03:52 CET 2022
