Wed Nov 23 13:48:13 CET 2022
;; 1. Based on: 30
;; 2. Description:
;;    MAX=0 for diagnostict
;; 3. Label:
;;    SimVal base model
;------------------------------------------------------------------------------
$PROBLEM    run 1
$INPUT      NO ID STUDYID TAD TIME DAY AMT RATE ODV DV EVID BLQ DOSE
            FOOD FORM TYPE WT HT LBWT BSA SEX RACE AGE AST ALT BILI
            CRCL BMI NCI GENO2 ETHNIC SMOK RACEL NCIL
$DATA      DAT-2-MI-PMX-2-onlyTYPE2-new.csv IGNORE=@
$SUBROUTINE ADVAN2 TRANS2
$PK
;;; MATFOOD-DEFINITION START
IF(FOOD.EQ.1) MATFOOD = 1  ; Most common
IF(FOOD.EQ.0) MATFOOD = ( 1 + THETA(6))
;;; MATFOOD-DEFINITION END

;;; MAT-RELATION START
MATCOVTIME = MATFOOD
;;; MAT-RELATION END


;;; FRELFOOD-DEFINITION START
IF(FOOD.EQ.1) FRELFOOD = 1  ; Most common
IF(FOOD.EQ.0) FRELFOOD = ( 1 + THETA(7))
;;; FRELFOOD-DEFINITION END

;;; FREL-RELATION START
FRELCOVTIME = FRELFOOD
;;; FREL-RELATION END

TVFREL  = THETA(1)
TVCL    = THETA(2)
TVV     = THETA(3)
TVMAT   = THETA(4)
TVD1    = THETA(5)

;MU_1  = LOG(TVRUV)
MU_2  = TVD1
MU_3  = LOG(TVCL)
MU_4  = LOG(TVV)
MU_5  = LOG(TVMAT)

D1FR  = MU_2                   + ETA(2)
FREL  = TVFREL*FRELCOVTIME
CL    = EXP(MU_3               + ETA(3))
V     = EXP(MU_4               + ETA(4))
MAT   = MATCOVTIME * EXP(MU_5  + ETA(5))
D1    = MAT*(1-D1FR)

F1    = FREL
KA    = 1 / (MAT-D1)
S2    = V

$ERROR
CP    = A(2)*1000 / V
IPRED = LOG(CP + 0.00001)
Y     = IPRED + EPS(1) * EXP(ETA(1))

REPI = IREP
$THETA  1 FIX ; 1. TVFREL
$THETA  (0,6.17206) ; 2. TVCL
$THETA  (0,121.358) ; 3. TVV
$THETA  (0,1.91756) ; 4. TVMAT
$THETA  (0,0.676682) ; 5. D1
$THETA  (-1.00,-0.0521041,3.00) ; 6. FRELFOOD1
$THETA  (-1.00,0.152505,3.00) ; 7. MATFOOD1
$OMEGA  0.054943  ; 1. IIV on RUV
$OMEGA  0.0001  FIX  ; 2. IIV on D1
$OMEGA  BLOCK(3)
 0.183099  ; 3. IIV on CL
 0.140718 0.200553  ; 4. IIV on V
 0.012395 0.0258711 0.047017  ; 5. IIV on MAT
$SIGMA  0.0309612  ;     1. RUV
$SIMULATION (1413) ONLYSIM NSUB=50
$TABLE      REPI ID STUDYID TAD EVID NOPRINT ONEHEADERALL
            FILE=vpctab30


NM-TRAN MESSAGES
  
 WARNINGS AND ERRORS (IF ANY) FOR PROBLEM    1
             
 (WARNING  2) NM-TRAN INFERS THAT THE DATA ARE POPULATION.

License Registered to: Pharmetheus AB
Expiration Date:    14 JAN 2023
Current Date:       23 NOV 2022
Days until program expires :  56
1NONLINEAR MIXED EFFECTS MODEL PROGRAM (NONMEM) VERSION 7.5.0
 ORIGINALLY DEVELOPED BY STUART BEAL, LEWIS SHEINER, AND ALISON BOECKMANN
 CURRENT DEVELOPERS ARE ROBERT BAUER, ICON DEVELOPMENT SOLUTIONS,
 AND ALISON BOECKMANN. IMPLEMENTATION, EFFICIENCY, AND STANDARDIZATION
 PERFORMED BY NOUS INFOSYSTEMS.

 PROBLEM NO.:         1
 run 1
0DATA CHECKOUT RUN:              NO
 DATA SET LOCATED ON UNIT NO.:    2
 THIS UNIT TO BE REWOUND:        NO
 NO. OF DATA RECS IN DATA SET:    34129
 NO. OF DATA ITEMS IN DATA SET:  35
 ID DATA ITEM IS DATA ITEM NO.:   2
 DEP VARIABLE IS DATA ITEM NO.:  10
 MDV DATA ITEM IS DATA ITEM NO.: 35
0INDICES PASSED TO SUBROUTINE PRED:
  11   5   7   8   0   0   0   0   0   0   0
0LABELS FOR DATA ITEMS:
 NO ID STUDYID TAD TIME DAY AMT RATE ODV DV EVID BLQ DOSE FOOD FORM TYPE WT HT LBWT BSA SEX RACE AGE AST ALT BILI CRCL BMI
 NCI GENO2 ETHNIC SMOK RACEL NCIL MDV
0(NONBLANK) LABELS FOR PRED-DEFINED ITEMS:
 REPI
0FORMAT FOR DATA:
 (8(4E17.0/),2E17.0,1F2.0)

 TOT. NO. OF OBS RECS:     6381
 TOT. NO. OF INDIVIDUALS:      760
0LENGTH OF THETA:   7
0DEFAULT THETA BOUNDARY TEST OMITTED:    NO
0OMEGA HAS BLOCK FORM:
  1
  0  2
  0  0  3
  0  0  3  3
  0  0  3  3  3
0DEFAULT OMEGA BOUNDARY TEST OMITTED:    NO
0SIGMA HAS SIMPLE DIAGONAL FORM WITH DIMENSION:   1
0DEFAULT SIGMA BOUNDARY TEST OMITTED:    NO
0INITIAL ESTIMATE OF THETA:
 LOWER BOUND    INITIAL EST    UPPER BOUND
  0.1000E+01     0.1000E+01     0.1000E+01
  0.0000E+00     0.6172E+01     0.1000E+07
  0.0000E+00     0.1214E+03     0.1000E+07
  0.0000E+00     0.1918E+01     0.1000E+07
  0.0000E+00     0.6767E+00     0.1000E+07
 -0.1000E+01    -0.5210E-01     0.3000E+01
 -0.1000E+01     0.1525E+00     0.3000E+01
0INITIAL ESTIMATE OF OMEGA:
 BLOCK SET NO.   BLOCK                                                                    FIXED
        1                                                                                   NO
                  0.5494E-01
        2                                                                                  YES
                  0.1000E-03
        3                                                                                   NO
                  0.1831E+00
                  0.1407E+00   0.2006E+00
                  0.1239E-01   0.2587E-01   0.4702E-01
0INITIAL ESTIMATE OF SIGMA:
 0.3096E-01
0SIMULATION STEP OMITTED:    NO
 OBJ FUNC EVALUATED:         NO
 ORIGINAL DATA USED ON EACH NEW SIMULATION:         NO
 SEEDS RESET ON EACH NEW SUPERSET ITERATION:        YES
0SIMULATION RANDOM METHOD SELECTED (RANMETHOD): 4U
SEED   1 RESET TO INITIAL: YES
 SOURCE   1:
   SEED1:          1413   SEED2:             0   PSEUDO-NORMAL
 NUMBER OF SUBPROBLEMS:   50
0TABLES STEP OMITTED:    NO
 NO. OF TABLES:           1
 SEED NUMBER (SEED):    11456
 RANMETHOD:             3U
 MC SAMPLES (ESAMPLE):    300
 WRES SQUARE ROOT TYPE (WRESCHOL): EIGENVALUE
0-- TABLE   1 --
0RECORDS ONLY:    ALL
04 COLUMNS APPENDED:    YES
 PRINTED:                NO
 HEADERS:               ONE PER FILE
 FILE TO BE FORWARDED:   NO
 FORMAT:                S1PE11.4
 IDFORMAT:
 LFORMAT:
 RFORMAT:
 FIXED_EFFECT_ETAS:
0USER-CHOSEN ITEMS:
 REPI ID STUDYID TAD EVID
1DOUBLE PRECISION PREDPP VERSION 7.5.0

 ONE COMPARTMENT MODEL WITH FIRST-ORDER ABSORPTION (ADVAN2)
0MAXIMUM NO. OF BASIC PK PARAMETERS:   3
0BASIC PK PARAMETERS (AFTER TRANSLATION):
   ELIMINATION RATE (K) IS BASIC PK PARAMETER NO.:  1
   ABSORPTION RATE (KA) IS BASIC PK PARAMETER NO.:  3

 TRANSLATOR WILL CONVERT PARAMETERS
 CLEARANCE (CL) AND VOLUME (V) TO K (TRANS2)
0COMPARTMENT ATTRIBUTES
 COMPT. NO.   FUNCTION   INITIAL    ON/OFF      DOSE      DEFAULT    DEFAULT
                         STATUS     ALLOWED    ALLOWED    FOR DOSE   FOR OBS.
    1         DEPOT        OFF        YES        YES        YES        NO
    2         CENTRAL      ON         NO         YES        NO         YES
    3         OUTPUT       OFF        YES        NO         NO         NO
1
 ADDITIONAL PK PARAMETERS - ASSIGNMENT OF ROWS IN GG
 COMPT. NO.                             INDICES
              SCALE      BIOAVAIL.   ZERO-ORDER  ZERO-ORDER  ABSORB
                         FRACTION    RATE        DURATION    LAG
    1            *           5           *           4           *
    2            6           *           *           *           *
    3            *           -           -           -           -
             - PARAMETER IS NOT ALLOWED FOR THIS MODEL
             * PARAMETER IS NOT SUPPLIED BY PK SUBROUTINE;
               WILL DEFAULT TO ONE IF APPLICABLE
0DATA ITEM INDICES USED BY PRED ARE:
   EVENT ID DATA ITEM IS DATA ITEM NO.:     11
   TIME DATA ITEM IS DATA ITEM NO.:          5
   DOSE AMOUNT DATA ITEM IS DATA ITEM NO.:   7
   DOSE RATE DATA ITEM IS DATA ITEM NO.:     8

0PK SUBROUTINE CALLED WITH EVERY EVENT RECORD.
 PK SUBROUTINE NOT CALLED AT NONEVENT (ADDITIONAL OR LAGGED) DOSE TIMES.
0ERROR SUBROUTINE CALLED WITH EVERY EVENT RECORD.
0ERROR SUBROUTINE INDICATES THAT DERIVATIVES OF COMPARTMENT AMOUNTS ARE USED.
1
 PROBLEM NO.:           1      SUBPROBLEM NO.:           1

 SIMULATION STEP PERFORMED
 SOURCE  1:
    SEED1:     256810570   SEED2:    1065789863
 Elapsed simulation  time in seconds:     0.12
 ESTIMATION STEP OMITTED:                 YES
 Elapsed finaloutput time in seconds:     0.59
  
1
 PROBLEM NO.:           1      SUBPROBLEM NO.:           2

 SIMULATION STEP PERFORMED
 SOURCE  1:
    SEED1:    2034689955   SEED2:             0
 Elapsed simulation  time in seconds:     0.17
 ESTIMATION STEP OMITTED:                 YES
 Elapsed finaloutput time in seconds:     0.59
  
1
 PROBLEM NO.:           1      SUBPROBLEM NO.:           3

 SIMULATION STEP PERFORMED
 SOURCE  1:
    SEED1:    1579084231   SEED2:   -1120587945
 Elapsed simulation  time in seconds:     0.17
 ESTIMATION STEP OMITTED:                 YES
 Elapsed finaloutput time in seconds:     0.61
  
1
 PROBLEM NO.:           1      SUBPROBLEM NO.:           4

 SIMULATION STEP PERFORMED
 SOURCE  1:
    SEED1:    2146054553   SEED2:             0
 Elapsed simulation  time in seconds:     0.17
 ESTIMATION STEP OMITTED:                 YES
 Elapsed finaloutput time in seconds:     0.59
  
1
 PROBLEM NO.:           1      SUBPROBLEM NO.:           5

 SIMULATION STEP PERFORMED
 SOURCE  1:
    SEED1:     650941991   SEED2:   -1094358217
 Elapsed simulation  time in seconds:     0.18
 ESTIMATION STEP OMITTED:                 YES
 Elapsed finaloutput time in seconds:     0.59
  
1
 PROBLEM NO.:           1      SUBPROBLEM NO.:           6

 SIMULATION STEP PERFORMED
 SOURCE  1:
    SEED1:    1207091623   SEED2:             0
 Elapsed simulation  time in seconds:     0.17
 ESTIMATION STEP OMITTED:                 YES
 Elapsed finaloutput time in seconds:     0.59
  
1
 PROBLEM NO.:           1      SUBPROBLEM NO.:           7

 SIMULATION STEP PERFORMED
 SOURCE  1:
    SEED1:    1326625150   SEED2:   -1085427208
 Elapsed simulation  time in seconds:     0.17
 ESTIMATION STEP OMITTED:                 YES
 Elapsed finaloutput time in seconds:     0.59
  
1
 PROBLEM NO.:           1      SUBPROBLEM NO.:           8

 SIMULATION STEP PERFORMED
 SOURCE  1:
    SEED1:     604919465   SEED2:             0
 Elapsed simulation  time in seconds:     0.21
 ESTIMATION STEP OMITTED:                 YES
 Elapsed finaloutput time in seconds:     0.59
  
1
 PROBLEM NO.:           1      SUBPROBLEM NO.:           9

 SIMULATION STEP PERFORMED
 SOURCE  1:
    SEED1:     548939516   SEED2:   -1118611582
 Elapsed simulation  time in seconds:     0.17
 ESTIMATION STEP OMITTED:                 YES
 Elapsed finaloutput time in seconds:     0.61
  
1
 PROBLEM NO.:           1      SUBPROBLEM NO.:          10

 SIMULATION STEP PERFORMED
 SOURCE  1:
    SEED1:     419783042   SEED2:             0
 Elapsed simulation  time in seconds:     0.17
 ESTIMATION STEP OMITTED:                 YES
 Elapsed finaloutput time in seconds:     0.62
  
1
 PROBLEM NO.:           1      SUBPROBLEM NO.:          11

 SIMULATION STEP PERFORMED
 SOURCE  1:
    SEED1:    1876630011   SEED2:    1066448890
 Elapsed simulation  time in seconds:     0.18
 ESTIMATION STEP OMITTED:                 YES
 Elapsed finaloutput time in seconds:     0.58
  
1
 PROBLEM NO.:           1      SUBPROBLEM NO.:          12

 SIMULATION STEP PERFORMED
 SOURCE  1:
    SEED1:     904244037   SEED2:             0
 Elapsed simulation  time in seconds:     0.18
 ESTIMATION STEP OMITTED:                 YES
 Elapsed finaloutput time in seconds:     0.61
  
1
 PROBLEM NO.:           1      SUBPROBLEM NO.:          13

 SIMULATION STEP PERFORMED
 SOURCE  1:
    SEED1:     789022648   SEED2:   -1088318260
 Elapsed simulation  time in seconds:     0.17
 ESTIMATION STEP OMITTED:                 YES
 Elapsed finaloutput time in seconds:     0.62
  
1
 PROBLEM NO.:           1      SUBPROBLEM NO.:          14

 SIMULATION STEP PERFORMED
 SOURCE  1:
    SEED1:    1382116220   SEED2:             0
 Elapsed simulation  time in seconds:     0.17
 ESTIMATION STEP OMITTED:                 YES
 Elapsed finaloutput time in seconds:     0.59
  
1
 PROBLEM NO.:           1      SUBPROBLEM NO.:          15

 SIMULATION STEP PERFORMED
 SOURCE  1:
    SEED1:     908820856   SEED2:   -1098635281
 Elapsed simulation  time in seconds:     0.16
 ESTIMATION STEP OMITTED:                 YES
 Elapsed finaloutput time in seconds:     0.61
  
1
 PROBLEM NO.:           1      SUBPROBLEM NO.:          16

 SIMULATION STEP PERFORMED
 SOURCE  1:
    SEED1:    1725476428   SEED2:             0
 Elapsed simulation  time in seconds:     0.17
 ESTIMATION STEP OMITTED:                 YES
 Elapsed finaloutput time in seconds:     0.59
  
1
 PROBLEM NO.:           1      SUBPROBLEM NO.:          17

 SIMULATION STEP PERFORMED
 SOURCE  1:
    SEED1:    1787499726   SEED2:    1058782304
 Elapsed simulation  time in seconds:     0.18
 ESTIMATION STEP OMITTED:                 YES
 Elapsed finaloutput time in seconds:     0.62
  
1
 PROBLEM NO.:           1      SUBPROBLEM NO.:          18

 SIMULATION STEP PERFORMED
 SOURCE  1:
    SEED1:    1996921684   SEED2:             0
 Elapsed simulation  time in seconds:     0.17
 ESTIMATION STEP OMITTED:                 YES
 Elapsed finaloutput time in seconds:     0.59
  
1
 PROBLEM NO.:           1      SUBPROBLEM NO.:          19

 SIMULATION STEP PERFORMED
 SOURCE  1:
    SEED1:     993306222   SEED2:   -1075402354
 Elapsed simulation  time in seconds:     0.18
 ESTIMATION STEP OMITTED:                 YES
 Elapsed finaloutput time in seconds:     0.60
  
1
 PROBLEM NO.:           1      SUBPROBLEM NO.:          20

 SIMULATION STEP PERFORMED
 SOURCE  1:
    SEED1:     777725585   SEED2:             0
 Elapsed simulation  time in seconds:     0.18
 ESTIMATION STEP OMITTED:                 YES
 Elapsed finaloutput time in seconds:     0.61
  
1
 PROBLEM NO.:           1      SUBPROBLEM NO.:          21

 SIMULATION STEP PERFORMED
 SOURCE  1:
    SEED1:     641130376   SEED2:   -1089164984
 Elapsed simulation  time in seconds:     0.17
 ESTIMATION STEP OMITTED:                 YES
 Elapsed finaloutput time in seconds:     0.64
  
1
 PROBLEM NO.:           1      SUBPROBLEM NO.:          22

 SIMULATION STEP PERFORMED
 SOURCE  1:
    SEED1:    2130818127   SEED2:             0
 Elapsed simulation  time in seconds:     0.18
 ESTIMATION STEP OMITTED:                 YES
 Elapsed finaloutput time in seconds:     0.61
  
1
 PROBLEM NO.:           1      SUBPROBLEM NO.:          23

 SIMULATION STEP PERFORMED
 SOURCE  1:
    SEED1:     128851340   SEED2:    1065687112
 Elapsed simulation  time in seconds:     0.17
 ESTIMATION STEP OMITTED:                 YES
 Elapsed finaloutput time in seconds:     0.61
  
1
 PROBLEM NO.:           1      SUBPROBLEM NO.:          24

 SIMULATION STEP PERFORMED
 SOURCE  1:
    SEED1:    1703756833   SEED2:             0
 Elapsed simulation  time in seconds:     0.16
 ESTIMATION STEP OMITTED:                 YES
 Elapsed finaloutput time in seconds:     0.61
  
1
 PROBLEM NO.:           1      SUBPROBLEM NO.:          25

 SIMULATION STEP PERFORMED
 SOURCE  1:
    SEED1:       9974690   SEED2:    1073985500
 Elapsed simulation  time in seconds:     0.16
 ESTIMATION STEP OMITTED:                 YES
 Elapsed finaloutput time in seconds:     0.59
  
1
 PROBLEM NO.:           1      SUBPROBLEM NO.:          26

 SIMULATION STEP PERFORMED
 SOURCE  1:
    SEED1:     497684463   SEED2:             0
 Elapsed simulation  time in seconds:     0.16
 ESTIMATION STEP OMITTED:                 YES
 Elapsed finaloutput time in seconds:     0.59
  
1
 PROBLEM NO.:           1      SUBPROBLEM NO.:          27

 SIMULATION STEP PERFORMED
 SOURCE  1:
    SEED1:     296081178   SEED2:    1055930340
 Elapsed simulation  time in seconds:     0.16
 ESTIMATION STEP OMITTED:                 YES
 Elapsed finaloutput time in seconds:     0.59
  
1
 PROBLEM NO.:           1      SUBPROBLEM NO.:          28

 SIMULATION STEP PERFORMED
 SOURCE  1:
    SEED1:     905116165   SEED2:             0
 Elapsed simulation  time in seconds:     0.16
 ESTIMATION STEP OMITTED:                 YES
 Elapsed finaloutput time in seconds:     0.59
  
1
 PROBLEM NO.:           1      SUBPROBLEM NO.:          29

 SIMULATION STEP PERFORMED
 SOURCE  1:
    SEED1:     919642197   SEED2:   -1080133929
 Elapsed simulation  time in seconds:     0.17
 ESTIMATION STEP OMITTED:                 YES
 Elapsed finaloutput time in seconds:     0.60
  
1
 PROBLEM NO.:           1      SUBPROBLEM NO.:          30

 SIMULATION STEP PERFORMED
 SOURCE  1:
    SEED1:     202214657   SEED2:             0
 Elapsed simulation  time in seconds:     0.16
 ESTIMATION STEP OMITTED:                 YES
 Elapsed finaloutput time in seconds:     0.59
  
1
 PROBLEM NO.:           1      SUBPROBLEM NO.:          31

 SIMULATION STEP PERFORMED
 SOURCE  1:
    SEED1:     528508294   SEED2:    1024630844
 Elapsed simulation  time in seconds:     0.17
 ESTIMATION STEP OMITTED:                 YES
 Elapsed finaloutput time in seconds:     0.60
  
1
 PROBLEM NO.:           1      SUBPROBLEM NO.:          32

 SIMULATION STEP PERFORMED
 SOURCE  1:
    SEED1:    2091174363   SEED2:             0
 Elapsed simulation  time in seconds:     0.16
 ESTIMATION STEP OMITTED:                 YES
 Elapsed finaloutput time in seconds:     0.61
  
1
 PROBLEM NO.:           1      SUBPROBLEM NO.:          33

 SIMULATION STEP PERFORMED
 SOURCE  1:
    SEED1:    1038416453   SEED2:   -1080211742
 Elapsed simulation  time in seconds:     0.16
 ESTIMATION STEP OMITTED:                 YES
 Elapsed finaloutput time in seconds:     0.60
  
1
 PROBLEM NO.:           1      SUBPROBLEM NO.:          34

 SIMULATION STEP PERFORMED
 SOURCE  1:
    SEED1:    1332037889   SEED2:             0
 Elapsed simulation  time in seconds:     0.88
 ESTIMATION STEP OMITTED:                 YES
 Elapsed finaloutput time in seconds:     0.61
  
1
 PROBLEM NO.:           1      SUBPROBLEM NO.:          35

 SIMULATION STEP PERFORMED
 SOURCE  1:
    SEED1:     120980400   SEED2:    1044618441
 Elapsed simulation  time in seconds:     0.18
 ESTIMATION STEP OMITTED:                 YES
 Elapsed finaloutput time in seconds:     0.61
  
1
 PROBLEM NO.:           1      SUBPROBLEM NO.:          36

 SIMULATION STEP PERFORMED
 SOURCE  1:
    SEED1:    1591767917   SEED2:             0
 Elapsed simulation  time in seconds:     0.16
 ESTIMATION STEP OMITTED:                 YES
 Elapsed finaloutput time in seconds:     0.64
  
1
 PROBLEM NO.:           1      SUBPROBLEM NO.:          37

 SIMULATION STEP PERFORMED
 SOURCE  1:
    SEED1:     173420093   SEED2:    1062859470
 Elapsed simulation  time in seconds:     0.16
 ESTIMATION STEP OMITTED:                 YES
 Elapsed finaloutput time in seconds:     0.61
  
1
 PROBLEM NO.:           1      SUBPROBLEM NO.:          38

 SIMULATION STEP PERFORMED
 SOURCE  1:
    SEED1:    1119713105   SEED2:             0
 Elapsed simulation  time in seconds:     0.17
 ESTIMATION STEP OMITTED:                 YES
 Elapsed finaloutput time in seconds:     0.60
  
1
 PROBLEM NO.:           1      SUBPROBLEM NO.:          39

 SIMULATION STEP PERFORMED
 SOURCE  1:
    SEED1:      93801249   SEED2:    1054860954
 Elapsed simulation  time in seconds:     0.17
 ESTIMATION STEP OMITTED:                 YES
 Elapsed finaloutput time in seconds:     0.59
  
1
 PROBLEM NO.:           1      SUBPROBLEM NO.:          40

 SIMULATION STEP PERFORMED
 SOURCE  1:
    SEED1:     561160285   SEED2:             0
 Elapsed simulation  time in seconds:     0.18
 ESTIMATION STEP OMITTED:                 YES
 Elapsed finaloutput time in seconds:     0.60
  
1
 PROBLEM NO.:           1      SUBPROBLEM NO.:          41

 SIMULATION STEP PERFORMED
 SOURCE  1:
    SEED1:     225660611   SEED2:    1051273376
 Elapsed simulation  time in seconds:     0.16
 ESTIMATION STEP OMITTED:                 YES
 Elapsed finaloutput time in seconds:     0.59
  
1
 PROBLEM NO.:           1      SUBPROBLEM NO.:          42

 SIMULATION STEP PERFORMED
 SOURCE  1:
    SEED1:    1821210232   SEED2:             0
 Elapsed simulation  time in seconds:     0.16
 ESTIMATION STEP OMITTED:                 YES
 Elapsed finaloutput time in seconds:     0.60
  
1
 PROBLEM NO.:           1      SUBPROBLEM NO.:          43

 SIMULATION STEP PERFORMED
 SOURCE  1:
    SEED1:    1233672184   SEED2:   -1087243358
 Elapsed simulation  time in seconds:     0.16
 ESTIMATION STEP OMITTED:                 YES
 Elapsed finaloutput time in seconds:     0.59
  
1
 PROBLEM NO.:           1      SUBPROBLEM NO.:          44

 SIMULATION STEP PERFORMED
 SOURCE  1:
    SEED1:    2113378702   SEED2:             0
 Elapsed simulation  time in seconds:     0.17
 ESTIMATION STEP OMITTED:                 YES
 Elapsed finaloutput time in seconds:     0.59
  
1
 PROBLEM NO.:           1      SUBPROBLEM NO.:          45

 SIMULATION STEP PERFORMED
 SOURCE  1:
    SEED1:    2116763098   SEED2:    1074124619
 Elapsed simulation  time in seconds:     0.16
 ESTIMATION STEP OMITTED:                 YES
 Elapsed finaloutput time in seconds:     0.58
  
1
 PROBLEM NO.:           1      SUBPROBLEM NO.:          46

 SIMULATION STEP PERFORMED
 SOURCE  1:
    SEED1:    1160209073   SEED2:             0
 Elapsed simulation  time in seconds:     0.17
 ESTIMATION STEP OMITTED:                 YES
 Elapsed finaloutput time in seconds:     0.60
  
1
 PROBLEM NO.:           1      SUBPROBLEM NO.:          47

 SIMULATION STEP PERFORMED
 SOURCE  1:
    SEED1:    1020613920   SEED2:   -1092368491
 Elapsed simulation  time in seconds:     0.16
 ESTIMATION STEP OMITTED:                 YES
 Elapsed finaloutput time in seconds:     0.59
  
1
 PROBLEM NO.:           1      SUBPROBLEM NO.:          48

 SIMULATION STEP PERFORMED
 SOURCE  1:
    SEED1:     480175690   SEED2:             0
 Elapsed simulation  time in seconds:     0.16
 ESTIMATION STEP OMITTED:                 YES
 Elapsed finaloutput time in seconds:     0.60
  
1
 PROBLEM NO.:           1      SUBPROBLEM NO.:          49

 SIMULATION STEP PERFORMED
 SOURCE  1:
    SEED1:     846104009   SEED2:   -1091538516
 Elapsed simulation  time in seconds:     0.17
 ESTIMATION STEP OMITTED:                 YES
 Elapsed finaloutput time in seconds:     0.59
  
1
 PROBLEM NO.:           1      SUBPROBLEM NO.:          50

 SIMULATION STEP PERFORMED
 SOURCE  1:
    SEED1:     927559507   SEED2:             0
 Elapsed simulation  time in seconds:     0.17
 ESTIMATION STEP OMITTED:                 YES
 Elapsed finaloutput time in seconds:     0.61
 #CPUT: Total CPU Time in Seconds,       55.763
Stop Time:
Wed Nov 23 13:49:19 CET 2022
