Mon Nov 14 16:49:45 CET 2022
;; 1. Based on: 
;; 2. Description:
;;    Removing FFEM WT and instead estimate it in rge FREM model.
;; 3. Label:
;;    SimVal base model
;------------------------------------------------------------------------------
$PROBLEM    run 1
$INPUT      NO ID STUDYID TAD TIME DAY AMT RATE ODV DV EVID BLQ DOSE
            FOOD FORM TYPE WT HT LBWT BSA SEX RACE AGE AST ALT BILI
            CRCL BMI NCI GENO ETHNIC SMOK RACEL GENOL NCIL
$DATA      DAT-1-MI-PMX-2-new.csv IGNORE=@ IGNORE(BLQ.EQN.1)
$SUBROUTINE ADVAN2 TRANS2
$PK
;;; MATFOOD-DEFINITION START
IF(FOOD.EQ.1) MATFOOD = 1  ; Most common
IF(FOOD.EQ.0) MATFOOD = ( 1 + THETA(6))
;;; MATFOOD-DEFINITION END

;;; MAT-RELATION START
MATCOVTIME = MATFOOD
;;; MAT-RELATION END


;;; FRELFOOD-DEFINITION START
IF(FOOD.EQ.1) FRELFOOD = 1  ; Most common
IF(FOOD.EQ.0) FRELFOOD = ( 1 + THETA(7))
;;; FRELFOOD-DEFINITION END

;;; FREL-RELATION START
FRELCOVTIME = FRELFOOD
;;; FREL-RELATION END

TVFREL  = THETA(1)
TVCL    = THETA(2)
TVV     = THETA(3)
TVMAT   = THETA(4)
TVD1    = THETA(5)

;MU_1  = LOG(TVRUV)
MU_2  = TVD1
MU_3  = LOG(TVFREL)
MU_4  = LOG(TVCL)
MU_5  = LOG(TVV)
MU_6  = LOG(TVMAT)

D1FR  = MU_2                   + ETA(2)
FREL  = FRELCOVTIME * EXP(MU_3 + ETA(3))
CL    = EXP(MU_4               + ETA(4))
V     = EXP(MU_5               + ETA(5))
MAT   = MATCOVTIME * EXP(MU_6  + ETA(6))
D1    = MAT*(1-D1FR)

F1    = FREL
KA    = 1 / (MAT-D1)
S2    = V

$ERROR
CP    = A(2)*1000 / V
IPRED = LOG(CP + 0.00001)
Y     = IPRED + EPS(1) * EXP(ETA(1))

$THETA  1 FIX ; 1. TVFREL
$THETA  (0,7.03728) ; 2. TVCL
$THETA  (0,133.898) ; 3. TVV
$THETA  (0,2.08608) ; 4. TVMAT
$THETA  (0,0.681472) ; 5. D1
$THETA  (-1.00,0.107997,3.00) ; 6. FRELFOOD1
$THETA  (-1.00,-0.081275,3.00) ; 7. MATFOOD1
$OMEGA  0.0424951  ; 1. IIV on RUV
$OMEGA  0.0001  FIX  ;         D1
$OMEGA  BLOCK(4)
 0.243643  ; 2. IIV on FREL
 0.102768 0.22  ; 3. IIV on CL
 0.122407 0.106783 0.38  ; 4. IIV on V
 0.0025675 0.0160454 0.0551753 0.149201  ; 5. IIV on MAT
$SIGMA  0.0324511  ;     1. RUV
$ESTIMATION METHOD=IMPMAP AUTO=1 RANMETHOD=3P INTER NOABORT PRINT=1
            CITER=15 NOCOV=1 ISAMPEND=100 NITER=50 ISAMPLE=300 CTYPE=1
            CALPHA=0.001
$ESTIMATION METHOD=IMPMAP INTER EONLY=1 NITER=5 ISAMPLE=1000 NOCOV=0
$COVARIANCE PRINT=E MATRIX=S UNCONDITIONAL
$TABLE      NO ID STUDYID TAD TIME DAY AMT RATE ODV DV EVID BLQ DOSE
            FOOD FORM TYPE WT HT LBWT BSA SEX RACE AGE AST ALT BILI
            CRCL BMI NCI GENO ETHNIC SMOK RACEL GENOL NCIL CPRED
            CIPREDI CWRES CIWRES ETAS(1:LAST) NOPRINT ONEHEADER
            FILE=xptab3


NM-TRAN MESSAGES
  
 WARNINGS AND ERRORS (IF ANY) FOR PROBLEM    1
             
 (WARNING  2) NM-TRAN INFERS THAT THE DATA ARE POPULATION.

License Registered to: Pharmetheus
Expiration Date:    14 DEC 2022
Current Date:       14 NOV 2022
Days until program expires :  30
1NONLINEAR MIXED EFFECTS MODEL PROGRAM (NONMEM) VERSION 7.4.4
 ORIGINALLY DEVELOPED BY STUART BEAL, LEWIS SHEINER, AND ALISON BOECKMANN
 CURRENT DEVELOPERS ARE ROBERT BAUER, ICON DEVELOPMENT SOLUTIONS,
 AND ALISON BOECKMANN. IMPLEMENTATION, EFFICIENCY, AND STANDARDIZATION
 PERFORMED BY NOUS INFOSYSTEMS.

 PROBLEM NO.:         1
 run 1
0DATA CHECKOUT RUN:              NO
 DATA SET LOCATED ON UNIT NO.:    2
 THIS UNIT TO BE REWOUND:        NO
 NO. OF DATA RECS IN DATA SET:    33970
 NO. OF DATA ITEMS IN DATA SET:  36
 ID DATA ITEM IS DATA ITEM NO.:   2
 DEP VARIABLE IS DATA ITEM NO.:  10
 MDV DATA ITEM IS DATA ITEM NO.: 36
0INDICES PASSED TO SUBROUTINE PRED:
  11   5   7   8   0   0   0   0   0   0   0
0LABELS FOR DATA ITEMS:
 NO ID STUDYID TAD TIME DAY AMT RATE ODV DV EVID BLQ DOSE FOOD FORM TYPE WT HT LBWT BSA SEX RACE AGE AST ALT BILI CRCL BMI
 NCI GENO ETHNIC SMOK RACEL GENOL NCIL MDV
0FORMAT FOR DATA:
 (8(4E17.0/),3E17.0,1F2.0)

 TOT. NO. OF OBS RECS:     6222
 TOT. NO. OF INDIVIDUALS:      760
0LENGTH OF THETA:   7
0DEFAULT THETA BOUNDARY TEST OMITTED:    NO
0OMEGA HAS BLOCK FORM:
  1
  0  2
  0  0  3
  0  0  3  3
  0  0  3  3  3
  0  0  3  3  3  3
0DEFAULT OMEGA BOUNDARY TEST OMITTED:    NO
0SIGMA HAS SIMPLE DIAGONAL FORM WITH DIMENSION:   1
0DEFAULT SIGMA BOUNDARY TEST OMITTED:    NO
0INITIAL ESTIMATE OF THETA:
 LOWER BOUND    INITIAL EST    UPPER BOUND
  0.1000E+01     0.1000E+01     0.1000E+01
  0.0000E+00     0.7037E+01     0.1000E+07
  0.0000E+00     0.1339E+03     0.1000E+07
  0.0000E+00     0.2086E+01     0.1000E+07
  0.0000E+00     0.6815E+00     0.1000E+07
 -0.1000E+01     0.1080E+00     0.3000E+01
 -0.1000E+01    -0.8128E-01     0.3000E+01
0INITIAL ESTIMATE OF OMEGA:
 BLOCK SET NO.   BLOCK                                                                    FIXED
        1                                                                                   NO
                  0.4250E-01
        2                                                                                  YES
                  0.1000E-03
        3                                                                                   NO
                  0.2436E+00
                  0.1028E+00   0.2200E+00
                  0.1224E+00   0.1068E+00   0.3800E+00
                  0.2567E-02   0.1605E-01   0.5518E-01   0.1492E+00
0INITIAL ESTIMATE OF SIGMA:
 0.3245E-01
0COVARIANCE STEP OMITTED:        NO
 R MATRIX SUBSTITUTED:           NO
 S MATRIX SUBSTITUTED:          YES
 EIGENVLS. PRINTED:             YES
 SPECIAL COMPUTATION:            NO
 COMPRESSED FORMAT:              NO
 GRADIENT METHOD USED:     NOSLOW
 SIGDIGITS ETAHAT (SIGLO):                  -1
 SIGDIGITS GRADIENTS (SIGL):                -1
 EXCLUDE COV FOR FOCE (NOFCOV):              NO
 TURN OFF Cholesky Transposition of R Matrix (CHOLROFF): NO
 KNUTHSUMOFF:                                -1
 RESUME COV ANALYSIS (RESUME):               NO
 SIR SAMPLE SIZE (SIRSAMPLE):              -1
 NON-LINEARLY TRANSFORM THETAS DURING COV (THBND): 1
 PRECONDTIONING CYCLES (PRECOND):        0
 PRECONDTIONING TYPES (PRECONDS):        TOS
 FORCED PRECONDTIONING CYCLES (PFCOND):0
 PRECONDTIONING TYPE (PRETYPE):        0
 FORCED POS. DEFINITE SETTING: (FPOSDEF):0
0TABLES STEP OMITTED:    NO
 NO. OF TABLES:           1
 SEED NUMBER (SEED):    11456
 RANMETHOD:             3U
 MC SAMPLES (ESAMPLE):    300
 WRES SQUARE ROOT TYPE (WRESCHOL): EIGENVALUE
0-- TABLE   1 --
0RECORDS ONLY:    ALL
04 COLUMNS APPENDED:    YES
 PRINTED:                NO
 HEADERS:               ONE
 FILE TO BE FORWARDED:   NO
 FORMAT:                S1PE11.4
 LFORMAT:
 RFORMAT:
 FIXED_EFFECT_ETAS:
0USER-CHOSEN ITEMS:
 NO ID STUDYID TAD TIME DAY AMT RATE ODV DV EVID BLQ DOSE FOOD FORM TYPE WT HT LBWT BSA SEX RACE AGE AST ALT BILI CRCL BMI
 NCI GENO ETHNIC SMOK RACEL GENOL NCIL CPRED CIPREDI CWRES CIWRES ETA1 ETA2 ETA3 ETA4 ETA5 ETA6
1DOUBLE PRECISION PREDPP VERSION 7.4.4

 ONE COMPARTMENT MODEL WITH FIRST-ORDER ABSORPTION (ADVAN2)
0MAXIMUM NO. OF BASIC PK PARAMETERS:   3
0BASIC PK PARAMETERS (AFTER TRANSLATION):
   ELIMINATION RATE (K) IS BASIC PK PARAMETER NO.:  1
   ABSORPTION RATE (KA) IS BASIC PK PARAMETER NO.:  3

 TRANSLATOR WILL CONVERT PARAMETERS
 CLEARANCE (CL) AND VOLUME (V) TO K (TRANS2)
0COMPARTMENT ATTRIBUTES
 COMPT. NO.   FUNCTION   INITIAL    ON/OFF      DOSE      DEFAULT    DEFAULT
                         STATUS     ALLOWED    ALLOWED    FOR DOSE   FOR OBS.
    1         DEPOT        OFF        YES        YES        YES        NO
    2         CENTRAL      ON         NO         YES        NO         YES
    3         OUTPUT       OFF        YES        NO         NO         NO
1
 ADDITIONAL PK PARAMETERS - ASSIGNMENT OF ROWS IN GG
 COMPT. NO.                             INDICES
              SCALE      BIOAVAIL.   ZERO-ORDER  ZERO-ORDER  ABSORB
                         FRACTION    RATE        DURATION    LAG
    1            *           5           *           4           *
    2            6           *           *           *           *
    3            *           -           -           -           -
             - PARAMETER IS NOT ALLOWED FOR THIS MODEL
             * PARAMETER IS NOT SUPPLIED BY PK SUBROUTINE;
               WILL DEFAULT TO ONE IF APPLICABLE
0DATA ITEM INDICES USED BY PRED ARE:
   EVENT ID DATA ITEM IS DATA ITEM NO.:     11
   TIME DATA ITEM IS DATA ITEM NO.:          5
   DOSE AMOUNT DATA ITEM IS DATA ITEM NO.:   7
   DOSE RATE DATA ITEM IS DATA ITEM NO.:     8

0PK SUBROUTINE CALLED WITH EVERY EVENT RECORD.
 PK SUBROUTINE NOT CALLED AT NONEVENT (ADDITIONAL OR LAGGED) DOSE TIMES.
0ERROR SUBROUTINE CALLED WITH EVERY EVENT RECORD.
0ERROR SUBROUTINE INDICATES THAT DERIVATIVES OF COMPARTMENT AMOUNTS ARE USED.

 #PARA: PARAFILE=/usr/local/arch/nonmem/nonmem-7.4.4g75om31/run/mpilinux8.pnm, PROTOCOL=MPI, NODES= 8

1


 #TBLN:      1
 #METH: Importance Sampling assisted by MAP Estimation (No Prior)

 ESTIMATION STEP OMITTED:                 NO
 ANALYSIS TYPE:                           POPULATION
 NUMBER OF SADDLE POINT RESET ITERATIONS:      0
 GRADIENT METHOD USED:               NOSLOW
 CONDITIONAL ESTIMATES USED:              YES
 CENTERED ETA:                            NO
 EPS-ETA INTERACTION:                     YES
 LAPLACIAN OBJ. FUNC.:                    NO
 NO. OF FUNCT. EVALS. ALLOWED:            1088
 NO. OF SIG. FIGURES REQUIRED:            3
 INTERMEDIATE PRINTOUT:                   YES
 ESTIMATE OUTPUT TO MSF:                  NO
 ABORT WITH PRED EXIT CODE 1:             NO
 IND. OBJ. FUNC. VALUES SORTED:           NO
 NUMERICAL DERIVATIVE
       FILE REQUEST (NUMDER):               NONE
 MAP (ETAHAT) ESTIMATION METHOD (OPTMAP):   0
 ETA HESSIAN EVALUATION METHOD (ETADER):    0
 INITIAL ETA FOR MAP ESTIMATION (MCETA):    3
 SIGDIGITS FOR MAP ESTIMATION (SIGLO):      100
 GRADIENT SIGDIGITS OF
       FIXED EFFECTS PARAMETERS (SIGL):     100
 NOPRIOR SETTING (NOPRIOR):                 ON
 NOCOV SETTING (NOCOV):                     ON
 DERCONT SETTING (DERCONT):                 OFF
 FINAL ETA RE-EVALUATION (FNLETA):          ON
 EXCLUDE NON-INFLUENTIAL (NON-INFL.) ETAS
       IN SHRINKAGE (ETASTYPE):             NO
 NON-INFL. ETA CORRECTION (NONINFETA):      OFF
 RAW OUTPUT FILE (FILE): psn.ext
 EXCLUDE TITLE (NOTITLE):                   NO
 EXCLUDE COLUMN LABELS (NOLABEL):           NO
 FORMAT FOR ADDITIONAL FILES (FORMAT):      S1PE12.5
 PARAMETER ORDER FOR OUTPUTS (ORDER):       TSOL
 WISHART PRIOR DF INTERPRETATION (WISHTYPE):0
 KNUTHSUMOFF:                               0
 INCLUDE LNTWOPI:                           NO
 INCLUDE CONSTANT TERM TO PRIOR (PRIORC):   NO
 INCLUDE CONSTANT TERM TO OMEGA (ETA) (OLNTWOPI):NO
 EM OR BAYESIAN METHOD USED:                IMPORTANCE SAMPLING ASSISTED BY MAP ESTIMATION (IMPMAP)
 MU MODELING PATTERN (MUM):
 GRADIENT/GIBBS PATTERN (GRD):
 AUTOMATIC SETTING FEATURE (AUTO):          ON
 CONVERGENCE TYPE (CTYPE):                  1
 CONVERGENCE INTERVAL (CINTERVAL):          1
 CONVERGENCE ITERATIONS (CITER):            15
 CONVERGENCE ALPHA ERROR (CALPHA):          1.000000000000000E-03
 ITERATIONS (NITER):                        50
 ANEAL SETTING (CONSTRAIN):                 1
 STARTING SEED FOR MC METHODS (SEED):       11456
 MC SAMPLES PER SUBJECT (ISAMPLE):          300
 RANDOM SAMPLING METHOD (RANMETHOD):        3UP
 EXPECTATION ONLY (EONLY):                  0
 PROPOSAL DENSITY SCALING RANGE
              (ISCALE_MIN, ISCALE_MAX):     0.100000000000000       ,10.0000000000000
 SAMPLE ACCEPTANCE RATE (IACCEPT):          0.00000000000000
 LONG TAIL SAMPLE ACCEPT. RATE (IACCEPTL):   0.00000000000000
 T-DIST. PROPOSAL DENSITY (DF):             0
 NO. ITERATIONS FOR MAP (MAPITER):          1
 INTERVAL ITER. FOR MAP (MAPINTER):         0
 MAP COVARIANCE/MODE SETTING (MAPCOV):      1
 Gradient Quick Value (GRDQ):               0.00000000000000


 THE FOLLOWING LABELS ARE EQUIVALENT
 PRED=PREDI
 RES=RESI
 WRES=WRESI
 IWRS=IWRESI
 IPRD=IPREDI
 IRS=IRESI

 EM/BAYES SETUP:
 THETAS THAT ARE MU MODELED:
   2   3   4   5
 THETAS THAT ARE SIGMA-LIKE:
 

 MONITORING OF SEARCH:

 iteration            0  OBJ=  -7033.8618461627502 eff.=     345. Smpl.=     300. Fit.= 0.98129
 iteration            1  OBJ=  -7383.8519459947529 eff.=     109. Smpl.=     300. Fit.= 0.94235
 iteration            2  OBJ=  -7492.9625364672356 eff.=      96. Smpl.=     300. Fit.= 0.93666
 iteration            3  OBJ=  -7568.6634657182040 eff.=      84. Smpl.=     300. Fit.= 0.93141
 iteration            4  OBJ=  -7635.4496193170571 eff.=      74. Smpl.=     300. Fit.= 0.92706
 iteration            5  OBJ=  -7685.2509588879884 eff.=      65. Smpl.=     300. Fit.= 0.92274
 iteration            6  OBJ=  -7733.4277324860614 eff.=      58. Smpl.=     300. Fit.= 0.91955
 iteration            7  OBJ=  -7755.5214652715440 eff.=      56. Smpl.=     300. Fit.= 0.91863
 iteration            8  OBJ=  -7753.3972914681390 eff.=      56. Smpl.=     300. Fit.= 0.91939
 iteration            9  OBJ=  -7761.7869083290461 eff.=      60. Smpl.=     300. Fit.= 0.92130
 iteration           10  OBJ=  -7765.1765456195371 eff.=      64. Smpl.=     300. Fit.= 0.92455
 iteration           11  OBJ=  -7765.9592517755445 eff.=      68. Smpl.=     300. Fit.= 0.92708
 iteration           12  OBJ=  -7763.8125527199736 eff.=      73. Smpl.=     300. Fit.= 0.93115
 iteration           13  OBJ=  -7770.0802862441396 eff.=      79. Smpl.=     300. Fit.= 0.93389
 iteration           14  OBJ=  -7759.7382684692948 eff.=      83. Smpl.=     300. Fit.= 0.93717
 iteration           15  OBJ=  -7756.2456031916709 eff.=      87. Smpl.=     300. Fit.= 0.93969
 iteration           16  OBJ=  -7759.3185631275765 eff.=      89. Smpl.=     300. Fit.= 0.94133
 iteration           17  OBJ=  -7764.8308173145042 eff.=      93. Smpl.=     300. Fit.= 0.94333
 iteration           18  OBJ=  -7758.2248421455597 eff.=      94. Smpl.=     300. Fit.= 0.94466
 iteration           19  OBJ=  -7766.6224010195137 eff.=      98. Smpl.=     300. Fit.= 0.94610
 iteration           20  OBJ=  -7765.2017288096549 eff.=      97. Smpl.=     300. Fit.= 0.94688
 iteration           21  OBJ=  -7769.4543758436394 eff.=     101. Smpl.=     300. Fit.= 0.94848
 iteration           22  OBJ=  -7761.7689759498489 eff.=     101. Smpl.=     300. Fit.= 0.94951
 iteration           23  OBJ=  -7773.9009120360697 eff.=     104. Smpl.=     300. Fit.= 0.95035
 iteration           24  OBJ=  -7768.0676212971803 eff.=     103. Smpl.=     300. Fit.= 0.95067
 iteration           25  OBJ=  -7764.8977222232561 eff.=     104. Smpl.=     300. Fit.= 0.95167
 iteration           26  OBJ=  -7763.9618163858004 eff.=     106. Smpl.=     300. Fit.= 0.95293
 Convergence achieved

 #TERM:
 OPTIMIZATION WAS COMPLETED


 ETABAR IS THE ARITHMETIC MEAN OF THE ETA-ESTIMATES,
 AND THE P-VALUE IS GIVEN FOR THE NULL HYPOTHESIS THAT THE TRUE MEAN IS 0.

 ETABAR:        -2.1246E-03 -3.4161E-05 -1.0671E-03 -7.8725E-04 -2.2294E-03  1.5390E-03
 SE:             8.5688E-03  4.1517E-05  1.5448E-02  1.1595E-02  2.0484E-02  9.2172E-03
 N:                     730         730         730         730         730         730

 P VAL.:         8.0417E-01  4.1062E-01  9.4493E-01  9.4587E-01  9.1334E-01  8.6740E-01

 ETASHRINKSD(%)  3.1807E+01  8.8775E+01  2.9501E+01  3.9214E+01  2.2193E+01  3.6947E+01
 ETASHRINKVR(%)  5.3497E+01  9.8740E+01  5.0299E+01  6.3050E+01  3.9460E+01  6.0244E+01
 EBVSHRINKSD(%)  3.1199E+01  9.1688E+01  2.9722E+01  3.9387E+01  2.2622E+01  3.6751E+01
 EBVSHRINKVR(%)  5.2664E+01  9.9309E+01  5.0610E+01  6.3261E+01  4.0126E+01  5.9996E+01
 EPSSHRINKSD(%)  1.6210E+01
 EPSSHRINKVR(%)  2.9792E+01

  
 TOTAL DATA POINTS NORMALLY DISTRIBUTED (N):         6222
 N*LOG(2PI) CONSTANT TO OBJECTIVE FUNCTION:    11435.271107198947     
 OBJECTIVE FUNCTION VALUE WITHOUT CONSTANT:   -7763.9618163858004     
 OBJECTIVE FUNCTION VALUE WITH CONSTANT:       3671.3092908131466     
 REPORTED OBJECTIVE FUNCTION DOES NOT CONTAIN CONSTANT
  
 TOTAL EFFECTIVE ETAS (NIND*NETA):                          4380
  
 #TERE:
 Elapsed estimation  time in seconds:    78.36
1
 
 
 
 
 
 
 
 
 
 
 
 
 
 
 
 
 
 
 
 
 ************************************************************************************************************************
 ********************                                                                                ********************
 ********************            IMPORTANCE SAMPLING ASSISTED BY MAP ESTIMATION (NO PRIOR)           ********************
 #OBJT:**************                        FINAL VALUE OF OBJECTIVE FUNCTION                       ********************
 ********************                                                                                ********************
 ************************************************************************************************************************
 





 #OBJV:********************************************    -7763.962       **************************************************
1
 ************************************************************************************************************************
 ********************                                                                                ********************
 ********************            IMPORTANCE SAMPLING ASSISTED BY MAP ESTIMATION (NO PRIOR)           ********************
 ********************                             FINAL PARAMETER ESTIMATE                           ********************
 ********************                                                                                ********************
 ************************************************************************************************************************
 


 THETA - VECTOR OF FIXED EFFECTS PARAMETERS   *********


         TH 1      TH 2      TH 3      TH 4      TH 5      TH 6      TH 7     
 
         1.00E+00  7.64E+00  1.48E+02  2.09E+00  6.81E-01 -7.69E-02  1.21E-01
 


 OMEGA - COV MATRIX FOR RANDOM EFFECTS - ETAS  ********


         ETA1      ETA2      ETA3      ETA4      ETA5      ETA6     
 
 ETA1
+        1.15E-01
 
 ETA2
+        0.00E+00  1.00E-04
 
 ETA3
+        0.00E+00  0.00E+00  3.51E-01
 
 ETA4
+        0.00E+00  0.00E+00  6.22E-02  2.66E-01
 
 ETA5
+        0.00E+00  0.00E+00  1.01E-01  8.67E-02  5.07E-01
 
 ETA6
+        0.00E+00  0.00E+00  2.83E-02  1.35E-04  4.68E-02  1.56E-01
 


 SIGMA - COV MATRIX FOR RANDOM EFFECTS - EPSILONS  ****


         EPS1     
 
 EPS1
+        3.21E-02
 
1


 OMEGA - CORR MATRIX FOR RANDOM EFFECTS - ETAS  *******


         ETA1      ETA2      ETA3      ETA4      ETA5      ETA6     
 
 ETA1
+        3.40E-01
 
 ETA2
+        0.00E+00  1.00E-02
 
 ETA3
+        0.00E+00  0.00E+00  5.92E-01
 
 ETA4
+        0.00E+00  0.00E+00  2.04E-01  5.16E-01
 
 ETA5
+        0.00E+00  0.00E+00  2.40E-01  2.36E-01  7.12E-01
 
 ETA6
+        0.00E+00  0.00E+00  1.21E-01  6.61E-04  1.66E-01  3.95E-01
 


 SIGMA - CORR MATRIX FOR RANDOM EFFECTS - EPSILONS  ***


         EPS1     
 
 EPS1
+        1.79E-01
 
1


 #TBLN:      2
 #METH: Objective Function Evaluation by Importance/MAP Sampling (No Prior)

 ESTIMATION STEP OMITTED:                 NO
 ANALYSIS TYPE:                           POPULATION
 NUMBER OF SADDLE POINT RESET ITERATIONS:      0
 GRADIENT METHOD USED:               NOSLOW
 CONDITIONAL ESTIMATES USED:              YES
 CENTERED ETA:                            NO
 EPS-ETA INTERACTION:                     YES
 LAPLACIAN OBJ. FUNC.:                    NO
 NO. OF FUNCT. EVALS. ALLOWED:            1088
 NO. OF SIG. FIGURES REQUIRED:            3
 INTERMEDIATE PRINTOUT:                   YES
 ESTIMATE OUTPUT TO MSF:                  NO
 ABORT WITH PRED EXIT CODE 1:             NO
 IND. OBJ. FUNC. VALUES SORTED:           NO
 NUMERICAL DERIVATIVE
       FILE REQUEST (NUMDER):               NONE
 MAP (ETAHAT) ESTIMATION METHOD (OPTMAP):   0
 ETA HESSIAN EVALUATION METHOD (ETADER):    0
 INITIAL ETA FOR MAP ESTIMATION (MCETA):    3
 SIGDIGITS FOR MAP ESTIMATION (SIGLO):      100
 GRADIENT SIGDIGITS OF
       FIXED EFFECTS PARAMETERS (SIGL):     100
 NOPRIOR SETTING (NOPRIOR):                 ON
 NOCOV SETTING (NOCOV):                     OFF
 DERCONT SETTING (DERCONT):                 OFF
 FINAL ETA RE-EVALUATION (FNLETA):          ON
 EXCLUDE NON-INFLUENTIAL (NON-INFL.) ETAS
       IN SHRINKAGE (ETASTYPE):             NO
 NON-INFL. ETA CORRECTION (NONINFETA):      OFF
 RAW OUTPUT FILE (FILE): psn.ext
 EXCLUDE TITLE (NOTITLE):                   NO
 EXCLUDE COLUMN LABELS (NOLABEL):           NO
 FORMAT FOR ADDITIONAL FILES (FORMAT):      S1PE12.5
 PARAMETER ORDER FOR OUTPUTS (ORDER):       TSOL
 WISHART PRIOR DF INTERPRETATION (WISHTYPE):0
 KNUTHSUMOFF:                               0
 INCLUDE LNTWOPI:                           NO
 INCLUDE CONSTANT TERM TO PRIOR (PRIORC):   NO
 INCLUDE CONSTANT TERM TO OMEGA (ETA) (OLNTWOPI):NO
 EM OR BAYESIAN METHOD USED:                IMPORTANCE SAMPLING ASSISTED BY MAP ESTIMATION (IMPMAP)
 MU MODELING PATTERN (MUM):
 GRADIENT/GIBBS PATTERN (GRD):
 AUTOMATIC SETTING FEATURE (AUTO):          ON
 CONVERGENCE TYPE (CTYPE):                  3
 CONVERGENCE INTERVAL (CINTERVAL):          1
 CONVERGENCE ITERATIONS (CITER):            10
 CONVERGENCE ALPHA ERROR (CALPHA):          5.000000000000000E-02
 ITERATIONS (NITER):                        5
 ANEAL SETTING (CONSTRAIN):                 1
 STARTING SEED FOR MC METHODS (SEED):       11456
 MC SAMPLES PER SUBJECT (ISAMPLE):          1000
 MAXIMUM SAMPLES PER SUBJECT FOR AUTOMATIC
 ISAMPLE ADJUSTMENT (ISAMPEND):             10000
 RANDOM SAMPLING METHOD (RANMETHOD):        3UP
 EXPECTATION ONLY (EONLY):                  1
 PROPOSAL DENSITY SCALING RANGE
              (ISCALE_MIN, ISCALE_MAX):     0.100000000000000       ,10.0000000000000
 SAMPLE ACCEPTANCE RATE (IACCEPT):          0.00000000000000
 LONG TAIL SAMPLE ACCEPT. RATE (IACCEPTL):   0.00000000000000
 T-DIST. PROPOSAL DENSITY (DF):             0
 NO. ITERATIONS FOR MAP (MAPITER):          1
 INTERVAL ITER. FOR MAP (MAPINTER):         0
 MAP COVARIANCE/MODE SETTING (MAPCOV):      1
 Gradient Quick Value (GRDQ):               0.00000000000000
 STOCHASTIC OBJ VARIATION TOLERANCE FOR
 AUTOMATIC ISAMPLE ADJUSTMENT (STDOBJ):     1.00000000000000


 THE FOLLOWING LABELS ARE EQUIVALENT
 PRED=PREDI
 RES=RESI
 WRES=WRESI
 IWRS=IWRESI
 IPRD=IPREDI
 IRS=IRESI

 EM/BAYES SETUP:
 THETAS THAT ARE MU MODELED:
   2   3   4   5
 THETAS THAT ARE SIGMA-LIKE:
 

 MONITORING OF SEARCH:

 iteration            0  OBJ=  -7746.8765642482049 eff.=    1335. Smpl.=    1000. Fit.= 0.97543
 iteration            1  OBJ=  -7763.8703454199640 eff.=     357. Smpl.=    1000. Fit.= 0.93850
 iteration            2  OBJ=  -7763.7244269352614 eff.=     302. Smpl.=    1000. Fit.= 0.93282
 iteration            3  OBJ=  -7764.6663341526046 eff.=     254. Smpl.=    1000. Fit.= 0.92717
 iteration            4  OBJ=  -7765.2233558352964 eff.=     209. Smpl.=    1000. Fit.= 0.92131
 iteration            5  OBJ=  -7761.7627611190428 eff.=     168. Smpl.=    1000. Fit.= 0.91539

 #TERM:
 EXPECTATION ONLY PROCESS COMPLETED


 ETABAR IS THE ARITHMETIC MEAN OF THE ETA-ESTIMATES,
 AND THE P-VALUE IS GIVEN FOR THE NULL HYPOTHESIS THAT THE TRUE MEAN IS 0.

 ETABAR:        -1.8472E-03 -1.6657E-05  2.1489E-03  1.7273E-03  1.8301E-04  8.2186E-04
 SE:             8.5227E-03  3.1358E-05  1.5429E-02  1.1536E-02  2.0443E-02  9.1977E-03
 N:                     730         730         730         730         730         730

 P VAL.:         8.2841E-01  5.9529E-01  8.8923E-01  8.8098E-01  9.9286E-01  9.2880E-01

 ETASHRINKSD(%)  3.2173E+01  9.1522E+01  2.9590E+01  3.9525E+01  2.2351E+01  3.7081E+01
 ETASHRINKVR(%)  5.3995E+01  9.9281E+01  5.0425E+01  6.3428E+01  3.9707E+01  6.0412E+01
 EBVSHRINKSD(%)  3.1655E+01  9.2970E+01  2.9634E+01  3.9439E+01  2.2491E+01  3.7542E+01
 EBVSHRINKVR(%)  5.3290E+01  9.9506E+01  5.0486E+01  6.3324E+01  3.9923E+01  6.0990E+01
 EPSSHRINKSD(%)  1.6448E+01
 EPSSHRINKVR(%)  3.0190E+01

  
 TOTAL DATA POINTS NORMALLY DISTRIBUTED (N):         6222
 N*LOG(2PI) CONSTANT TO OBJECTIVE FUNCTION:    11435.271107198947     
 OBJECTIVE FUNCTION VALUE WITHOUT CONSTANT:   -7761.7627611190428     
 OBJECTIVE FUNCTION VALUE WITH CONSTANT:       3673.5083460799042     
 REPORTED OBJECTIVE FUNCTION DOES NOT CONTAIN CONSTANT
  
 TOTAL EFFECTIVE ETAS (NIND*NETA):                          4380
  
 #TERE:
 Elapsed estimation  time in seconds:    25.51
 Elapsed covariance  time in seconds:     0.19
1
 
 
 
 
 
 
 
 
 
 
 
 
 
 
 
 
 
 
 
 
 ************************************************************************************************************************
 ********************                                                                                ********************
 ********************       OBJECTIVE FUNCTION EVALUATION BY IMPORTANCE/MAP SAMPLING (NO PRIOR)      ********************
 #OBJT:**************                        FINAL VALUE OF OBJECTIVE FUNCTION                       ********************
 ********************                                                                                ********************
 ************************************************************************************************************************
 





 #OBJV:********************************************    -7761.763       **************************************************
1
 ************************************************************************************************************************
 ********************                                                                                ********************
 ********************       OBJECTIVE FUNCTION EVALUATION BY IMPORTANCE/MAP SAMPLING (NO PRIOR)      ********************
 ********************                             FINAL PARAMETER ESTIMATE                           ********************
 ********************                                                                                ********************
 ************************************************************************************************************************
 


 THETA - VECTOR OF FIXED EFFECTS PARAMETERS   *********


         TH 1      TH 2      TH 3      TH 4      TH 5      TH 6      TH 7     
 
         1.00E+00  7.64E+00  1.48E+02  2.09E+00  6.81E-01 -7.69E-02  1.21E-01
 


 OMEGA - COV MATRIX FOR RANDOM EFFECTS - ETAS  ********


         ETA1      ETA2      ETA3      ETA4      ETA5      ETA6     
 
 ETA1
+        1.15E-01
 
 ETA2
+        0.00E+00  1.00E-04
 
 ETA3
+        0.00E+00  0.00E+00  3.51E-01
 
 ETA4
+        0.00E+00  0.00E+00  6.22E-02  2.66E-01
 
 ETA5
+        0.00E+00  0.00E+00  1.01E-01  8.67E-02  5.07E-01
 
 ETA6
+        0.00E+00  0.00E+00  2.83E-02  1.35E-04  4.68E-02  1.56E-01
 


 SIGMA - COV MATRIX FOR RANDOM EFFECTS - EPSILONS  ****


         EPS1     
 
 EPS1
+        3.21E-02
 
1


 OMEGA - CORR MATRIX FOR RANDOM EFFECTS - ETAS  *******


         ETA1      ETA2      ETA3      ETA4      ETA5      ETA6     
 
 ETA1
+        3.40E-01
 
 ETA2
+        0.00E+00  1.00E-02
 
 ETA3
+        0.00E+00  0.00E+00  5.92E-01
 
 ETA4
+        0.00E+00  0.00E+00  2.04E-01  5.16E-01
 
 ETA5
+        0.00E+00  0.00E+00  2.40E-01  2.36E-01  7.12E-01
 
 ETA6
+        0.00E+00  0.00E+00  1.21E-01  6.61E-04  1.66E-01  3.95E-01
 


 SIGMA - CORR MATRIX FOR RANDOM EFFECTS - EPSILONS  ***


         EPS1     
 
 EPS1
+        1.79E-01
 
1
 ************************************************************************************************************************
 ********************                                                                                ********************
 ********************       OBJECTIVE FUNCTION EVALUATION BY IMPORTANCE/MAP SAMPLING (NO PRIOR)      ********************
 ********************                          STANDARD ERROR OF ESTIMATE (S)                        ********************
 ********************                                                                                ********************
 ************************************************************************************************************************
 


 THETA - VECTOR OF FIXED EFFECTS PARAMETERS   *********


         TH 1      TH 2      TH 3      TH 4      TH 5      TH 6      TH 7     
 
         0.00E+00  2.17E-01  5.18E+00  6.74E-02  4.83E-03  1.95E-02  1.91E-02
 


 OMEGA - COV MATRIX FOR RANDOM EFFECTS - ETAS  ********


         ETA1      ETA2      ETA3      ETA4      ETA5      ETA6     
 
 ETA1
+        1.25E-02
 
 ETA2
+        0.00E+00  0.00E+00
 
 ETA3
+        0.00E+00  0.00E+00  3.67E-01
 
 ETA4
+        0.00E+00  0.00E+00  2.54E-01  3.32E-01
 
 ETA5
+        0.00E+00  0.00E+00  3.13E-01  3.07E-01  4.70E-01
 
 ETA6
+        0.00E+00  0.00E+00  1.56E-01  1.56E-01  1.56E-01  1.75E-02
 


 SIGMA - COV MATRIX FOR RANDOM EFFECTS - EPSILONS  ****


         EPS1     
 
 EPS1
+        1.25E-03
 
1


 OMEGA - CORR MATRIX FOR RANDOM EFFECTS - ETAS  *******


         ETA1      ETA2      ETA3      ETA4      ETA5      ETA6     
 
 ETA1
+        1.84E-02
 
 ETA2
+       ......... .........
 
 ETA3
+       ......... .........  3.10E-01
 
 ETA4
+       ......... .........  6.64E-01  3.22E-01
 
 ETA5
+       ......... .........  5.70E-01  6.50E-01  3.30E-01
 
 ETA6
+       ......... .........  6.62E-01  7.63E-01  5.52E-01  2.21E-02
 


 SIGMA - CORR MATRIX FOR RANDOM EFFECTS - EPSILONS  ***


         EPS1     
 
 EPS1
+        3.50E-03
 
1
 ************************************************************************************************************************
 ********************                                                                                ********************
 ********************       OBJECTIVE FUNCTION EVALUATION BY IMPORTANCE/MAP SAMPLING (NO PRIOR)      ********************
 ********************                        COVARIANCE MATRIX OF ESTIMATE (S)                       ********************
 ********************                                                                                ********************
 ************************************************************************************************************************
 

            TH 1      TH 2      TH 3      TH 4      TH 5      TH 6      TH 7      OM11      OM12      OM13      OM14      OM15  
             OM16      OM22      OM23      OM24      OM25      OM26      OM33      OM34      OM35      OM36      OM44      OM45  
            OM46      OM55      OM56      OM66      SG11  
 
 TH 1
+       .........
 
 TH 2
+        0.00E+00  4.73E-02
 
 TH 3
+        0.00E+00  6.02E-01  2.68E+01
 
 TH 4
+        0.00E+00 -3.18E-03 -9.59E-02  4.55E-03
 
 TH 5
+        0.00E+00 -2.96E-05 -2.11E-03  2.09E-05  2.33E-05
 
 TH 6
+        0.00E+00  8.50E-04  2.44E-02 -7.22E-04  2.09E-05  3.82E-04
 
 TH 7
+        0.00E+00  1.11E-03  2.29E-02 -2.78E-04  6.29E-06  1.53E-04  3.64E-04
 
 OM11
+        0.00E+00 -1.40E-04 -1.94E-03 -1.59E-05 -1.73E-06 -1.54E-05  1.80E-06  1.56E-04
 
 OM12
+       ......... ......... ......... ......... ......... ......... ......... ......... .........
 
 OM13
+       ......... ......... ......... ......... ......... ......... ......... ......... ......... .........
 
 OM14
+       ......... ......... ......... ......... ......... ......... ......... ......... ......... ......... .........
 
 OM15
+       ......... ......... ......... ......... ......... ......... ......... ......... ......... ......... ......... .........
 
 OM16
+       ......... ......... ......... ......... ......... ......... ......... ......... ......... ......... ......... .........
         .........
 
 OM22
+       ......... ......... ......... ......... ......... ......... ......... ......... ......... ......... ......... .........
         ......... .........
 
 OM23
+       ......... ......... ......... ......... ......... ......... ......... ......... ......... ......... ......... .........
         ......... ......... .........
 
 OM24
+       ......... ......... ......... ......... ......... ......... ......... ......... ......... ......... ......... .........
         ......... ......... ......... .........
 
 OM25
+       ......... ......... ......... ......... ......... ......... ......... ......... ......... ......... ......... .........
         ......... ......... ......... ......... .........
 
 OM26
+       ......... ......... ......... ......... ......... ......... ......... ......... ......... ......... ......... .........
         ......... ......... ......... ......... ......... .........
 
 OM33
+        0.00E+00  1.10E-02  1.85E-01 -4.54E-04  6.83E-05  4.86E-04  3.16E-04 -1.55E-04  0.00E+00  0.00E+00  0.00E+00  0.00E+00
          0.00E+00  0.00E+00  0.00E+00  0.00E+00  0.00E+00  0.00E+00  1.35E-01
 
1

            TH 1      TH 2      TH 3      TH 4      TH 5      TH 6      TH 7      OM11      OM12      OM13      OM14      OM15  
             OM16      OM22      OM23      OM24      OM25      OM26      OM33      OM34      OM35      OM36      OM44      OM45  
            OM46      OM55      OM56      OM66      SG11  
 
 OM34
+        0.00E+00  2.21E-03  7.38E-02  7.05E-05  3.51E-05  2.95E-04  1.45E-04 -1.94E-04  0.00E+00  0.00E+00  0.00E+00  0.00E+00
          0.00E+00  0.00E+00  0.00E+00  0.00E+00  0.00E+00  0.00E+00  7.04E-02  6.46E-02
 
 OM35
+        0.00E+00  5.93E-03  8.40E-02  2.18E-04 -4.76E-05  2.36E-04  1.09E-04 -3.86E-06  0.00E+00  0.00E+00  0.00E+00  0.00E+00
          0.00E+00  0.00E+00  0.00E+00  0.00E+00  0.00E+00  0.00E+00  7.62E-02  4.54E-02  9.79E-02
 
 OM36
+        0.00E+00 -3.83E-04 -1.20E-02  8.48E-05 -2.34E-05 -2.14E-04 -1.02E-04  4.55E-05  0.00E+00  0.00E+00  0.00E+00  0.00E+00
          0.00E+00  0.00E+00  0.00E+00  0.00E+00  0.00E+00  0.00E+00  5.97E-03  5.10E-03  6.43E-03  2.43E-02
 
 OM44
+        0.00E+00 -7.13E-03 -4.40E-02  6.36E-04  4.23E-06  9.52E-05 -4.57E-05 -2.26E-04  0.00E+00  0.00E+00  0.00E+00  0.00E+00
          0.00E+00  0.00E+00  0.00E+00  0.00E+00  0.00E+00  0.00E+00  6.46E-03  5.85E-02  1.45E-02  4.08E-03  1.10E-01
 
 OM45
+        0.00E+00 -3.30E-03 -2.74E-02  8.54E-04 -7.34E-05 -1.08E-05 -1.01E-04 -4.10E-05  0.00E+00  0.00E+00  0.00E+00  0.00E+00
          0.00E+00  0.00E+00  0.00E+00  0.00E+00  0.00E+00  0.00E+00  1.19E-02  3.92E-02  6.69E-02  5.76E-03  6.60E-02  9.42E-02
 
 OM46
+        0.00E+00 -2.97E-04 -1.14E-02  1.54E-04 -3.21E-05 -2.09E-04 -1.10E-04  4.42E-05  0.00E+00  0.00E+00  0.00E+00  0.00E+00
          0.00E+00  0.00E+00  0.00E+00  0.00E+00  0.00E+00  0.00E+00  6.05E-03  5.21E-03  6.79E-03  2.41E-02  4.14E-03  6.07E-03
         2.42E-02
 
 OM55
+        0.00E+00  1.08E-03 -5.85E-03  8.26E-04 -1.54E-04 -4.60E-05 -1.32E-04  9.45E-05  0.00E+00  0.00E+00  0.00E+00  0.00E+00
          0.00E+00  0.00E+00  0.00E+00  0.00E+00  0.00E+00  0.00E+00  1.74E-02  2.00E-02  1.19E-01  7.27E-03  2.22E-02  1.22E-01
         7.78E-03  2.21E-01
 
 OM56
+        0.00E+00 -3.04E-04 -1.29E-02  2.02E-04 -3.18E-05 -2.18E-04 -9.51E-05  2.70E-05  0.00E+00  0.00E+00  0.00E+00  0.00E+00
          0.00E+00  0.00E+00  0.00E+00  0.00E+00  0.00E+00  0.00E+00  5.92E-03  5.28E-03  6.92E-03  2.41E-02  4.45E-03  6.34E-03
         2.41E-02  8.08E-03  2.44E-02
 
 OM66
+        0.00E+00 -1.08E-04 -7.08E-03 -2.65E-04  1.40E-05 -2.36E-06 -8.94E-06  2.05E-05  0.00E+00  0.00E+00  0.00E+00  0.00E+00
          0.00E+00  0.00E+00  0.00E+00  0.00E+00  0.00E+00  0.00E+00  1.78E-04  1.48E-04  4.57E-05  1.38E-04  1.21E-04  2.32E-05
         5.93E-05 -8.77E-05  1.20E-04  3.05E-04
 
 SG11
+        0.00E+00  3.02E-06  3.46E-04 -3.96E-06  1.23E-07  2.02E-06  6.68E-07 -4.09E-06  0.00E+00  0.00E+00  0.00E+00  0.00E+00
          0.00E+00  0.00E+00  0.00E+00  0.00E+00  0.00E+00  0.00E+00  2.70E-05  2.11E-05  1.82E-05 -1.61E-06  1.30E-05  1.06E-05
        -6.92E-07  4.82E-06 -2.99E-08 -1.60E-06  1.57E-06
 
1
 ************************************************************************************************************************
 ********************                                                                                ********************
 ********************       OBJECTIVE FUNCTION EVALUATION BY IMPORTANCE/MAP SAMPLING (NO PRIOR)      ********************
 ********************                        CORRELATION MATRIX OF ESTIMATE (S)                      ********************
 ********************                                                                                ********************
 ************************************************************************************************************************
 

            TH 1      TH 2      TH 3      TH 4      TH 5      TH 6      TH 7      OM11      OM12      OM13      OM14      OM15  
             OM16      OM22      OM23      OM24      OM25      OM26      OM33      OM34      OM35      OM36      OM44      OM45  
            OM46      OM55      OM56      OM66      SG11  
 
 TH 1
+       .........
 
 TH 2
+        0.00E+00  2.17E-01
 
 TH 3
+        0.00E+00  5.34E-01  5.18E+00
 
 TH 4
+        0.00E+00 -2.17E-01 -2.75E-01  6.74E-02
 
 TH 5
+        0.00E+00 -2.82E-02 -8.45E-02  6.42E-02  4.83E-03
 
 TH 6
+        0.00E+00  2.00E-01  2.41E-01 -5.48E-01  2.22E-01  1.95E-02
 
 TH 7
+        0.00E+00  2.67E-01  2.31E-01 -2.16E-01  6.83E-02  4.11E-01  1.91E-02
 
 OM11
+        0.00E+00 -5.16E-02 -3.00E-02 -1.90E-02 -2.87E-02 -6.31E-02  7.56E-03  1.25E-02
 
 OM12
+       ......... ......... ......... ......... ......... ......... ......... ......... .........
 
 OM13
+       ......... ......... ......... ......... ......... ......... ......... ......... ......... .........
 
 OM14
+       ......... ......... ......... ......... ......... ......... ......... ......... ......... ......... .........
 
 OM15
+       ......... ......... ......... ......... ......... ......... ......... ......... ......... ......... ......... .........
 
 OM16
+       ......... ......... ......... ......... ......... ......... ......... ......... ......... ......... ......... .........
         .........
 
 OM22
+       ......... ......... ......... ......... ......... ......... ......... ......... ......... ......... ......... .........
         ......... .........
 
 OM23
+       ......... ......... ......... ......... ......... ......... ......... ......... ......... ......... ......... .........
         ......... ......... .........
 
 OM24
+       ......... ......... ......... ......... ......... ......... ......... ......... ......... ......... ......... .........
         ......... ......... ......... .........
 
 OM25
+       ......... ......... ......... ......... ......... ......... ......... ......... ......... ......... ......... .........
         ......... ......... ......... ......... .........
 
 OM26
+       ......... ......... ......... ......... ......... ......... ......... ......... ......... ......... ......... .........
         ......... ......... ......... ......... ......... .........
 
 OM33
+        0.00E+00  1.38E-01  9.71E-02 -1.84E-02  3.85E-02  6.77E-02  4.52E-02 -3.39E-02  0.00E+00  0.00E+00  0.00E+00  0.00E+00
          0.00E+00  0.00E+00  0.00E+00  0.00E+00  0.00E+00  0.00E+00  3.67E-01
 
1

            TH 1      TH 2      TH 3      TH 4      TH 5      TH 6      TH 7      OM11      OM12      OM13      OM14      OM15  
             OM16      OM22      OM23      OM24      OM25      OM26      OM33      OM34      OM35      OM36      OM44      OM45  
            OM46      OM55      OM56      OM66      SG11  
 
 OM34
+        0.00E+00  4.00E-02  5.61E-02  4.12E-03  2.86E-02  5.95E-02  2.99E-02 -6.12E-02  0.00E+00  0.00E+00  0.00E+00  0.00E+00
          0.00E+00  0.00E+00  0.00E+00  0.00E+00  0.00E+00  0.00E+00  7.55E-01  2.54E-01
 
 OM35
+        0.00E+00  8.71E-02  5.18E-02  1.03E-02 -3.15E-02  3.87E-02  1.83E-02 -9.89E-04  0.00E+00  0.00E+00  0.00E+00  0.00E+00
          0.00E+00  0.00E+00  0.00E+00  0.00E+00  0.00E+00  0.00E+00  6.63E-01  5.71E-01  3.13E-01
 
 OM36
+        0.00E+00 -1.13E-02 -1.48E-02  8.07E-03 -3.10E-02 -7.03E-02 -3.42E-02  2.34E-02  0.00E+00  0.00E+00  0.00E+00  0.00E+00
          0.00E+00  0.00E+00  0.00E+00  0.00E+00  0.00E+00  0.00E+00  1.04E-01  1.29E-01  1.32E-01  1.56E-01
 
 OM44
+        0.00E+00 -9.89E-02 -2.56E-02  2.84E-02  2.64E-03  1.47E-02 -7.22E-03 -5.46E-02  0.00E+00  0.00E+00  0.00E+00  0.00E+00
          0.00E+00  0.00E+00  0.00E+00  0.00E+00  0.00E+00  0.00E+00  5.30E-02  6.93E-01  1.40E-01  7.88E-02  3.32E-01
 
 OM45
+        0.00E+00 -4.95E-02 -1.73E-02  4.13E-02 -4.95E-02 -1.81E-03 -1.73E-02 -1.07E-02  0.00E+00  0.00E+00  0.00E+00  0.00E+00
          0.00E+00  0.00E+00  0.00E+00  0.00E+00  0.00E+00  0.00E+00  1.06E-01  5.02E-01  6.97E-01  1.20E-01  6.48E-01  3.07E-01
 
 OM46
+        0.00E+00 -8.79E-03 -1.41E-02  1.47E-02 -4.28E-02 -6.87E-02 -3.70E-02  2.28E-02  0.00E+00  0.00E+00  0.00E+00  0.00E+00
          0.00E+00  0.00E+00  0.00E+00  0.00E+00  0.00E+00  0.00E+00  1.06E-01  1.32E-01  1.39E-01  9.94E-01  8.02E-02  1.27E-01
         1.56E-01
 
 OM55
+        0.00E+00  1.06E-02 -2.41E-03  2.61E-02 -6.78E-02 -5.01E-03 -1.48E-02  1.61E-02  0.00E+00  0.00E+00  0.00E+00  0.00E+00
          0.00E+00  0.00E+00  0.00E+00  0.00E+00  0.00E+00  0.00E+00  1.01E-01  1.67E-01  8.08E-01  9.93E-02  1.42E-01  8.43E-01
         1.06E-01  4.70E-01
 
 OM56
+        0.00E+00 -8.95E-03 -1.59E-02  1.92E-02 -4.22E-02 -7.15E-02 -3.19E-02  1.39E-02  0.00E+00  0.00E+00  0.00E+00  0.00E+00
          0.00E+00  0.00E+00  0.00E+00  0.00E+00  0.00E+00  0.00E+00  1.03E-01  1.33E-01  1.42E-01  9.90E-01  8.60E-02  1.32E-01
         9.93E-01  1.10E-01  1.56E-01
 
 OM66
+        0.00E+00 -2.84E-02 -7.83E-02 -2.25E-01  1.66E-01 -6.90E-03 -2.69E-02  9.43E-02  0.00E+00  0.00E+00  0.00E+00  0.00E+00
          0.00E+00  0.00E+00  0.00E+00  0.00E+00  0.00E+00  0.00E+00  2.78E-02  3.33E-02  8.37E-03  5.07E-02  2.10E-02  4.33E-03
         2.18E-02 -1.07E-02  4.39E-02  1.75E-02
 
 SG11
+        0.00E+00  1.11E-02  5.33E-02 -4.69E-02  2.04E-02  8.25E-02  2.80E-02 -2.62E-01  0.00E+00  0.00E+00  0.00E+00  0.00E+00
          0.00E+00  0.00E+00  0.00E+00  0.00E+00  0.00E+00  0.00E+00  5.87E-02  6.63E-02  4.65E-02 -8.24E-03  3.14E-02  2.77E-02
        -3.55E-03  8.19E-03 -1.53E-04 -7.32E-02  1.25E-03
 
1
 ************************************************************************************************************************
 ********************                                                                                ********************
 ********************       OBJECTIVE FUNCTION EVALUATION BY IMPORTANCE/MAP SAMPLING (NO PRIOR)      ********************
 ********************                    INVERSE COVARIANCE MATRIX OF ESTIMATE (S)                   ********************
 ********************                                                                                ********************
 ************************************************************************************************************************
 

            TH 1      TH 2      TH 3      TH 4      TH 5      TH 6      TH 7      OM11      OM12      OM13      OM14      OM15  
             OM16      OM22      OM23      OM24      OM25      OM26      OM33      OM34      OM35      OM36      OM44      OM45  
            OM46      OM55      OM56      OM66      SG11  
 
 TH 1
+       .........
 
 TH 2
+        0.00E+00  3.18E+01
 
 TH 3
+        0.00E+00 -6.34E-01  5.63E-02
 
 TH 4
+        0.00E+00  6.09E+00  6.10E-01  3.94E+02
 
 TH 5
+        0.00E+00 -1.66E+01  4.50E+00 -1.26E+03  5.24E+04
 
 TH 6
+        0.00E+00  6.89E+00 -1.01E+00  7.83E+02 -5.60E+03  5.10E+03
 
 TH 7
+        0.00E+00 -5.20E+01 -7.72E-01 -4.99E+01  1.58E+02 -1.36E+03  3.51E+03
 
 OM11
+        0.00E+00  2.48E+01 -4.06E-01  7.94E+01  1.81E+02  3.94E+02 -2.54E+02  7.29E+03
 
 OM12
+       ......... ......... ......... ......... ......... ......... ......... ......... .........
 
 OM13
+       ......... ......... ......... ......... ......... ......... ......... ......... ......... .........
 
 OM14
+       ......... ......... ......... ......... ......... ......... ......... ......... ......... ......... .........
 
 OM15
+       ......... ......... ......... ......... ......... ......... ......... ......... ......... ......... ......... .........
 
 OM16
+       ......... ......... ......... ......... ......... ......... ......... ......... ......... ......... ......... .........
         .........
 
 OM22
+       ......... ......... ......... ......... ......... ......... ......... ......... ......... ......... ......... .........
         ......... .........
 
 OM23
+       ......... ......... ......... ......... ......... ......... ......... ......... ......... ......... ......... .........
         ......... ......... .........
 
 OM24
+       ......... ......... ......... ......... ......... ......... ......... ......... ......... ......... ......... .........
         ......... ......... ......... .........
 
 OM25
+       ......... ......... ......... ......... ......... ......... ......... ......... ......... ......... ......... .........
         ......... ......... ......... ......... .........
 
 OM26
+       ......... ......... ......... ......... ......... ......... ......... ......... ......... ......... ......... .........
         ......... ......... ......... ......... ......... .........
 
 OM33
+        0.00E+00  1.94E+01 -4.69E-01  2.49E+00 -4.81E+02  1.38E+02  8.24E+01  1.38E+02  0.00E+00  0.00E+00  0.00E+00  0.00E+00
          0.00E+00  0.00E+00  0.00E+00  0.00E+00  0.00E+00  0.00E+00  2.03E+03
 
1

            TH 1      TH 2      TH 3      TH 4      TH 5      TH 6      TH 7      OM11      OM12      OM13      OM14      OM15  
             OM16      OM22      OM23      OM24      OM25      OM26      OM33      OM34      OM35      OM36      OM44      OM45  
            OM46      OM55      OM56      OM66      SG11  
 
 OM34
+        0.00E+00 -4.17E+01 -1.59E-01  2.27E+01 -1.33E+02  9.68E+01 -8.66E+01  3.32E+02  0.00E+00  0.00E+00  0.00E+00  0.00E+00
          0.00E+00  0.00E+00  0.00E+00  0.00E+00  0.00E+00  0.00E+00 -2.81E+03  6.41E+03
 
 OM35
+        0.00E+00 -6.06E-01  1.05E+00 -3.28E+01  1.06E+03 -3.90E+02 -7.68E+01 -5.98E+02  0.00E+00  0.00E+00  0.00E+00  0.00E+00
          0.00E+00  0.00E+00  0.00E+00  0.00E+00  0.00E+00  0.00E+00 -1.25E+03 -7.61E+02  3.24E+03
 
 OM36
+        0.00E+00  9.51E+00 -2.50E-01  5.84E+01 -1.04E+03  1.97E+02 -1.48E+02 -1.13E+02  0.00E+00  0.00E+00  0.00E+00  0.00E+00
          0.00E+00  0.00E+00  0.00E+00  0.00E+00  0.00E+00  0.00E+00 -6.23E+02  5.21E+02  7.25E+02  4.14E+03
 
 OM44
+        0.00E+00  1.31E+01  4.75E-01  1.25E+01  3.99E+02 -2.11E+02  4.64E+01 -2.57E+01  0.00E+00  0.00E+00  0.00E+00  0.00E+00
          0.00E+00  0.00E+00  0.00E+00  0.00E+00  0.00E+00  0.00E+00  9.85E+02 -2.99E+03  9.99E+02 -1.78E+02  2.18E+03
 
 OM45
+        0.00E+00  1.96E+01 -8.45E-01 -5.18E+01 -6.58E+02  3.10E+02 -8.85E+00 -2.53E+02  0.00E+00  0.00E+00  0.00E+00  0.00E+00
          0.00E+00  0.00E+00  0.00E+00  0.00E+00  0.00E+00  0.00E+00  8.54E+02 -4.57E+02 -1.25E+03 -1.63E+02 -1.36E+03  3.19E+03
 
 OM46
+        0.00E+00 -4.74E+00  5.42E-01  5.26E+01  4.84E+02 -1.91E+02  3.10E+02 -3.86E+02  0.00E+00  0.00E+00  0.00E+00  0.00E+00
          0.00E+00  0.00E+00  0.00E+00  0.00E+00  0.00E+00  0.00E+00  3.95E+02 -9.13E+02  1.05E+02 -3.06E+03  6.46E+02 -3.73E+02
         5.41E+03
 
 OM55
+        0.00E+00 -9.75E+00 -9.10E-02  4.08E+01 -1.64E+02  3.41E+01  4.52E+01  4.19E+02  0.00E+00  0.00E+00  0.00E+00  0.00E+00
          0.00E+00  0.00E+00  0.00E+00  0.00E+00  0.00E+00  0.00E+00  1.95E+02  6.04E+02 -9.90E+02 -2.72E+02  1.83E+02 -9.73E+02
         1.32E+02  9.85E+02
 
 OM56
+        0.00E+00 -4.65E+00 -2.72E-01 -1.08E+02  5.92E+02  1.79E+01 -1.60E+02  4.85E+02  0.00E+00  0.00E+00  0.00E+00  0.00E+00
          0.00E+00  0.00E+00  0.00E+00  0.00E+00  0.00E+00  0.00E+00  2.28E+02  3.61E+02 -8.04E+02 -1.07E+03 -4.46E+02  5.20E+02
        -2.32E+03  1.34E+02  3.39E+03
 
 OM66
+        0.00E+00 -1.58E+00  1.52E+00  4.30E+02 -3.31E+03  8.28E+02  9.25E+01 -4.02E+02  0.00E+00  0.00E+00  0.00E+00  0.00E+00
          0.00E+00  0.00E+00  0.00E+00  0.00E+00  0.00E+00  0.00E+00  1.06E+02 -1.84E+02 -4.61E+01 -7.50E+02  1.63E+02 -1.53E+02
         1.32E+03  9.87E+01 -5.82E+02  4.22E+03
 
 SG11
+        0.00E+00  2.01E+02 -7.84E+00  8.43E+02 -5.44E+03 -9.68E+02 -2.83E+01  1.89E+04  0.00E+00  0.00E+00  0.00E+00  0.00E+00
          0.00E+00  0.00E+00  0.00E+00  0.00E+00  0.00E+00  0.00E+00  2.65E+03 -2.06E+03 -3.48E+03  5.92E+02  2.43E+03 -2.85E+03
         6.67E+02  3.15E+03 -1.26E+03  3.54E+03  7.09E+05
 
1
 
 
 
 
 
 
 
 
 
 
 
 
 
 
 
 
 
 
 
 
 ************************************************************************************************************************
 ********************                                                                                ********************
 ********************       OBJECTIVE FUNCTION EVALUATION BY IMPORTANCE/MAP SAMPLING (NO PRIOR)      ********************
 ********************                    EIGENVALUES OF COR MATRIX OF ESTIMATE (S)                   ********************
 ********************                                                                                ********************
 ************************************************************************************************************************
 

             1         2         3         4         5         6         7         8         9        10        11        12
             13        14        15        16        17        18
 
         1.30E-03  1.74E-03  2.29E-03  5.30E-03  9.65E-03  2.98E-01  4.42E-01  6.88E-01  7.32E-01  8.89E-01  9.85E-01  1.15E+00
          1.29E+00  1.38E+00  1.43E+00  2.28E+00  2.71E+00  3.72E+00
 
 Elapsed postprocess time in seconds:     6.29
 Elapsed finaloutput time in seconds:     2.41
 #CPUT: Total CPU Time in Seconds,      754.339
Stop Time:
Mon Nov 14 16:51:44 CET 2022
