Mon Dec  5 15:42:09 CET 2022
;; 1. Based on: 30
;; 2. Description:
;;    Final frem30.dir mdoel
;; 3. Label:
;;    SimVal base model
;------------------------------------------------------------------------------
$PROBLEM    run 1
$INPUT      ID TIME AMT EVID RATE DV FOOD FREMTYPE
$DATA      frem_dataset_noSEX.csv IGNORE=@
$SUBROUTINE ADVAN2 TRANS2
$PK
;;; MATFOOD-DEFINITION START
IF(FOOD.EQ.1) MATFOOD = 1  ; Most common
IF(FOOD.EQ.0) MATFOOD = ( 1 + THETA(6))
;;; MATFOOD-DEFINITION END

;;; MAT-RELATION START
MATCOVTIME = MATFOOD
;;; MAT-RELATION END


;;; FRELFOOD-DEFINITION START
IF(FOOD.EQ.1) FRELFOOD = 1  ; Most common
IF(FOOD.EQ.0) FRELFOOD = ( 1 + THETA(7))
;;; FRELFOOD-DEFINITION END

;;; FREL-RELATION START
FRELCOVTIME = FRELFOOD
;;; FREL-RELATION END

TVFREL  = THETA(1)
TVCL    = THETA(2)
TVV     = THETA(3)
TVMAT   = THETA(4)
TVD1    = THETA(5)

;MU_1  = LOG(TVRUV)
MU_2  = TVD1
MU_3  = LOG(TVCL)
MU_4  = LOG(TVV)
MU_5  = LOG(TVMAT)

D1FR  = MU_2                   + ETA(2)
FREL  = TVFREL*FRELCOVTIME
CL    = EXP(MU_3               + ETA(3))
V     = EXP(MU_4               + ETA(4))
MAT   = MATCOVTIME * EXP(MU_5  + ETA(5))
D1    = MAT*(1-D1FR)

F1    = FREL
KA    = 1 / (MAT-D1)
S2    = V


      MU_6 = THETA(8)
      COV6 = MU_6 + ETA(6)
      MU_7 = THETA(9)
      COV7 = MU_7 + ETA(7)
      MU_8 = THETA(10)
      COV8 = MU_8 + ETA(8)
      MU_9 = THETA(11)
      COV9 = MU_9 + ETA(9)
      MU_10 = THETA(12)
      COV10 = MU_10 + ETA(10)
      MU_11 = THETA(13)
      COV11 = MU_11 + ETA(11)
      MU_12 = THETA(14)
      COV12 = MU_12 + ETA(12)
      MU_13 = THETA(15)
      COV13 = MU_13 + ETA(13)
      MU_14 = THETA(16)
      COV14 = MU_14 + ETA(14)
      MU_15 = THETA(17)
      COV15 = MU_15 + ETA(15)
      MU_16 = THETA(18)
      COV16 = MU_16 + ETA(16)
      MU_17 = THETA(19)
      COV17 = MU_17 + ETA(17)
      MU_18 = THETA(20)
      COV18 = MU_18 + ETA(18)
      MU_19 = THETA(21)
      COV19 = MU_19 + ETA(19)
      MU_20 = THETA(22)
      COV20 = MU_20 + ETA(20)
      MU_21 = THETA(23)
      COV21 = MU_21 + ETA(21)
      MU_22 = THETA(24)
      COV22 = MU_22 + ETA(22)
$ERROR
CP    = A(2)*1000 / V
IPRED = LOG(CP + 0.00001)
Y     = IPRED + EPS(1) * EXP(ETA(1))


;;;FREM CODE BEGIN COMPACT
      IF(FREMTYPE.EQ.100) THEN
;       WT
        Y = COV6 + EPS(2)
        IPRED = COV6
      ENDIF
      IF(FREMTYPE.EQ.200) THEN
;       HT
        Y = COV7 + EPS(2)
        IPRED = COV7
      ENDIF
      IF(FREMTYPE.EQ.300) THEN
;       LBWT
        Y = COV8 + EPS(2)
        IPRED = COV8
      ENDIF
      IF(FREMTYPE.EQ.400) THEN
;       BSA
        Y = COV9 + EPS(2)
        IPRED = COV9
      ENDIF
      IF(FREMTYPE.EQ.500) THEN
;       AGE
        Y = COV10 + EPS(2)
        IPRED = COV10
      ENDIF
      IF(FREMTYPE.EQ.600) THEN
;       AST
        Y = COV11 + EPS(2)
        IPRED = COV11
      ENDIF
      IF(FREMTYPE.EQ.700) THEN
;       ALT
        Y = COV12 + EPS(2)
        IPRED = COV12
      ENDIF
      IF(FREMTYPE.EQ.800) THEN
;       BILI
        Y = COV13 + EPS(2)
        IPRED = COV13
      ENDIF
      IF(FREMTYPE.EQ.900) THEN
;       CRCL
        Y = COV14 + EPS(2)
        IPRED = COV14
      ENDIF
      IF(FREMTYPE.EQ.1000) THEN
;       BMI
        Y = COV15 + EPS(2)
        IPRED = COV15
      ENDIF
      IF(FREMTYPE.EQ.1100) THEN
;       RACEL_3
        Y = COV16 + EPS(2)
        IPRED = COV16
      ENDIF
      IF(FREMTYPE.EQ.1200) THEN
;       RACEL_2
        Y = COV17 + EPS(2)
        IPRED = COV17
      ENDIF
      IF(FREMTYPE.EQ.1300) THEN
;       NCIL_2
        Y = COV18 + EPS(2)
        IPRED = COV18
      ENDIF
      IF(FREMTYPE.EQ.1400) THEN
;       NCIL_1
        Y = COV19 + EPS(2)
        IPRED = COV19
      ENDIF
      IF(FREMTYPE.EQ.1500) THEN
;       GENO2
        Y = COV20 + EPS(2)
        IPRED = COV20
      ENDIF
      IF(FREMTYPE.EQ.1600) THEN
;       ETHNIC
        Y = COV21 + EPS(2)
        IPRED = COV21
      ENDIF
      IF(FREMTYPE.EQ.1700) THEN
;       SMOK
        Y = COV22 + EPS(2)
        IPRED = COV22
      ENDIF
;;;FREM CODE END COMPACT

$THETA  1 FIX ; 1 TV_BASE1
$THETA  6.14514 ; 2 TV_BASE2
$THETA  122.525 ; 3 TV_BASE3
$THETA  1.88694 ; 4 TV_BASE4
$THETA  0.670374 ; 5 TV_BASE5
$THETA  -0.0522225 ; 6 TV_BASE6
$THETA  0.121132 ; 7 TV_BASE7
$THETA  86.8633 ; 8 TV_WT
$THETA  169.651 ; 9 TV_HT
$THETA  57.5254 ; 10 TV_LBWT
$THETA  2.01183 ; 11 TV_BSA
$THETA  43.8226 ; 12 TV_AGE
$THETA  25.5516 ; 13 TV_AST
$THETA  28.5493 ; 14 TV_ALT
$THETA  9.81901 ; 15 TV_BILI
$THETA  119.212 ; 16 TV_CRCL
$THETA  30.0976 ; 17 TV_BMI
$THETA  0.0246596 ; 18 TV_RACEL_3
$THETA  0.195798 ; 19 TV_RACEL_2
$THETA  0.0224549 ; 20 TV_NCIL_2
$THETA  0.157896 ; 21 TV_NCIL_1
$THETA  1.8036 ; 22 TV_GENO2
$THETA  0.458201 ; 23 TV_ETHNIC
$THETA  0.0369864 ; 24 TV_SMOK
$OMEGA  BLOCK(1)
 0.0541999
$OMEGA  BLOCK(1)
 1E-04
$OMEGA  BLOCK(20)
 0.183435  ; 3 BSV_BASE3
 0.137661 0.196733  ; 4 BSV_BASE4
 0.0136641 0.0282188 0.0473756  ; 5 BSV_BASE5
 2.4222 3.92909 0.350015 432.543  ;   6 BSV_WT
 0.127998 0.021 0.100029 104.131 104.095  ;   7 BSV_HT
 0.666724 0.792017 0.195637 181.089 94.8366 123.336  ; 8 BSV_LBWT
 0.0287738 0.0459165 0.00464313 5.59003 1.81187 2.6657 0.0752155  ;  9 BSV_BSA
 0.701637 0.909366 0.0836751 64.2565 -8.6079 16.5304 0.70081 177.113  ; 10 BSV_AGE
 -0.251462 0.17594 -0.281731 25.4064 14.3898 19.9453 0.393441 21.189 125.748  ; 11 BSV_AST
 -0.253527 0.160016 0.104703 51.9152 26.3127 40.2234 0.777756 19.3603 157.022 300.217  ; 12 BSV_ALT
 -0.476132 -0.276369 -0.123245 0.0888749 12.8684 10.09 0.0757738 -12.7251 7.61158 10.7853 27.7596  ; 13 BSV_BILI
 1.6075 2.8213 0.41529 267.257 54.6493 90.4787 3.43366 -144.73 3.33242 26.0449 -10.3118 626.339  ; 14 BSV_CRCL
 0.779549 1.33402 0.0758799 109.832 -1.39477 27.318 1.25871 24.7927 3.68852 8.78061 -4.29812 73.508 38.2588  ; 15 BSV_BMI
 -0.00520646 -0.00649566 0.000836734 -0.279906 -0.14328 -0.118583 -0.00401741 0.0124454 -0.0306336 0.0290185 0.0573855 -0.151578 -0.0471858
 0.0240089  ; 16 BSV_RACEL_3
 -0.00205181 0.00539926 -0.00233377 0.410641 0.652586 0.344738 0.00818335 -0.947977 -0.250417 -1.2021 0.0407131 -0.90198 -0.0996553 -0.00498082
 0.157669  ; 17 BSV_RACEL_2
 -0.0106033 -0.00342586 -0.002829 -0.0987262 0.0627517 0.0477866 -0.000747647 -0.0325867 0.21578 0.315912 0.472319 -0.359349 -0.0532011 -0.000442111
 0.000264146 0.0225553  ; 18 BSV_NCIL_2
 -0.0288916 -0.0105478 -0.00454967 0.478708 0.718929 0.719799 0.00996643 -0.105498 1.62038 3.47002 0.700085 -0.0195396 -0.086853 0.00510647
 -0.00848174 -0.00363168 0.132082  ; 19 BSV_NCIL_1
 0.118593 0.117165 0.00231381 -0.0264943 -0.245131 -0.170493 -0.00169642 0.278638 -0.0668201 -0.209589 -0.132641 -0.126858 0.0789434 -0.00739947
 -0.000340582 -0.000354871 -0.0139211 0.158199  ; 20 BSV_GENO2
 -0.00827334 -0.031517 0.000344643 -3.32889 -1.73893 -1.74645 -0.0488599 -0.134246 -0.492962 0.0117242 -0.29347 -1.01561 -0.527158 -0.0112897
 -0.0642058 -0.00402577 -0.0132472 0.0203806 0.248758  ; 21 BSV_ETHNIC
 0.0143385 0.0122878 0.00182188 0.133204 0.0551072 0.000468563 0.00185725 -0.076698 0.0353325 0.0892892 -0.0177387 -0.102328 0.0331443 0.00224461
 -0.00310526 -0.000857598 -6.18609E-05 2.5645E-05 -0.0100051 0.0356667  ; 22 BSV_SMOK
$SIGMA  0.0310236  ;     1. RUV
$SIGMA  1E-07  FIX  ;     EPSCOV
$ESTIMATION METHOD=IMPMAP AUTO=1 RANMETHOD=3P INTER NOABORT PRINT=1
            NOCOV=1 ISAMPEND=100 NITER=50 ISAMPLE=300
$ESTIMATION METHOD=IMPMAP INTER EONLY=1 NITER=50 ISAMPLE=10000 NOCOV=0
            PHITYPE=1
;$COVARIANCE  UNCONDITIONAL

; $TABLE      NO ID STUDYID TAD TIME DAY AMT RATE ODV DV EVID BLQ DOSE

;             FOOD FORM TYPE WT HT LBWT BSA SEX RACE AGE AST ALT BILI

;             CRCL BMI NCI GENO2 ETHNIC SMOK RACE NCIL CPRED CIPREDI

;             CWRES CIWRES ETAS(1:LAST) NOPRINT ONEHEADER FILE=xptab31_new


NM-TRAN MESSAGES
  
 WARNINGS AND ERRORS (IF ANY) FOR PROBLEM    1
             
 (WARNING  2) NM-TRAN INFERS THAT THE DATA ARE POPULATION.

License Registered to: Pharmetheus AB
Expiration Date:    14 JAN 2023
Current Date:        5 DEC 2022
Days until program expires :  44
1NONLINEAR MIXED EFFECTS MODEL PROGRAM (NONMEM) VERSION 7.5.0
 ORIGINALLY DEVELOPED BY STUART BEAL, LEWIS SHEINER, AND ALISON BOECKMANN
 CURRENT DEVELOPERS ARE ROBERT BAUER, ICON DEVELOPMENT SOLUTIONS,
 AND ALISON BOECKMANN. IMPLEMENTATION, EFFICIENCY, AND STANDARDIZATION
 PERFORMED BY NOUS INFOSYSTEMS.

 PROBLEM NO.:         1
 run 1
0DATA CHECKOUT RUN:              NO
 DATA SET LOCATED ON UNIT NO.:    2
 THIS UNIT TO BE REWOUND:        NO
 NO. OF DATA RECS IN DATA SET:    44766
 NO. OF DATA ITEMS IN DATA SET:   9
 ID DATA ITEM IS DATA ITEM NO.:   1
 DEP VARIABLE IS DATA ITEM NO.:   6
 MDV DATA ITEM IS DATA ITEM NO.:  9
0INDICES PASSED TO SUBROUTINE PRED:
   4   2   3   5   0   0   0   0   0   0   0
0LABELS FOR DATA ITEMS:
 ID TIME AMT EVID RATE DV FOOD FREMTYPE MDV
0FORMAT FOR DATA:
 (E4.0,E7.0,E5.0,E2.0,E3.0,E11.0,E2.0,E5.0,1F2.0)

 TOT. NO. OF OBS RECS:    17018
 TOT. NO. OF INDIVIDUALS:      760
0LENGTH OF THETA:  24
0DEFAULT THETA BOUNDARY TEST OMITTED:    NO
0OMEGA HAS BLOCK FORM:
  1
  0  2
  0  0  3
  0  0  3  3
  0  0  3  3  3
  0  0  3  3  3  3
  0  0  3  3  3  3  3
  0  0  3  3  3  3  3  3
  0  0  3  3  3  3  3  3  3
  0  0  3  3  3  3  3  3  3  3
  0  0  3  3  3  3  3  3  3  3  3
  0  0  3  3  3  3  3  3  3  3  3  3
  0  0  3  3  3  3  3  3  3  3  3  3  3
  0  0  3  3  3  3  3  3  3  3  3  3  3  3
  0  0  3  3  3  3  3  3  3  3  3  3  3  3  3
  0  0  3  3  3  3  3  3  3  3  3  3  3  3  3  3
  0  0  3  3  3  3  3  3  3  3  3  3  3  3  3  3  3
  0  0  3  3  3  3  3  3  3  3  3  3  3  3  3  3  3  3
  0  0  3  3  3  3  3  3  3  3  3  3  3  3  3  3  3  3  3
  0  0  3  3  3  3  3  3  3  3  3  3  3  3  3  3  3  3  3  3
  0  0  3  3  3  3  3  3  3  3  3  3  3  3  3  3  3  3  3  3  3
  0  0  3  3  3  3  3  3  3  3  3  3  3  3  3  3  3  3  3  3  3  3
0DEFAULT OMEGA BOUNDARY TEST OMITTED:    NO
0SIGMA HAS BLOCK FORM:
  1
  0  2
0DEFAULT SIGMA BOUNDARY TEST OMITTED:    NO
0INITIAL ESTIMATE OF THETA:
 LOWER BOUND    INITIAL EST    UPPER BOUND
  0.1000E+01     0.1000E+01     0.1000E+01
 -0.1000E+07     0.6145E+01     0.1000E+07
 -0.1000E+07     0.1225E+03     0.1000E+07
 -0.1000E+07     0.1887E+01     0.1000E+07
 -0.1000E+07     0.6704E+00     0.1000E+07
 -0.1000E+07    -0.5222E-01     0.1000E+07
 -0.1000E+07     0.1211E+00     0.1000E+07
 -0.1000E+07     0.8686E+02     0.1000E+07
 -0.1000E+07     0.1697E+03     0.1000E+07
 -0.1000E+07     0.5753E+02     0.1000E+07
 -0.1000E+07     0.2012E+01     0.1000E+07
 -0.1000E+07     0.4382E+02     0.1000E+07
 -0.1000E+07     0.2555E+02     0.1000E+07
 -0.1000E+07     0.2855E+02     0.1000E+07
 -0.1000E+07     0.9819E+01     0.1000E+07
 -0.1000E+07     0.1192E+03     0.1000E+07
 -0.1000E+07     0.3010E+02     0.1000E+07
 -0.1000E+07     0.2466E-01     0.1000E+07
 -0.1000E+07     0.1958E+00     0.1000E+07
 -0.1000E+07     0.2245E-01     0.1000E+07
 -0.1000E+07     0.1579E+00     0.1000E+07
 -0.1000E+07     0.1804E+01     0.1000E+07
 -0.1000E+07     0.4582E+00     0.1000E+07
 -0.1000E+07     0.3699E-01     0.1000E+07
0INITIAL ESTIMATE OF OMEGA:
 BLOCK SET NO.   BLOCK                                                                    FIXED
        1                                                                                   NO
                  0.5420E-01
        2                                                                                   NO
                  0.1000E-03
        3                                                                                   NO
 DIMENSION OF BLOCK EXCEEDS 8
 INITL. EST. OF BLOCK NOT PRINTED
0INITIAL ESTIMATE OF SIGMA:
 BLOCK SET NO.   BLOCK                                                                    FIXED
        1                                                                                   NO
                  0.3102E-01
        2                                                                                  YES
                  0.1000E-06
1DOUBLE PRECISION PREDPP VERSION 7.5.0

 ONE COMPARTMENT MODEL WITH FIRST-ORDER ABSORPTION (ADVAN2)
0MAXIMUM NO. OF BASIC PK PARAMETERS:   3
0BASIC PK PARAMETERS (AFTER TRANSLATION):
   ELIMINATION RATE (K) IS BASIC PK PARAMETER NO.:  1
   ABSORPTION RATE (KA) IS BASIC PK PARAMETER NO.:  3

 TRANSLATOR WILL CONVERT PARAMETERS
 CLEARANCE (CL) AND VOLUME (V) TO K (TRANS2)
0COMPARTMENT ATTRIBUTES
 COMPT. NO.   FUNCTION   INITIAL    ON/OFF      DOSE      DEFAULT    DEFAULT
                         STATUS     ALLOWED    ALLOWED    FOR DOSE   FOR OBS.
    1         DEPOT        OFF        YES        YES        YES        NO
    2         CENTRAL      ON         NO         YES        NO         YES
    3         OUTPUT       OFF        YES        NO         NO         NO
1
 ADDITIONAL PK PARAMETERS - ASSIGNMENT OF ROWS IN GG
 COMPT. NO.                             INDICES
              SCALE      BIOAVAIL.   ZERO-ORDER  ZERO-ORDER  ABSORB
                         FRACTION    RATE        DURATION    LAG
    1            *           5           *           4           *
    2            6           *           *           *           *
    3            *           -           -           -           -
             - PARAMETER IS NOT ALLOWED FOR THIS MODEL
             * PARAMETER IS NOT SUPPLIED BY PK SUBROUTINE;
               WILL DEFAULT TO ONE IF APPLICABLE
0DATA ITEM INDICES USED BY PRED ARE:
   EVENT ID DATA ITEM IS DATA ITEM NO.:      4
   TIME DATA ITEM IS DATA ITEM NO.:          2
   DOSE AMOUNT DATA ITEM IS DATA ITEM NO.:   3
   DOSE RATE DATA ITEM IS DATA ITEM NO.:     5

0PK SUBROUTINE CALLED WITH EVERY EVENT RECORD.
 PK SUBROUTINE NOT CALLED AT NONEVENT (ADDITIONAL OR LAGGED) DOSE TIMES.
0ERROR SUBROUTINE CALLED WITH EVERY EVENT RECORD.
0ERROR SUBROUTINE INDICATES THAT DERIVATIVES OF COMPARTMENT AMOUNTS ARE USED.

 #PARA: PARAFILE=/usr/local/arch/nonmem/nonmem-7.5.0g75om31/run/mpilinux8.pnm, PROTOCOL=MPI, NODES= 12

1


 #TBLN:      1
 #METH: Importance Sampling assisted by MAP Estimation (No Prior)

 ESTIMATION STEP OMITTED:                 NO
 ANALYSIS TYPE:                           POPULATION
 NUMBER OF SADDLE POINT RESET ITERATIONS:      0
 GRADIENT METHOD USED:               NOSLOW
 CONDITIONAL ESTIMATES USED:              YES
 CENTERED ETA:                            NO
 EPS-ETA INTERACTION:                     YES
 LAPLACIAN OBJ. FUNC.:                    NO
 NO. OF FUNCT. EVALS. ALLOWED:            10200
 NO. OF SIG. FIGURES REQUIRED:            3
 INTERMEDIATE PRINTOUT:                   YES
 ESTIMATE OUTPUT TO MSF:                  NO
 ABORT WITH PRED EXIT CODE 1:             NO
 IND. OBJ. FUNC. VALUES SORTED:           NO
 NUMERICAL DERIVATIVE
       FILE REQUEST (NUMDER):               NONE
 MAP (ETAHAT) ESTIMATION METHOD (OPTMAP):   0
 ETA HESSIAN EVALUATION METHOD (ETADER):    0
 INITIAL ETA FOR MAP ESTIMATION (MCETA):    3
 SIGDIGITS FOR MAP ESTIMATION (SIGLO):      100
 GRADIENT SIGDIGITS OF
       FIXED EFFECTS PARAMETERS (SIGL):     100
 NOPRIOR SETTING (NOPRIOR):                 1
 NOCOV SETTING (NOCOV):                     ON
 DERCONT SETTING (DERCONT):                 OFF
 FINAL ETA RE-EVALUATION (FNLETA):          1
 EXCLUDE NON-INFLUENTIAL (NON-INFL.) ETAS
       IN SHRINKAGE (ETASTYPE):             NO
 NON-INFL. ETA CORRECTION (NONINFETA):      0
 RAW OUTPUT FILE (FILE): psn.ext
 EXCLUDE TITLE (NOTITLE):                   NO
 EXCLUDE COLUMN LABELS (NOLABEL):           NO
 FORMAT FOR ADDITIONAL FILES (FORMAT):      S1PE12.5
 PARAMETER ORDER FOR OUTPUTS (ORDER):       TSOL
 KNUTHSUMOFF:                               0
 INCLUDE LNTWOPI:                           NO
 INCLUDE CONSTANT TERM TO PRIOR (PRIORC):   NO
 INCLUDE CONSTANT TERM TO OMEGA (ETA) (OLNTWOPI):NO
 EM OR BAYESIAN METHOD USED:                IMPORTANCE SAMPLING ASSISTED BY MAP ESTIMATION (IMPMAP)
 MU MODELING PATTERN (MUM):
 GRADIENT/GIBBS PATTERN (GRD):
 AUTOMATIC SETTING FEATURE (AUTO):          1
 CONVERGENCE TYPE (CTYPE):                  3
 CONVERGENCE INTERVAL (CINTERVAL):          1
 CONVERGENCE ITERATIONS (CITER):            10
 CONVERGENCE ALPHA ERROR (CALPHA):          5.000000000000000E-02
 ITERATIONS (NITER):                        50
 ANNEAL SETTING (CONSTRAIN):                 1
 STARTING SEED FOR MC METHODS (SEED):       11456
 MC SAMPLES PER SUBJECT (ISAMPLE):          300
 RANDOM SAMPLING METHOD (RANMETHOD):        3UP
 EXPECTATION ONLY (EONLY):                  0
 PROPOSAL DENSITY SCALING RANGE
              (ISCALE_MIN, ISCALE_MAX):     0.100000000000000       ,10.0000000000000
 SAMPLE ACCEPTANCE RATE (IACCEPT):          0.00000000000000
 LONG TAIL SAMPLE ACCEPT. RATE (IACCEPTL):   0.00000000000000
 T-DIST. PROPOSAL DENSITY (DF):             0
 NO. ITERATIONS FOR MAP (MAPITER):          1
 INTERVAL ITER. FOR MAP (MAPINTER):         0
 MAP COVARIANCE/MODE SETTING (MAPCOV):      1
 Gradient Quick Value (GRDQ):               0.00000000000000


 THE FOLLOWING LABELS ARE EQUIVALENT
 PRED=PREDI
 RES=RESI
 WRES=WRESI
 IWRS=IWRESI
 IPRD=IPREDI
 IRS=IRESI

 EM/BAYES SETUP:
 THETAS THAT ARE MU MODELED:
   2   3   4   5   8   9  10  11  12  13  14  15  16  17  18  19  20  21  22  23  24
 THETAS THAT ARE SIGMA-LIKE:
 

 MONITORING OF SEARCH:

 iteration            0  OBJ=   1316.5174906961370 eff.=     348. Smpl.=     300. Fit.= 0.99994
 iteration            1  OBJ=   1316.0726205815704 eff.=     105. Smpl.=     300. Fit.= 0.99978
 iteration            2  OBJ=   1311.0518215392565 eff.=      91. Smpl.=     300. Fit.= 0.99977
 iteration            3  OBJ=   1324.2388496527649 eff.=      75. Smpl.=     300. Fit.= 0.99974
 iteration            4  OBJ=   1315.0612839663509 eff.=      62. Smpl.=     300. Fit.= 0.99972
 iteration            5  OBJ=   1315.6289040246240 eff.=      47. Smpl.=     300. Fit.= 0.99969
 iteration            6  OBJ=   1307.0717163473412 eff.=      34. Smpl.=     300. Fit.= 0.99966
 iteration            7  OBJ=   1322.3391998659977 eff.=      54. Smpl.=     300. Fit.= 0.99981
 iteration            8  OBJ=   1315.0114794880590 eff.=      98. Smpl.=     300. Fit.= 0.99991
 iteration            9  OBJ=   1312.3394043548712 eff.=     116. Smpl.=     300. Fit.= 0.99994
 iteration           10  OBJ=   1311.4492866428129 eff.=     122. Smpl.=     300. Fit.= 0.99995
 iteration           11  OBJ=   1311.5066405746256 eff.=     123. Smpl.=     300. Fit.= 0.99995
 iteration           12  OBJ=   1310.1135076893561 eff.=     123. Smpl.=     300. Fit.= 0.99994
 iteration           13  OBJ=   1314.6597095358181 eff.=     122. Smpl.=     300. Fit.= 0.99994
 iteration           14  OBJ=   1306.9200191110301 eff.=     123. Smpl.=     300. Fit.= 0.99994
 iteration           15  OBJ=   1320.5704610327712 eff.=     121. Smpl.=     300. Fit.= 0.99994
 iteration           16  OBJ=   1306.8372361532840 eff.=     123. Smpl.=     300. Fit.= 0.99994
 iteration           17  OBJ=   1314.1360544842939 eff.=     121. Smpl.=     300. Fit.= 0.99994
 iteration           18  OBJ=   1310.2295227390512 eff.=     122. Smpl.=     300. Fit.= 0.99994
 iteration           19  OBJ=   1311.4167729928754 eff.=     121. Smpl.=     300. Fit.= 0.99993
 iteration           20  OBJ=   1310.9009562951228 eff.=     121. Smpl.=     300. Fit.= 0.99993
 iteration           21  OBJ=   1316.2211450177062 eff.=     120. Smpl.=     300. Fit.= 0.99993
 iteration           22  OBJ=   1318.4620409127717 eff.=     121. Smpl.=     300. Fit.= 0.99993
 iteration           23  OBJ=   1313.1139221270271 eff.=     121. Smpl.=     300. Fit.= 0.99993
 iteration           24  OBJ=   1313.2836085521988 eff.=     121. Smpl.=     300. Fit.= 0.99993
 iteration           25  OBJ=   1308.0760433153469 eff.=     121. Smpl.=     300. Fit.= 0.99993
 iteration           26  OBJ=   1311.3696260127697 eff.=     121. Smpl.=     300. Fit.= 0.99993
 iteration           27  OBJ=   1307.6763024714292 eff.=     121. Smpl.=     300. Fit.= 0.99993
 iteration           28  OBJ=   1316.1222989987587 eff.=     120. Smpl.=     300. Fit.= 0.99993
 iteration           29  OBJ=   1311.3753603935629 eff.=     121. Smpl.=     300. Fit.= 0.99993
 iteration           30  OBJ=   1305.4329656347672 eff.=     121. Smpl.=     300. Fit.= 0.99993
 iteration           31  OBJ=   1317.5036571934520 eff.=     120. Smpl.=     300. Fit.= 0.99993
 iteration           32  OBJ=   1313.6306469585759 eff.=     121. Smpl.=     300. Fit.= 0.99993
 iteration           33  OBJ=   1315.0801807828823 eff.=     120. Smpl.=     300. Fit.= 0.99993
 iteration           34  OBJ=   1311.6775143459145 eff.=     121. Smpl.=     300. Fit.= 0.99993
 iteration           35  OBJ=   1313.9330664011602 eff.=     120. Smpl.=     300. Fit.= 0.99993
 iteration           36  OBJ=   1315.1291249401008 eff.=     120. Smpl.=     300. Fit.= 0.99993
 iteration           37  OBJ=   1320.2787905450289 eff.=     120. Smpl.=     300. Fit.= 0.99993
 iteration           38  OBJ=   1307.0757445030749 eff.=     122. Smpl.=     300. Fit.= 0.99993
 iteration           39  OBJ=   1308.3046104534751 eff.=     120. Smpl.=     300. Fit.= 0.99993
 iteration           40  OBJ=   1310.5154170740145 eff.=     120. Smpl.=     300. Fit.= 0.99993
 iteration           41  OBJ=   1303.3442818546071 eff.=     122. Smpl.=     300. Fit.= 0.99993
 iteration           42  OBJ=   1304.5755336877062 eff.=     121. Smpl.=     300. Fit.= 0.99992
 iteration           43  OBJ=   1317.2513732227465 eff.=     119. Smpl.=     300. Fit.= 0.99992
 iteration           44  OBJ=   1312.9475746958035 eff.=     120. Smpl.=     300. Fit.= 0.99993
 iteration           45  OBJ=   1304.7382017483556 eff.=     121. Smpl.=     300. Fit.= 0.99992
 iteration           46  OBJ=   1311.9989245618951 eff.=     119. Smpl.=     300. Fit.= 0.99992
 iteration           47  OBJ=   1314.3722786986914 eff.=     120. Smpl.=     300. Fit.= 0.99993
 iteration           48  OBJ=   1306.6685484779800 eff.=     121. Smpl.=     300. Fit.= 0.99993
 iteration           49  OBJ=   1309.9921321151837 eff.=     120. Smpl.=     300. Fit.= 0.99993
 iteration           50  OBJ=   1309.7228176113263 eff.=     120. Smpl.=     300. Fit.= 0.99993

 #TERM:
 OPTIMIZATION WAS NOT COMPLETED


 ETABAR IS THE ARITHMETIC MEAN OF THE ETA-ESTIMATES,
 AND THE P-VALUE IS GIVEN FOR THE NULL HYPOTHESIS THAT THE TRUE MEAN IS 0.

 ETABAR:        -1.5998E-03 -1.1586E-04 -1.1906E-04 -4.9450E-04 -4.8983E-04 -2.5927E-02  7.7294E-07 -4.7632E-03 -3.0101E-04  6.6972E-03
                -1.1163E-02 -2.0558E-02  1.8825E-03 -6.4972E-03 -9.2724E-03  5.8211E-05  2.6011E-05  4.0982E-05  5.0406E-04 -1.0547E-03
                -4.9064E-05 -2.3628E-07
 SE:             5.0988E-03  3.8864E-05  1.5606E-02  1.5625E-02  5.7072E-03  7.6148E-01  3.7736E-01  4.0795E-01  1.0066E-02  4.5761E-01
                 3.8409E-01  6.1237E-01  1.8145E-01  8.8876E-01  2.2588E-01  5.5948E-03  1.4387E-02  5.4667E-03  1.3233E-02  1.3643E-02
                 1.7907E-02  6.9851E-03
 N:                     730         730         730         730         730         730         730         730         730         730
                        730         730         730         730         730         730         730         730         730         730
                        730         730

 P VAL.:         7.5370E-01  2.8720E-03  9.9391E-01  9.7475E-01  9.3160E-01  9.7284E-01  1.0000E+00  9.9068E-01  9.7614E-01  9.8832E-01
                 9.7681E-01  9.7322E-01  9.9172E-01  9.9417E-01  9.6726E-01  9.9170E-01  9.9856E-01  9.9402E-01  9.6962E-01  9.3838E-01
                 9.9781E-01  9.9997E-01

 ETASHRINKSD(%)  4.1306E+01  9.0248E+01  1.5555E+00  5.5435E+00  2.9339E+01  1.1860E+00  6.1828E-06  7.3304E-01  8.8831E-01  7.2161E+00
                 7.3358E+00  4.4054E+00  6.9729E+00  4.3935E+00  1.5538E+00  2.4189E+00  2.0632E+00  1.6014E+00  1.5439E+00  7.3914E+00
                 3.0142E+00  1.0000E-10
 ETASHRINKVR(%)  6.5550E+01  9.9049E+01  3.0868E+00  1.0780E+01  5.0070E+01  2.3578E+00  1.2366E-05  1.4607E+00  1.7687E+00  1.3911E+01
                 1.4134E+01  8.6167E+00  1.3459E+01  8.5939E+00  3.0835E+00  4.7794E+00  4.0837E+00  3.1771E+00  3.0640E+00  1.4237E+01
                 5.9376E+00  1.0000E-10
 EBVSHRINKSD(%)  4.0962E+01  9.5059E+01  1.6316E+00  5.3329E+00  2.9074E+01  1.1272E+00  4.7924E-08  6.9468E-01  8.4246E-01  7.1460E+00
                 7.4106E+00  4.4026E+00  7.0348E+00  4.4411E+00  1.4502E+00  2.4219E+00  2.0239E+00  1.6251E+00  1.4586E+00  7.3965E+00
                 3.0678E+00  1.3946E-04
 EBVSHRINKVR(%)  6.5146E+01  9.9756E+01  3.2367E+00  1.0381E+01  4.9696E+01  2.2418E+00  9.5849E-08  1.3845E+00  1.6778E+00  1.3781E+01
                 1.4272E+01  8.6113E+00  1.3575E+01  8.6849E+00  2.8794E+00  4.7852E+00  4.0068E+00  3.2238E+00  2.8960E+00  1.4246E+01
                 6.0415E+00  2.7893E-04
 RELATIVEINF(%)  3.4241E+01  1.3930E-01  1.0000E+02  2.7486E+01  1.6314E+01  1.0000E+02  1.0000E+02  9.4758E+01  8.2690E+01  6.5963E+01
                 5.8955E+01  6.7187E+01  6.2469E+01  7.4551E+01  9.2902E+01  9.4547E+01  9.3972E+01  9.5013E+01  9.3704E+01  5.6215E+01
                 9.0445E+01  1.0000E+02
 EPSSHRINKSD(%)  1.3516E+01  9.2290E+01
 EPSSHRINKVR(%)  2.5205E+01  9.9406E+01

  
 TOTAL DATA POINTS NORMALLY DISTRIBUTED (N):        17018
 N*LOG(2PI) CONSTANT TO OBJECTIVE FUNCTION:    31276.991916154238     
 OBJECTIVE FUNCTION VALUE WITHOUT CONSTANT:    1309.7228176113263     
 OBJECTIVE FUNCTION VALUE WITH CONSTANT:       32586.714733765566     
 REPORTED OBJECTIVE FUNCTION DOES NOT CONTAIN CONSTANT
  
 TOTAL EFFECTIVE ETAS (NIND*NETA):                         16060
  
 #TERE:
 Elapsed estimation  time in seconds:   381.19
1
 
 
 
 
 
 
 
 
 
 
 
 
 
 
 
 
 
 
 
 
 ************************************************************************************************************************
 ********************                                                                                ********************
 ********************            IMPORTANCE SAMPLING ASSISTED BY MAP ESTIMATION (NO PRIOR)           ********************
 #OBJT:**************                        FINAL VALUE OF OBJECTIVE FUNCTION                       ********************
 ********************                                                                                ********************
 ************************************************************************************************************************
 





 #OBJV:********************************************     1309.723       **************************************************
1
 ************************************************************************************************************************
 ********************                                                                                ********************
 ********************            IMPORTANCE SAMPLING ASSISTED BY MAP ESTIMATION (NO PRIOR)           ********************
 ********************                             FINAL PARAMETER ESTIMATE                           ********************
 ********************                                                                                ********************
 ************************************************************************************************************************
 


 THETA - VECTOR OF FIXED EFFECTS PARAMETERS   *********


         TH 1      TH 2      TH 3      TH 4      TH 5      TH 6      TH 7      TH 8      TH 9      TH10      TH11      TH12     
          TH13      TH14      TH15      TH16      TH17      TH18      TH19      TH20      TH21      TH22      TH23      TH24     

 
         1.00E+00  6.17E+00  1.24E+02  1.87E+00  6.67E-01 -5.52E-02  1.33E-01  8.69E+01  1.70E+02  5.75E+01  2.01E+00  4.38E+01
          2.55E+01  2.85E+01  9.82E+00  1.19E+02  3.01E+01  2.46E-02  1.96E-01  2.25E-02  1.57E-01  1.80E+00  4.59E-01  3.70E-02
 


 OMEGA - COV MATRIX FOR RANDOM EFFECTS - ETAS  ********


         ETA1      ETA2      ETA3      ETA4      ETA5      ETA6      ETA7      ETA8      ETA9      ET10      ET11      ET12     
          ET13      ET14      ET15      ET16      ET17      ET18      ET19      ET20      ET21      ET22     
 
 ETA1
+        5.52E-02
 
 ETA2
+        0.00E+00  1.16E-04
 
 ETA3
+        0.00E+00  0.00E+00  1.84E-01
 
 ETA4
+        0.00E+00  0.00E+00  1.39E-01  2.00E-01
 
 ETA5
+        0.00E+00  0.00E+00  1.23E-02  2.54E-02  4.77E-02
 
 ETA6
+        0.00E+00  0.00E+00  2.39E+00  3.96E+00  1.86E-01  4.34E+02
 
 ETA7
+        0.00E+00  0.00E+00  1.19E-01  6.01E-03  1.14E-01  1.04E+02  1.04E+02
 
 ETA8
+        0.00E+00  0.00E+00  6.39E-01  7.53E-01  2.03E-01  1.82E+02  9.47E+01  1.23E+02
 
 ETA9
+        0.00E+00  0.00E+00  2.84E-02  4.61E-02  2.91E-03  5.61E+00  1.81E+00  2.67E+00  7.54E-02
 
 ET10
+        0.00E+00  0.00E+00  6.93E-01  9.01E-01  1.70E-02  6.39E+01 -8.30E+00  1.65E+01  6.98E-01  1.78E+02
 
 ET11
+        0.00E+00  0.00E+00 -2.65E-01  1.60E-01 -3.08E-01  2.56E+01  1.43E+01  2.04E+01  3.96E-01  2.16E+01  1.26E+02
 
 ET12
+        0.00E+00  0.00E+00 -2.50E-01  1.46E-01  1.22E-01  5.26E+01  2.66E+01  4.09E+01  7.88E-01  2.02E+01  1.57E+02  3.00E+02
 
 ET13
+        0.00E+00  0.00E+00 -4.76E-01 -2.89E-01 -1.14E-01  4.34E-02  1.29E+01  1.00E+01  7.51E-02 -1.29E+01  7.74E+00  1.10E+01
          2.78E+01
 
 ET14
+        0.00E+00  0.00E+00  1.65E+00  2.90E+00  3.05E-01  2.70E+02  5.46E+01  9.17E+01  3.46E+00 -1.46E+02  2.89E+00  2.55E+01
         -1.13E+01  6.32E+02
 
1

         ETA1      ETA2      ETA3      ETA4      ETA5      ETA6      ETA7      ETA8      ETA9      ET10      ET11      ET12     
          ET13      ET14      ET15      ET16      ET17      ET18      ET19      ET20      ET21      ET22     
 
 ET15
+        0.00E+00  0.00E+00  7.72E-01  1.35E+00  1.17E-02  1.10E+02 -1.43E+00  2.76E+01  1.27E+00  2.45E+01  3.83E+00  8.95E+00
         -4.31E+00  7.44E+01  3.85E+01
 
 ET16
+        0.00E+00  0.00E+00 -4.91E-03 -6.40E-03  1.17E-03 -2.84E-01 -1.47E-01 -1.24E-01 -4.09E-03  1.70E-02 -2.79E-02  2.97E-02
          5.66E-02 -1.36E-01 -4.77E-02  2.40E-02
 
 ET17
+        0.00E+00  0.00E+00 -2.42E-03  5.28E-03 -2.18E-03  4.14E-01  6.51E-01  3.46E-01  8.23E-03 -9.60E-01 -2.46E-01 -1.21E+00
          4.03E-02 -8.73E-01 -9.68E-02 -5.03E-03  1.58E-01
 
 ET18
+        0.00E+00  0.00E+00 -1.06E-02 -3.80E-03 -2.64E-03 -1.04E-01  6.35E-02  4.44E-02 -7.99E-04 -3.73E-02  2.16E-01  3.14E-01
          4.73E-01 -3.70E-01 -5.52E-02 -4.70E-04  3.14E-04  2.26E-02
 
 ET19
+        0.00E+00  0.00E+00 -2.87E-02 -1.12E-02 -3.88E-03  4.84E-01  7.20E-01  7.32E-01  1.00E-02 -1.09E-01  1.61E+00  3.48E+00
          7.01E-01 -5.87E-02 -8.47E-02  5.06E-03 -8.60E-03 -3.71E-03  1.32E-01
 
 ET20
+        0.00E+00  0.00E+00  1.19E-01  1.18E-01  1.96E-03 -3.12E-02 -2.42E-01 -1.74E-01 -1.73E-03  2.88E-01 -6.35E-02 -2.00E-01
         -1.27E-01 -8.71E-02  7.60E-02 -7.43E-03 -7.37E-04 -5.53E-04 -1.30E-02  1.59E-01
 
 ET21
+        0.00E+00  0.00E+00 -8.42E-03 -3.24E-02  2.11E-03 -3.35E+00 -1.75E+00 -1.76E+00 -4.91E-02 -1.32E-01 -4.94E-01  7.04E-03
         -2.94E-01 -1.03E+00 -5.28E-01 -1.12E-02 -6.41E-02 -3.86E-03 -1.37E-02  2.07E-02  2.49E-01
 
 ET22
+        0.00E+00  0.00E+00  1.42E-02  1.22E-02  1.47E-03  1.34E-01  5.51E-02  8.91E-04  1.86E-03 -7.40E-02  3.17E-02  9.38E-02
         -1.68E-02 -1.06E-01  3.33E-02  2.17E-03 -3.10E-03 -8.46E-04 -3.40E-05  5.35E-05 -1.01E-02  3.57E-02
 


 SIGMA - COV MATRIX FOR RANDOM EFFECTS - EPSILONS  ****


         EPS1      EPS2     
 
 EPS1
+        3.13E-02
 
 EPS2
+        0.00E+00  1.00E-07
 
1


 OMEGA - CORR MATRIX FOR RANDOM EFFECTS - ETAS  *******


         ETA1      ETA2      ETA3      ETA4      ETA5      ETA6      ETA7      ETA8      ETA9      ET10      ET11      ET12     
          ET13      ET14      ET15      ET16      ET17      ET18      ET19      ET20      ET21      ET22     
 
 ETA1
+        2.35E-01
 
 ETA2
+        0.00E+00  1.08E-02
 
 ETA3
+        0.00E+00  0.00E+00  4.29E-01
 
 ETA4
+        0.00E+00  0.00E+00  7.24E-01  4.47E-01
 
 ETA5
+        0.00E+00  0.00E+00  1.32E-01  2.60E-01  2.18E-01
 
 ETA6
+        0.00E+00  0.00E+00  2.68E-01  4.25E-01  4.08E-02  2.08E+01
 
 ETA7
+        0.00E+00  0.00E+00  2.72E-02  1.32E-03  5.11E-02  4.89E-01  1.02E+01
 
 ETA8
+        0.00E+00  0.00E+00  1.34E-01  1.52E-01  8.39E-02  7.85E-01  8.36E-01  1.11E+01
 
 ETA9
+        0.00E+00  0.00E+00  2.41E-01  3.75E-01  4.86E-02  9.80E-01  6.46E-01  8.76E-01  2.75E-01
 
 ET10
+        0.00E+00  0.00E+00  1.21E-01  1.51E-01  5.83E-03  2.30E-01 -6.10E-02  1.11E-01  1.91E-01  1.33E+01
 
 ET11
+        0.00E+00  0.00E+00 -5.53E-02  3.19E-02 -1.26E-01  1.10E-01  1.25E-01  1.63E-01  1.29E-01  1.45E-01  1.12E+01
 
 ET12
+        0.00E+00  0.00E+00 -3.36E-02  1.89E-02  3.21E-02  1.46E-01  1.50E-01  2.12E-01  1.66E-01  8.75E-02  8.08E-01  1.73E+01
 
 ET13
+        0.00E+00  0.00E+00 -2.11E-01 -1.23E-01 -9.91E-02  3.95E-04  2.39E-01  1.72E-01  5.19E-02 -1.83E-01  1.31E-01  1.20E-01
          5.27E+00
 
 ET14
+        0.00E+00  0.00E+00  1.54E-01  2.58E-01  5.56E-02  5.15E-01  2.13E-01  3.28E-01  5.01E-01 -4.36E-01  1.02E-02  5.86E-02
         -8.52E-02  2.51E+01
 
 ET15
+        0.00E+00  0.00E+00  2.90E-01  4.86E-01  8.65E-03  8.54E-01 -2.26E-02  4.00E-01  7.43E-01  2.97E-01  5.51E-02  8.33E-02
         -1.32E-01  4.77E-01  6.20E+00
 
 ET16
+        0.00E+00  0.00E+00 -7.39E-02 -9.22E-02  3.47E-02 -8.78E-02 -9.30E-02 -7.23E-02 -9.61E-02  8.20E-03 -1.60E-02  1.10E-02
          6.92E-02 -3.50E-02 -4.96E-02  1.55E-01
 
 ET17
+        0.00E+00  0.00E+00 -1.42E-02  2.97E-02 -2.52E-02  5.01E-02  1.61E-01  7.85E-02  7.55E-02 -1.81E-01 -5.54E-02 -1.76E-01
          1.92E-02 -8.75E-02 -3.93E-02 -8.17E-02  3.97E-01
 
 ET18
+        0.00E+00  0.00E+00 -1.65E-01 -5.66E-02 -8.05E-02 -3.32E-02  4.14E-02  2.66E-02 -1.94E-02 -1.86E-02  1.28E-01  1.21E-01
          5.97E-01 -9.81E-02 -5.92E-02 -2.02E-02  5.26E-03  1.50E-01
 
 ET19
+        0.00E+00  0.00E+00 -1.85E-01 -6.89E-02 -4.89E-02  6.39E-02  1.94E-01  1.81E-01  1.01E-01 -2.24E-02  3.95E-01  5.52E-01
          3.66E-01 -6.42E-03 -3.76E-02  8.98E-02 -5.96E-02 -6.79E-02  3.63E-01
 
 ET20
+        0.00E+00  0.00E+00  6.96E-01  6.62E-01  2.25E-02 -3.76E-03 -5.96E-02 -3.92E-02 -1.58E-02  5.42E-02 -1.42E-02 -2.90E-02
         -6.02E-02 -8.70E-03  3.07E-02 -1.20E-01 -4.66E-03 -9.25E-03 -8.96E-02  3.98E-01
 
1

         ETA1      ETA2      ETA3      ETA4      ETA5      ETA6      ETA7      ETA8      ETA9      ET10      ET11      ET12     
          ET13      ET14      ET15      ET16      ET17      ET18      ET19      ET20      ET21      ET22     
 
 ET21
+        0.00E+00  0.00E+00 -3.94E-02 -1.45E-01  1.94E-02 -3.22E-01 -3.44E-01 -3.18E-01 -3.59E-01 -1.99E-02 -8.83E-02  8.14E-04
         -1.12E-01 -8.23E-02 -1.71E-01 -1.44E-01 -3.23E-01 -5.15E-02 -7.53E-02  1.04E-01  4.99E-01
 
 ET22
+        0.00E+00  0.00E+00  1.76E-01  1.45E-01  3.58E-02  3.40E-02  2.86E-02  4.25E-04  3.59E-02 -2.94E-02  1.50E-02  2.87E-02
         -1.69E-02 -2.23E-02  2.84E-02  7.42E-02 -4.13E-02 -2.98E-02 -4.95E-04  7.12E-04 -1.07E-01  1.89E-01
 


 SIGMA - CORR MATRIX FOR RANDOM EFFECTS - EPSILONS  ***


         EPS1      EPS2     
 
 EPS1
+        1.77E-01
 
 EPS2
+        0.00E+00  3.16E-04
 
1


 #TBLN:      2
 #METH: Objective Function Evaluation by Importance/MAP Sampling (No Prior)

 ESTIMATION STEP OMITTED:                 NO
 ANALYSIS TYPE:                           POPULATION
 NUMBER OF SADDLE POINT RESET ITERATIONS:      0
 GRADIENT METHOD USED:               NOSLOW
 CONDITIONAL ESTIMATES USED:              YES
 CENTERED ETA:                            NO
 EPS-ETA INTERACTION:                     YES
 LAPLACIAN OBJ. FUNC.:                    NO
 NO. OF FUNCT. EVALS. ALLOWED:            10200
 NO. OF SIG. FIGURES REQUIRED:            3
 INTERMEDIATE PRINTOUT:                   YES
 ESTIMATE OUTPUT TO MSF:                  NO
 ABORT WITH PRED EXIT CODE 1:             NO
 IND. OBJ. FUNC. VALUES SORTED:           NO
 NUMERICAL DERIVATIVE
       FILE REQUEST (NUMDER):               NONE
 MAP (ETAHAT) ESTIMATION METHOD (OPTMAP):   0
 ETA HESSIAN EVALUATION METHOD (ETADER):    0
 INITIAL ETA FOR MAP ESTIMATION (MCETA):    3
 SIGDIGITS FOR MAP ESTIMATION (SIGLO):      100
 GRADIENT SIGDIGITS OF
       FIXED EFFECTS PARAMETERS (SIGL):     100
 NOPRIOR SETTING (NOPRIOR):                 1
 NOCOV SETTING (NOCOV):                     OFF
 DERCONT SETTING (DERCONT):                 OFF
 FINAL ETA RE-EVALUATION (FNLETA):          1
 EXCLUDE NON-INFLUENTIAL (NON-INFL.) ETAS
       IN SHRINKAGE (ETASTYPE):             NO
 NON-INFL. ETA CORRECTION (NONINFETA):      0
 RAW OUTPUT FILE (FILE): psn.ext
 EXCLUDE TITLE (NOTITLE):                   NO
 EXCLUDE COLUMN LABELS (NOLABEL):           NO
 FORMAT FOR ADDITIONAL FILES (FORMAT):      S1PE12.5
 PARAMETER ORDER FOR OUTPUTS (ORDER):       TSOL
 KNUTHSUMOFF:                               0
 INCLUDE LNTWOPI:                           NO
 INCLUDE CONSTANT TERM TO PRIOR (PRIORC):   NO
 INCLUDE CONSTANT TERM TO OMEGA (ETA) (OLNTWOPI):NO
 EM OR BAYESIAN METHOD USED:                IMPORTANCE SAMPLING ASSISTED BY MAP ESTIMATION (IMPMAP)
 MU MODELING PATTERN (MUM):
 GRADIENT/GIBBS PATTERN (GRD):
 AUTOMATIC SETTING FEATURE (AUTO):          1
 CONVERGENCE TYPE (CTYPE):                  3
 CONVERGENCE INTERVAL (CINTERVAL):          1
 CONVERGENCE ITERATIONS (CITER):            10
 CONVERGENCE ALPHA ERROR (CALPHA):          5.000000000000000E-02
 ITERATIONS (NITER):                        50
 ANNEAL SETTING (CONSTRAIN):                 1
 STARTING SEED FOR MC METHODS (SEED):       11456
 MC SAMPLES PER SUBJECT (ISAMPLE):          10000
 RANDOM SAMPLING METHOD (RANMETHOD):        3UP
 EXPECTATION ONLY (EONLY):                  1
 PROPOSAL DENSITY SCALING RANGE
              (ISCALE_MIN, ISCALE_MAX):     0.100000000000000       ,10.0000000000000
 SAMPLE ACCEPTANCE RATE (IACCEPT):          0.00000000000000
 LONG TAIL SAMPLE ACCEPT. RATE (IACCEPTL):   0.00000000000000
 T-DIST. PROPOSAL DENSITY (DF):             0
 NO. ITERATIONS FOR MAP (MAPITER):          1
 INTERVAL ITER. FOR MAP (MAPINTER):         0
 MAP COVARIANCE/MODE SETTING (MAPCOV):      1
 Gradient Quick Value (GRDQ):               0.00000000000000


 THE FOLLOWING LABELS ARE EQUIVALENT
 PRED=PREDI
 RES=RESI
 WRES=WRESI
 IWRS=IWRESI
 IPRD=IPREDI
 IRS=IRESI

 EM/BAYES SETUP:
 THETAS THAT ARE MU MODELED:
   2   3   4   5   8   9  10  11  12  13  14  15  16  17  18  19  20  21  22  23  24
 THETAS THAT ARE SIGMA-LIKE:
 

 MONITORING OF SEARCH:

 iteration            0  OBJ=   1305.8712975578555 eff.=   11615. Smpl.=   10000. Fit.= 0.99994
 iteration            1  OBJ=   1306.5196262411685 eff.=    3501. Smpl.=   10000. Fit.= 0.99978
 iteration            2  OBJ=   1305.6473695631025 eff.=    3004. Smpl.=   10000. Fit.= 0.99976
 iteration            3  OBJ=   1307.4282882033231 eff.=    2498. Smpl.=   10000. Fit.= 0.99974
 iteration            4  OBJ=   1307.9637168945712 eff.=    2000. Smpl.=   10000. Fit.= 0.99971
 iteration            5  OBJ=   1305.8898723027030 eff.=    1502. Smpl.=   10000. Fit.= 0.99969
 iteration            6  OBJ=   1306.2832675908605 eff.=    1000. Smpl.=   10000. Fit.= 0.99965
 iteration            7  OBJ=   1306.0788909966307 eff.=    2311. Smpl.=   10000. Fit.= 0.99993
 iteration            8  OBJ=   1306.1743414528000 eff.=    4154. Smpl.=   10000. Fit.= 0.99995
 iteration            9  OBJ=   1305.5575507402757 eff.=    4076. Smpl.=   10000. Fit.= 0.99995
 iteration           10  OBJ=   1305.0080576745165 eff.=    4055. Smpl.=   10000. Fit.= 0.99995
 iteration           11  OBJ=   1305.5372880869058 eff.=    4042. Smpl.=   10000. Fit.= 0.99995
 Convergence achieved

 #TERM:
 EXPECTATION ONLY PROCESS WAS COMPLETED


 ETABAR IS THE ARITHMETIC MEAN OF THE ETA-ESTIMATES,
 AND THE P-VALUE IS GIVEN FOR THE NULL HYPOTHESIS THAT THE TRUE MEAN IS 0.

 ETABAR:        -2.9996E-05 -8.4054E-05 -1.0542E-04 -3.3201E-04 -1.3060E-05 -1.8573E-02  7.1252E-07 -4.2382E-03 -2.1770E-04 -6.6569E-03
                -3.5796E-03  5.2817E-04  1.1423E-03 -9.9266E-03 -6.5846E-03 -3.6998E-06 -5.5526E-05  6.7904E-07 -5.3912E-05 -4.8876E-04
                -6.1916E-05 -1.0590E-07
 SE:             5.0087E-03  2.5988E-05  1.5589E-02  1.5636E-02  5.6894E-03  7.6158E-01  3.7736E-01  4.0799E-01  1.0068E-02  4.5748E-01
                 3.8378E-01  6.1266E-01  1.8121E-01  8.8786E-01  2.2593E-01  5.5927E-03  1.4388E-02  5.4662E-03  1.3235E-02  1.3641E-02
                 1.7896E-02  6.9851E-03
 N:                     730         730         730         730         730         730         730         730         730         730
                        730         730         730         730         730         730         730         730         730         730
                        730         730

 P VAL.:         9.9522E-01  1.2193E-03  9.9460E-01  9.8306E-01  9.9817E-01  9.8054E-01  1.0000E+00  9.9171E-01  9.8275E-01  9.8839E-01
                 9.9256E-01  9.9931E-01  9.9497E-01  9.9108E-01  9.7675E-01  9.9947E-01  9.9692E-01  9.9990E-01  9.9675E-01  9.7142E-01
                 9.9724E-01  9.9999E-01

 ETASHRINKSD(%)  4.2343E+01  9.3479E+01  1.6620E+00  5.4736E+00  2.9559E+01  1.1725E+00  7.9207E-06  7.2512E-01  8.7399E-01  7.2421E+00
                 7.4112E+00  4.3605E+00  7.0971E+00  4.4908E+00  1.5326E+00  2.4545E+00  2.0562E+00  1.6107E+00  1.5324E+00  7.4047E+00
                 3.0711E+00  1.0000E-10
 ETASHRINKVR(%)  6.6757E+01  9.9575E+01  3.2964E+00  1.0648E+01  5.0381E+01  2.3312E+00  1.5841E-05  1.4450E+00  1.7403E+00  1.3960E+01
                 1.4273E+01  8.5308E+00  1.3691E+01  8.7800E+00  3.0416E+00  4.8488E+00  4.0702E+00  3.1955E+00  3.0414E+00  1.4261E+01
                 6.0479E+00  1.0000E-10
 EBVSHRINKSD(%)  4.2570E+01  9.4058E+01  1.6627E+00  5.4456E+00  2.9339E+01  1.1412E+00  4.7987E-08  7.1113E-01  8.5126E-01  7.1964E+00
                 7.4621E+00  4.4320E+00  7.1315E+00  4.4718E+00  1.4648E+00  2.4477E+00  2.0482E+00  1.6099E+00  1.4727E+00  7.3985E+00
                 3.0283E+00  1.4018E-04
 EBVSHRINKVR(%)  6.7018E+01  9.9647E+01  3.2978E+00  1.0595E+01  5.0071E+01  2.2694E+00  9.5975E-08  1.4172E+00  1.6953E+00  1.3875E+01
                 1.4367E+01  8.6675E+00  1.3754E+01  8.7436E+00  2.9081E+00  4.8355E+00  4.0545E+00  3.1938E+00  2.9237E+00  1.4250E+01
                 5.9649E+00  2.8036E-04
 RELATIVEINF(%)  3.2924E+01  3.0812E-01  9.8109E+01  3.8271E+01  2.2186E+01  1.0000E+02  1.0000E+02  9.4800E+01  8.1474E+01  6.5773E+01
                 5.8263E+01  6.6815E+01  6.1976E+01  7.3547E+01  9.4203E+01  9.4517E+01  9.4052E+01  9.4697E+01  9.4741E+01  5.8037E+01
                 9.0710E+01  1.0000E+02
 EPSSHRINKSD(%)  1.3600E+01  9.8421E+01
 EPSSHRINKVR(%)  2.5351E+01  9.9975E+01

  
 TOTAL DATA POINTS NORMALLY DISTRIBUTED (N):        17018
 N*LOG(2PI) CONSTANT TO OBJECTIVE FUNCTION:    31276.991916154238     
 OBJECTIVE FUNCTION VALUE WITHOUT CONSTANT:    1305.5372880869058     
 OBJECTIVE FUNCTION VALUE WITH CONSTANT:       32582.529204241146     
 REPORTED OBJECTIVE FUNCTION DOES NOT CONTAIN CONSTANT
  
 TOTAL EFFECTIVE ETAS (NIND*NETA):                         16060
  
 #TERE:
 Elapsed estimation  time in seconds:   740.17
1
 
 
 
 
 
 
 
 
 
 
 
 
 
 
 
 
 
 
 
 
 ************************************************************************************************************************
 ********************                                                                                ********************
 ********************       OBJECTIVE FUNCTION EVALUATION BY IMPORTANCE/MAP SAMPLING (NO PRIOR)      ********************
 #OBJT:**************                        FINAL VALUE OF OBJECTIVE FUNCTION                       ********************
 ********************                                                                                ********************
 ************************************************************************************************************************
 





 #OBJV:********************************************     1305.537       **************************************************
1
 ************************************************************************************************************************
 ********************                                                                                ********************
 ********************       OBJECTIVE FUNCTION EVALUATION BY IMPORTANCE/MAP SAMPLING (NO PRIOR)      ********************
 ********************                             FINAL PARAMETER ESTIMATE                           ********************
 ********************                                                                                ********************
 ************************************************************************************************************************
 


 THETA - VECTOR OF FIXED EFFECTS PARAMETERS   *********


         TH 1      TH 2      TH 3      TH 4      TH 5      TH 6      TH 7      TH 8      TH 9      TH10      TH11      TH12     
          TH13      TH14      TH15      TH16      TH17      TH18      TH19      TH20      TH21      TH22      TH23      TH24     

 
         1.00E+00  6.17E+00  1.24E+02  1.87E+00  6.67E-01 -5.52E-02  1.33E-01  8.69E+01  1.70E+02  5.75E+01  2.01E+00  4.38E+01
          2.55E+01  2.85E+01  9.82E+00  1.19E+02  3.01E+01  2.46E-02  1.96E-01  2.25E-02  1.57E-01  1.80E+00  4.59E-01  3.70E-02
 


 OMEGA - COV MATRIX FOR RANDOM EFFECTS - ETAS  ********


         ETA1      ETA2      ETA3      ETA4      ETA5      ETA6      ETA7      ETA8      ETA9      ET10      ET11      ET12     
          ET13      ET14      ET15      ET16      ET17      ET18      ET19      ET20      ET21      ET22     
 
 ETA1
+        5.52E-02
 
 ETA2
+        0.00E+00  1.16E-04
 
 ETA3
+        0.00E+00  0.00E+00  1.84E-01
 
 ETA4
+        0.00E+00  0.00E+00  1.39E-01  2.00E-01
 
 ETA5
+        0.00E+00  0.00E+00  1.23E-02  2.54E-02  4.77E-02
 
 ETA6
+        0.00E+00  0.00E+00  2.39E+00  3.96E+00  1.86E-01  4.34E+02
 
 ETA7
+        0.00E+00  0.00E+00  1.19E-01  6.01E-03  1.14E-01  1.04E+02  1.04E+02
 
 ETA8
+        0.00E+00  0.00E+00  6.39E-01  7.53E-01  2.03E-01  1.82E+02  9.47E+01  1.23E+02
 
 ETA9
+        0.00E+00  0.00E+00  2.84E-02  4.61E-02  2.91E-03  5.61E+00  1.81E+00  2.67E+00  7.54E-02
 
 ET10
+        0.00E+00  0.00E+00  6.93E-01  9.01E-01  1.70E-02  6.39E+01 -8.30E+00  1.65E+01  6.98E-01  1.78E+02
 
 ET11
+        0.00E+00  0.00E+00 -2.65E-01  1.60E-01 -3.08E-01  2.56E+01  1.43E+01  2.04E+01  3.96E-01  2.16E+01  1.26E+02
 
 ET12
+        0.00E+00  0.00E+00 -2.50E-01  1.46E-01  1.22E-01  5.26E+01  2.66E+01  4.09E+01  7.88E-01  2.02E+01  1.57E+02  3.00E+02
 
 ET13
+        0.00E+00  0.00E+00 -4.76E-01 -2.89E-01 -1.14E-01  4.34E-02  1.29E+01  1.00E+01  7.51E-02 -1.29E+01  7.74E+00  1.10E+01
          2.78E+01
 
 ET14
+        0.00E+00  0.00E+00  1.65E+00  2.90E+00  3.05E-01  2.70E+02  5.46E+01  9.17E+01  3.46E+00 -1.46E+02  2.89E+00  2.55E+01
         -1.13E+01  6.32E+02
 
1

         ETA1      ETA2      ETA3      ETA4      ETA5      ETA6      ETA7      ETA8      ETA9      ET10      ET11      ET12     
          ET13      ET14      ET15      ET16      ET17      ET18      ET19      ET20      ET21      ET22     
 
 ET15
+        0.00E+00  0.00E+00  7.72E-01  1.35E+00  1.17E-02  1.10E+02 -1.43E+00  2.76E+01  1.27E+00  2.45E+01  3.83E+00  8.95E+00
         -4.31E+00  7.44E+01  3.85E+01
 
 ET16
+        0.00E+00  0.00E+00 -4.91E-03 -6.40E-03  1.17E-03 -2.84E-01 -1.47E-01 -1.24E-01 -4.09E-03  1.70E-02 -2.79E-02  2.97E-02
          5.66E-02 -1.36E-01 -4.77E-02  2.40E-02
 
 ET17
+        0.00E+00  0.00E+00 -2.42E-03  5.28E-03 -2.18E-03  4.14E-01  6.51E-01  3.46E-01  8.23E-03 -9.60E-01 -2.46E-01 -1.21E+00
          4.03E-02 -8.73E-01 -9.68E-02 -5.03E-03  1.58E-01
 
 ET18
+        0.00E+00  0.00E+00 -1.06E-02 -3.80E-03 -2.64E-03 -1.04E-01  6.35E-02  4.44E-02 -7.99E-04 -3.73E-02  2.16E-01  3.14E-01
          4.73E-01 -3.70E-01 -5.52E-02 -4.70E-04  3.14E-04  2.26E-02
 
 ET19
+        0.00E+00  0.00E+00 -2.87E-02 -1.12E-02 -3.88E-03  4.84E-01  7.20E-01  7.32E-01  1.00E-02 -1.09E-01  1.61E+00  3.48E+00
          7.01E-01 -5.87E-02 -8.47E-02  5.06E-03 -8.60E-03 -3.71E-03  1.32E-01
 
 ET20
+        0.00E+00  0.00E+00  1.19E-01  1.18E-01  1.96E-03 -3.12E-02 -2.42E-01 -1.74E-01 -1.73E-03  2.88E-01 -6.35E-02 -2.00E-01
         -1.27E-01 -8.71E-02  7.60E-02 -7.43E-03 -7.37E-04 -5.53E-04 -1.30E-02  1.59E-01
 
 ET21
+        0.00E+00  0.00E+00 -8.42E-03 -3.24E-02  2.11E-03 -3.35E+00 -1.75E+00 -1.76E+00 -4.91E-02 -1.32E-01 -4.94E-01  7.04E-03
         -2.94E-01 -1.03E+00 -5.28E-01 -1.12E-02 -6.41E-02 -3.86E-03 -1.37E-02  2.07E-02  2.49E-01
 
 ET22
+        0.00E+00  0.00E+00  1.42E-02  1.22E-02  1.47E-03  1.34E-01  5.51E-02  8.91E-04  1.86E-03 -7.40E-02  3.17E-02  9.38E-02
         -1.68E-02 -1.06E-01  3.33E-02  2.17E-03 -3.10E-03 -8.46E-04 -3.40E-05  5.35E-05 -1.01E-02  3.57E-02
 


 SIGMA - COV MATRIX FOR RANDOM EFFECTS - EPSILONS  ****


         EPS1      EPS2     
 
 EPS1
+        3.13E-02
 
 EPS2
+        0.00E+00  1.00E-07
 
1


 OMEGA - CORR MATRIX FOR RANDOM EFFECTS - ETAS  *******


         ETA1      ETA2      ETA3      ETA4      ETA5      ETA6      ETA7      ETA8      ETA9      ET10      ET11      ET12     
          ET13      ET14      ET15      ET16      ET17      ET18      ET19      ET20      ET21      ET22     
 
 ETA1
+        2.35E-01
 
 ETA2
+        0.00E+00  1.08E-02
 
 ETA3
+        0.00E+00  0.00E+00  4.29E-01
 
 ETA4
+        0.00E+00  0.00E+00  7.24E-01  4.47E-01
 
 ETA5
+        0.00E+00  0.00E+00  1.32E-01  2.60E-01  2.18E-01
 
 ETA6
+        0.00E+00  0.00E+00  2.68E-01  4.25E-01  4.08E-02  2.08E+01
 
 ETA7
+        0.00E+00  0.00E+00  2.72E-02  1.32E-03  5.11E-02  4.89E-01  1.02E+01
 
 ETA8
+        0.00E+00  0.00E+00  1.34E-01  1.52E-01  8.39E-02  7.85E-01  8.36E-01  1.11E+01
 
 ETA9
+        0.00E+00  0.00E+00  2.41E-01  3.75E-01  4.86E-02  9.80E-01  6.46E-01  8.76E-01  2.75E-01
 
 ET10
+        0.00E+00  0.00E+00  1.21E-01  1.51E-01  5.83E-03  2.30E-01 -6.10E-02  1.11E-01  1.91E-01  1.33E+01
 
 ET11
+        0.00E+00  0.00E+00 -5.53E-02  3.19E-02 -1.26E-01  1.10E-01  1.25E-01  1.63E-01  1.29E-01  1.45E-01  1.12E+01
 
 ET12
+        0.00E+00  0.00E+00 -3.36E-02  1.89E-02  3.21E-02  1.46E-01  1.50E-01  2.12E-01  1.66E-01  8.75E-02  8.08E-01  1.73E+01
 
 ET13
+        0.00E+00  0.00E+00 -2.11E-01 -1.23E-01 -9.91E-02  3.95E-04  2.39E-01  1.72E-01  5.19E-02 -1.83E-01  1.31E-01  1.20E-01
          5.27E+00
 
 ET14
+        0.00E+00  0.00E+00  1.54E-01  2.58E-01  5.56E-02  5.15E-01  2.13E-01  3.28E-01  5.01E-01 -4.36E-01  1.02E-02  5.86E-02
         -8.52E-02  2.51E+01
 
 ET15
+        0.00E+00  0.00E+00  2.90E-01  4.86E-01  8.65E-03  8.54E-01 -2.26E-02  4.00E-01  7.43E-01  2.97E-01  5.51E-02  8.33E-02
         -1.32E-01  4.77E-01  6.20E+00
 
 ET16
+        0.00E+00  0.00E+00 -7.39E-02 -9.22E-02  3.47E-02 -8.78E-02 -9.30E-02 -7.23E-02 -9.61E-02  8.20E-03 -1.60E-02  1.10E-02
          6.92E-02 -3.50E-02 -4.96E-02  1.55E-01
 
 ET17
+        0.00E+00  0.00E+00 -1.42E-02  2.97E-02 -2.52E-02  5.01E-02  1.61E-01  7.85E-02  7.55E-02 -1.81E-01 -5.54E-02 -1.76E-01
          1.92E-02 -8.75E-02 -3.93E-02 -8.17E-02  3.97E-01
 
 ET18
+        0.00E+00  0.00E+00 -1.65E-01 -5.66E-02 -8.05E-02 -3.32E-02  4.14E-02  2.66E-02 -1.94E-02 -1.86E-02  1.28E-01  1.21E-01
          5.97E-01 -9.81E-02 -5.92E-02 -2.02E-02  5.26E-03  1.50E-01
 
 ET19
+        0.00E+00  0.00E+00 -1.85E-01 -6.89E-02 -4.89E-02  6.39E-02  1.94E-01  1.81E-01  1.01E-01 -2.24E-02  3.95E-01  5.52E-01
          3.66E-01 -6.42E-03 -3.76E-02  8.98E-02 -5.96E-02 -6.79E-02  3.63E-01
 
 ET20
+        0.00E+00  0.00E+00  6.96E-01  6.62E-01  2.25E-02 -3.76E-03 -5.96E-02 -3.92E-02 -1.58E-02  5.42E-02 -1.42E-02 -2.90E-02
         -6.02E-02 -8.70E-03  3.07E-02 -1.20E-01 -4.66E-03 -9.25E-03 -8.96E-02  3.98E-01
 
1

         ETA1      ETA2      ETA3      ETA4      ETA5      ETA6      ETA7      ETA8      ETA9      ET10      ET11      ET12     
          ET13      ET14      ET15      ET16      ET17      ET18      ET19      ET20      ET21      ET22     
 
 ET21
+        0.00E+00  0.00E+00 -3.94E-02 -1.45E-01  1.94E-02 -3.22E-01 -3.44E-01 -3.18E-01 -3.59E-01 -1.99E-02 -8.83E-02  8.14E-04
         -1.12E-01 -8.23E-02 -1.71E-01 -1.44E-01 -3.23E-01 -5.15E-02 -7.53E-02  1.04E-01  4.99E-01
 
 ET22
+        0.00E+00  0.00E+00  1.76E-01  1.45E-01  3.58E-02  3.40E-02  2.86E-02  4.25E-04  3.59E-02 -2.94E-02  1.50E-02  2.87E-02
         -1.69E-02 -2.23E-02  2.84E-02  7.42E-02 -4.13E-02 -2.98E-02 -4.95E-04  7.12E-04 -1.07E-01  1.89E-01
 


 SIGMA - CORR MATRIX FOR RANDOM EFFECTS - EPSILONS  ***


         EPS1      EPS2     
 
 EPS1
+        1.77E-01
 
 EPS2
+        0.00E+00  3.16E-04
 
 Elapsed postprocess time in seconds:     0.00
 Elapsed finaloutput time in seconds:     0.00
 #CPUT: Total CPU Time in Seconds,    12720.358
Stop Time:
Mon Dec  5 16:01:09 CET 2022
