Wed May 12 09:22:18 CEST 2021
;; 1. Based on: 7
;; 2. Description:
;;    IMPMAP and FULL BLOCK
;; 3. Label:
;;    Base model
;------------------------------------------------------------------------------
$PROBLEM    run 1
$INPUT      NO ID STUDYID TAD TIME DAY AMT RATE ODV DV EVID BLQ DOSE
            FOOD FORM TYPE WT HT AGE SEX RACE ETHNIC GENO SMOK AST ALT
            BILI BMI CRCL NCI NCIL RACEL RACEL1 RACEL2 RACEL3 GENO1
            GENO2 GENO3 GENO4
$DATA      DAT-1-MI-PMX-2.csv IGNORE=@ IGNORE(TYPE.EQN.1)
            IGNORE(BLQ.EQN.1) IGNORE(TAD.GT.100)
$SUBROUTINE ADVAN2 TRANS2
$PK
;;; MATFOOD-DEFINITION START
IF(FOOD.EQ.1.0000E+00) MATFOOD = 1  ; Most common
IF(FOOD.EQ.0.0000E+00) MATFOOD = ( 1 + THETA(9))
;;; MATFOOD-DEFINITION END

;;; MAT-RELATION START
MATCOVTIME = MATFOOD
;;; MAT-RELATION END


;;; FRELFOOD-DEFINITION START
IF(FOOD.EQ.1.0000E+00) FRELFOOD = 1  ; Most common
IF(FOOD.EQ.0.0000E+00) FRELFOOD = ( 1 + THETA(8))
;;; FRELFOOD-DEFINITION END

;;; FREL-RELATION START
FRELCOVTIME = FRELFOOD
;;; FREL-RELATION END

CLWT    = (WT/75)**THETA(2)
CLCOV   = CLWT

VWT     = (WT/75)**THETA(3)
VCOV    = VWT
 
TVFREL  = THETA(1)
TVCL    = THETA(4) * CLCOV
TVV     = THETA(5) * VCOV
TVMAT   = THETA(6)
TVD1    = THETA(7)

;MU_1  = LOG(TVRUV)
MU_2  = TVD1
MU_3  = LOG(TVFREL)
MU_4  = LOG(TVCL)
MU_5  = LOG(TVV)
MU_6  = LOG(TVMAT)

D1FR  = MU_2                   + ETA(2)
FREL  = FRELCOVTIME * EXP(MU_3 + ETA(3))
CL    = EXP(MU_4               + ETA(4))
V     = EXP(MU_5               + ETA(5))
MAT   = MATCOVTIME * EXP(MU_6  + ETA(6))
D1    = MAT*(1-D1FR)

F1    = FREL
KA    = 1 / (MAT-D1)
S2    = V

$ERROR
CP    = A(2)*1000 / V
IPRED = LOG(CP + 0.00001)
Y     = IPRED + EPS(1) * EXP(ETA(1))

$THETA  1 FIX ; 1. TVFREL
$THETA  0.75 FIX ; 2. WT coef on TVCL
$THETA  1 FIX ; 3. WT coef on TVV
$THETA  (0,7.03728) ; 4. TVCL
$THETA  (0,133.898) ; 5. TVV
$THETA  (0,2.08608) ; 6. TVMAT
$THETA  (0,0.681472) ; 7. D1
$THETA  (-1.00,0.107997,3.00) ; FRELFOOD1
$THETA  (-1.00,-0.081275,3.00) ; MATFOOD1
$OMEGA  0.0424951  ; 1. IIV on RUV
$OMEGA  0.0001  FIX  ;         D1
$OMEGA  BLOCK(4)
 0.243643  ; 2. IIV on FREL
 0.102768 0.22  ; 3. IIV on CL
 0.122407 0.106783 0.38  ; 4. IIV on V
 0.0025675 0.0160454 0.0551753 0.149201  ; 5. IIV on MAT
$SIGMA  0.0324511  ;     1. RUV
$ESTIMATION METHOD=IMPMAP AUTO=1 RANMETHOD=3P INTER NOABORT PRINT=1
            CITER=15 NOCOV=1 ISAMPEND=100 NITER=50 ISAMPLE=300 CTYPE=1
            CALPHA=0.001
$ESTIMATION METHOD=IMPMAP INTER EONLY=1 NITER=5 ISAMPLE=1000 NOCOV=0
$COVARIANCE PRINT=E MATRIX=S UNCONDITIONAL
$TABLE      NO ID STUDYID TAD TIME DAY AMT RATE ODV DV EVID BLQ DOSE
            FOOD FORM TYPE WT HT AGE SEX RACE ETHNIC GENO SMOK AST ALT
            BILI BMI CRCL NCI NCIL RACEL RACEL1 RACEL2 RACEL3 GENO1
            GENO2 GENO3 GENO4 CPRED CIPREDI CWRES CIWRES ETAS(1:LAST)
            NOPRINT ONEHEADER FILE=xptab8


NM-TRAN MESSAGES
  
 WARNINGS AND ERRORS (IF ANY) FOR PROBLEM    1
             
 (WARNING  2) NM-TRAN INFERS THAT THE DATA ARE POPULATION.

 (MU_WARNING 26) DATA ITEM(S) USED IN DEFINITION OF MU_(S) SHOULD BE CONSTANT FOR INDIV. REC.:
  WT

License Registered to: Pharmetheus AB
Expiration Date:    14 DEC 2021
Current Date:       12 MAY 2021
Days until program expires : 212
1NONLINEAR MIXED EFFECTS MODEL PROGRAM (NONMEM) VERSION 7.4.4
 ORIGINALLY DEVELOPED BY STUART BEAL, LEWIS SHEINER, AND ALISON BOECKMANN
 CURRENT DEVELOPERS ARE ROBERT BAUER, ICON DEVELOPMENT SOLUTIONS,
 AND ALISON BOECKMANN. IMPLEMENTATION, EFFICIENCY, AND STANDARDIZATION
 PERFORMED BY NOUS INFOSYSTEMS.

 PROBLEM NO.:         1
 run 1
0DATA CHECKOUT RUN:              NO
 DATA SET LOCATED ON UNIT NO.:    2
 THIS UNIT TO BE REWOUND:        NO
 NO. OF DATA RECS IN DATA SET:    33970
 NO. OF DATA ITEMS IN DATA SET:  40
 ID DATA ITEM IS DATA ITEM NO.:   2
 DEP VARIABLE IS DATA ITEM NO.:  10
 MDV DATA ITEM IS DATA ITEM NO.: 40
0INDICES PASSED TO SUBROUTINE PRED:
  11   5   7   8   0   0   0   0   0   0   0
0LABELS FOR DATA ITEMS:
 NO ID STUDYID TAD TIME DAY AMT RATE ODV DV EVID BLQ DOSE FOOD FORM TYPE WT HT AGE SEX RACE ETHNIC GENO SMOK AST ALT BILI
 BMI CRCL NCI NCIL RACEL RACEL1 RACEL2 RACEL3 GENO1 GENO2 GENO3 GENO4 MDV
0FORMAT FOR DATA:
 (3(10E7.0/),9E7.0,1F2.0)

 TOT. NO. OF OBS RECS:     6222
 TOT. NO. OF INDIVIDUALS:      760
0LENGTH OF THETA:   9
0DEFAULT THETA BOUNDARY TEST OMITTED:    NO
0OMEGA HAS BLOCK FORM:
  1
  0  2
  0  0  3
  0  0  3  3
  0  0  3  3  3
  0  0  3  3  3  3
0DEFAULT OMEGA BOUNDARY TEST OMITTED:    NO
0SIGMA HAS SIMPLE DIAGONAL FORM WITH DIMENSION:   1
0DEFAULT SIGMA BOUNDARY TEST OMITTED:    NO
0INITIAL ESTIMATE OF THETA:
 LOWER BOUND    INITIAL EST    UPPER BOUND
  0.1000E+01     0.1000E+01     0.1000E+01
  0.7500E+00     0.7500E+00     0.7500E+00
  0.1000E+01     0.1000E+01     0.1000E+01
  0.0000E+00     0.7037E+01     0.1000E+07
  0.0000E+00     0.1339E+03     0.1000E+07
  0.0000E+00     0.2086E+01     0.1000E+07
  0.0000E+00     0.6815E+00     0.1000E+07
 -0.1000E+01     0.1080E+00     0.3000E+01
 -0.1000E+01    -0.8128E-01     0.3000E+01
0INITIAL ESTIMATE OF OMEGA:
 BLOCK SET NO.   BLOCK                                                                    FIXED
        1                                                                                   NO
                  0.4250E-01
        2                                                                                  YES
                  0.1000E-03
        3                                                                                   NO
                  0.2436E+00
                  0.1028E+00   0.2200E+00
                  0.1224E+00   0.1068E+00   0.3800E+00
                  0.2567E-02   0.1605E-01   0.5518E-01   0.1492E+00
0INITIAL ESTIMATE OF SIGMA:
 0.3245E-01
0COVARIANCE STEP OMITTED:        NO
 R MATRIX SUBSTITUTED:           NO
 S MATRIX SUBSTITUTED:          YES
 EIGENVLS. PRINTED:             YES
 SPECIAL COMPUTATION:            NO
 COMPRESSED FORMAT:              NO
 GRADIENT METHOD USED:     NOSLOW
 SIGDIGITS ETAHAT (SIGLO):                  -1
 SIGDIGITS GRADIENTS (SIGL):                -1
 EXCLUDE COV FOR FOCE (NOFCOV):              NO
 TURN OFF Cholesky Transposition of R Matrix (CHOLROFF): NO
 KNUTHSUMOFF:                                -1
 RESUME COV ANALYSIS (RESUME):               NO
 SIR SAMPLE SIZE (SIRSAMPLE):              -1
 NON-LINEARLY TRANSFORM THETAS DURING COV (THBND): 1
 PRECONDTIONING CYCLES (PRECOND):        0
 PRECONDTIONING TYPES (PRECONDS):        TOS
 FORCED PRECONDTIONING CYCLES (PFCOND):0
 PRECONDTIONING TYPE (PRETYPE):        0
 FORCED POS. DEFINITE SETTING: (FPOSDEF):0
0TABLES STEP OMITTED:    NO
 NO. OF TABLES:           1
 SEED NUMBER (SEED):    11456
 RANMETHOD:             3U
 MC SAMPLES (ESAMPLE):    300
 WRES SQUARE ROOT TYPE (WRESCHOL): EIGENVALUE
0-- TABLE   1 --
0RECORDS ONLY:    ALL
04 COLUMNS APPENDED:    YES
 PRINTED:                NO
 HEADERS:               ONE
 FILE TO BE FORWARDED:   NO
 FORMAT:                S1PE11.4
 LFORMAT:
 RFORMAT:
 FIXED_EFFECT_ETAS:
0USER-CHOSEN ITEMS:
 NO ID STUDYID TAD TIME DAY AMT RATE ODV DV EVID BLQ DOSE FOOD FORM TYPE WT HT AGE SEX RACE ETHNIC GENO SMOK AST ALT BILI
 BMI CRCL NCI NCIL RACEL RACEL1 RACEL2 RACEL3 GENO1 GENO2 GENO3 GENO4 CPRED CIPREDI CWRES CIWRES ETA1 ETA2 ETA3 ETA4 ETA5
 ETA6
1DOUBLE PRECISION PREDPP VERSION 7.4.4

 ONE COMPARTMENT MODEL WITH FIRST-ORDER ABSORPTION (ADVAN2)
0MAXIMUM NO. OF BASIC PK PARAMETERS:   3
0BASIC PK PARAMETERS (AFTER TRANSLATION):
   ELIMINATION RATE (K) IS BASIC PK PARAMETER NO.:  1
   ABSORPTION RATE (KA) IS BASIC PK PARAMETER NO.:  3

 TRANSLATOR WILL CONVERT PARAMETERS
 CLEARANCE (CL) AND VOLUME (V) TO K (TRANS2)
0COMPARTMENT ATTRIBUTES
 COMPT. NO.   FUNCTION   INITIAL    ON/OFF      DOSE      DEFAULT    DEFAULT
                         STATUS     ALLOWED    ALLOWED    FOR DOSE   FOR OBS.
    1         DEPOT        OFF        YES        YES        YES        NO
    2         CENTRAL      ON         NO         YES        NO         YES
    3         OUTPUT       OFF        YES        NO         NO         NO
1
 ADDITIONAL PK PARAMETERS - ASSIGNMENT OF ROWS IN GG
 COMPT. NO.                             INDICES
              SCALE      BIOAVAIL.   ZERO-ORDER  ZERO-ORDER  ABSORB
                         FRACTION    RATE        DURATION    LAG
    1            *           5           *           4           *
    2            6           *           *           *           *
    3            *           -           -           -           -
             - PARAMETER IS NOT ALLOWED FOR THIS MODEL
             * PARAMETER IS NOT SUPPLIED BY PK SUBROUTINE;
               WILL DEFAULT TO ONE IF APPLICABLE
0DATA ITEM INDICES USED BY PRED ARE:
   EVENT ID DATA ITEM IS DATA ITEM NO.:     11
   TIME DATA ITEM IS DATA ITEM NO.:          5
   DOSE AMOUNT DATA ITEM IS DATA ITEM NO.:   7
   DOSE RATE DATA ITEM IS DATA ITEM NO.:     8

0PK SUBROUTINE CALLED WITH EVERY EVENT RECORD.
 PK SUBROUTINE NOT CALLED AT NONEVENT (ADDITIONAL OR LAGGED) DOSE TIMES.
0ERROR SUBROUTINE CALLED WITH EVERY EVENT RECORD.
0ERROR SUBROUTINE INDICATES THAT DERIVATIVES OF COMPARTMENT AMOUNTS ARE USED.

 #PARA: PARAFILE=/usr/local/arch/nonmem/nonmem-7.4.4g75om31/run/mpilinux8.pnm, PROTOCOL=MPI, NODES= 8

1


 #TBLN:      1
 #METH: Importance Sampling assisted by MAP Estimation (No Prior)

 ESTIMATION STEP OMITTED:                 NO
 ANALYSIS TYPE:                           POPULATION
 NUMBER OF SADDLE POINT RESET ITERATIONS:      0
 GRADIENT METHOD USED:               NOSLOW
 CONDITIONAL ESTIMATES USED:              YES
 CENTERED ETA:                            NO
 EPS-ETA INTERACTION:                     YES
 LAPLACIAN OBJ. FUNC.:                    NO
 NO. OF FUNCT. EVALS. ALLOWED:            1368
 NO. OF SIG. FIGURES REQUIRED:            3
 INTERMEDIATE PRINTOUT:                   YES
 ESTIMATE OUTPUT TO MSF:                  NO
 ABORT WITH PRED EXIT CODE 1:             NO
 IND. OBJ. FUNC. VALUES SORTED:           NO
 NUMERICAL DERIVATIVE
       FILE REQUEST (NUMDER):               NONE
 MAP (ETAHAT) ESTIMATION METHOD (OPTMAP):   0
 ETA HESSIAN EVALUATION METHOD (ETADER):    0
 INITIAL ETA FOR MAP ESTIMATION (MCETA):    3
 SIGDIGITS FOR MAP ESTIMATION (SIGLO):      100
 GRADIENT SIGDIGITS OF
       FIXED EFFECTS PARAMETERS (SIGL):     100
 NOPRIOR SETTING (NOPRIOR):                 ON
 NOCOV SETTING (NOCOV):                     ON
 DERCONT SETTING (DERCONT):                 OFF
 FINAL ETA RE-EVALUATION (FNLETA):          ON
 EXCLUDE NON-INFLUENTIAL (NON-INFL.) ETAS
       IN SHRINKAGE (ETASTYPE):             NO
 NON-INFL. ETA CORRECTION (NONINFETA):      OFF
 RAW OUTPUT FILE (FILE): psn.ext
 EXCLUDE TITLE (NOTITLE):                   NO
 EXCLUDE COLUMN LABELS (NOLABEL):           NO
 FORMAT FOR ADDITIONAL FILES (FORMAT):      S1PE12.5
 PARAMETER ORDER FOR OUTPUTS (ORDER):       TSOL
 WISHART PRIOR DF INTERPRETATION (WISHTYPE):0
 KNUTHSUMOFF:                               0
 INCLUDE LNTWOPI:                           NO
 INCLUDE CONSTANT TERM TO PRIOR (PRIORC):   NO
 INCLUDE CONSTANT TERM TO OMEGA (ETA) (OLNTWOPI):NO
 EM OR BAYESIAN METHOD USED:                IMPORTANCE SAMPLING ASSISTED BY MAP ESTIMATION (IMPMAP)
 MU MODELING PATTERN (MUM):
 GRADIENT/GIBBS PATTERN (GRD):
 AUTOMATIC SETTING FEATURE (AUTO):          ON
 CONVERGENCE TYPE (CTYPE):                  1
 CONVERGENCE INTERVAL (CINTERVAL):          1
 CONVERGENCE ITERATIONS (CITER):            15
 CONVERGENCE ALPHA ERROR (CALPHA):          1.000000000000000E-03
 ITERATIONS (NITER):                        50
 ANEAL SETTING (CONSTRAIN):                 1
 STARTING SEED FOR MC METHODS (SEED):       11456
 MC SAMPLES PER SUBJECT (ISAMPLE):          300
 RANDOM SAMPLING METHOD (RANMETHOD):        3UP
 EXPECTATION ONLY (EONLY):                  0
 PROPOSAL DENSITY SCALING RANGE
              (ISCALE_MIN, ISCALE_MAX):     0.100000000000000       ,10.0000000000000
 SAMPLE ACCEPTANCE RATE (IACCEPT):          0.00000000000000
 LONG TAIL SAMPLE ACCEPT. RATE (IACCEPTL):   0.00000000000000
 T-DIST. PROPOSAL DENSITY (DF):             0
 NO. ITERATIONS FOR MAP (MAPITER):          1
 INTERVAL ITER. FOR MAP (MAPINTER):         0
 MAP COVARIANCE/MODE SETTING (MAPCOV):      1
 Gradient Quick Value (GRDQ):               0.00000000000000


 THE FOLLOWING LABELS ARE EQUIVALENT
 PRED=PREDI
 RES=RESI
 WRES=WRESI
 IWRS=IWRESI
 IPRD=IPREDI
 IRS=IRESI

 EM/BAYES SETUP:
 THETAS THAT ARE MU MODELED:
   4   5   6   7
 THETAS THAT ARE SIGMA-LIKE:
 

 MONITORING OF SEARCH:

 iteration            0  OBJ=  -7515.0334929780029 eff.=     344. Smpl.=     300. Fit.= 0.98143
 iteration            1  OBJ=  -7738.7155667730322 eff.=     109. Smpl.=     300. Fit.= 0.94237
 iteration            2  OBJ=  -7777.1210352164071 eff.=      96. Smpl.=     300. Fit.= 0.93668
 iteration            3  OBJ=  -7787.6859205215751 eff.=      84. Smpl.=     300. Fit.= 0.93145
 iteration            4  OBJ=  -7796.4254232205003 eff.=      74. Smpl.=     300. Fit.= 0.92719
 iteration            5  OBJ=  -7798.5196429333637 eff.=      65. Smpl.=     300. Fit.= 0.92288
 iteration            6  OBJ=  -7803.6042188666306 eff.=      59. Smpl.=     300. Fit.= 0.91967
 iteration            7  OBJ=  -7807.0295482627971 eff.=      56. Smpl.=     300. Fit.= 0.91849
 iteration            8  OBJ=  -7801.0850396817495 eff.=      56. Smpl.=     300. Fit.= 0.91912
 iteration            9  OBJ=  -7809.5569551467606 eff.=      59. Smpl.=     300. Fit.= 0.92121
 iteration           10  OBJ=  -7811.2760914321561 eff.=      64. Smpl.=     300. Fit.= 0.92447
 iteration           11  OBJ=  -7812.4772532508005 eff.=      68. Smpl.=     300. Fit.= 0.92726
 iteration           12  OBJ=  -7811.5744835695104 eff.=      74. Smpl.=     300. Fit.= 0.93132
 iteration           13  OBJ=  -7817.3708345002051 eff.=      80. Smpl.=     300. Fit.= 0.93425
 iteration           14  OBJ=  -7803.9272607583207 eff.=      83. Smpl.=     300. Fit.= 0.93747
 iteration           15  OBJ=  -7800.9000815267518 eff.=      87. Smpl.=     300. Fit.= 0.93987
 iteration           16  OBJ=  -7807.5927478320937 eff.=      90. Smpl.=     300. Fit.= 0.94168
 iteration           17  OBJ=  -7811.6785770361721 eff.=      93. Smpl.=     300. Fit.= 0.94332
 iteration           18  OBJ=  -7802.1774528820779 eff.=      94. Smpl.=     300. Fit.= 0.94488
 iteration           19  OBJ=  -7812.3566659563594 eff.=      98. Smpl.=     300. Fit.= 0.94653
 iteration           20  OBJ=  -7813.1322028127079 eff.=      98. Smpl.=     300. Fit.= 0.94742
 Convergence achieved

 #TERM:
 OPTIMIZATION WAS COMPLETED


 ETABAR IS THE ARITHMETIC MEAN OF THE ETA-ESTIMATES,
 AND THE P-VALUE IS GIVEN FOR THE NULL HYPOTHESIS THAT THE TRUE MEAN IS 0.

 ETABAR:        -1.7104E-03 -5.4137E-05  3.2270E-03  1.4345E-04 -2.0648E-03 -1.7412E-03
 SE:             8.5160E-03  4.0378E-05  1.4745E-02  1.1673E-02  2.0419E-02  9.2770E-03
 N:                     730         730         730         730         730         730

 P VAL.:         8.4082E-01  1.8000E-01  8.2676E-01  9.9019E-01  9.1945E-01  8.5112E-01

 ETASHRINKSD(%)  3.1754E+01  8.9083E+01  3.0735E+01  3.8589E+01  2.2382E+01  3.6422E+01
 ETASHRINKVR(%)  5.3425E+01  9.8808E+01  5.2023E+01  6.2287E+01  3.9755E+01  5.9578E+01
 EBVSHRINKSD(%)  3.1689E+01  9.3345E+01  3.0801E+01  3.8432E+01  2.2071E+01  3.6923E+01
 EBVSHRINKVR(%)  5.3336E+01  9.9557E+01  5.2115E+01  6.2094E+01  3.9270E+01  6.0213E+01
 EPSSHRINKSD(%)  1.6234E+01
 EPSSHRINKVR(%)  2.9833E+01

  
 TOTAL DATA POINTS NORMALLY DISTRIBUTED (N):         6222
 N*LOG(2PI) CONSTANT TO OBJECTIVE FUNCTION:    11435.271107198947     
 OBJECTIVE FUNCTION VALUE WITHOUT CONSTANT:   -7813.1322028127079     
 OBJECTIVE FUNCTION VALUE WITH CONSTANT:       3622.1389043862391     
 REPORTED OBJECTIVE FUNCTION DOES NOT CONTAIN CONSTANT
  
 TOTAL EFFECTIVE ETAS (NIND*NETA):                          4380
  
 #TERE:
 Elapsed estimation  time in seconds:   208.00
1
 
 
 
 
 
 
 
 
 
 
 
 
 
 
 
 
 
 
 
 
 ************************************************************************************************************************
 ********************                                                                                ********************
 ********************            IMPORTANCE SAMPLING ASSISTED BY MAP ESTIMATION (NO PRIOR)           ********************
 #OBJT:**************                        FINAL VALUE OF OBJECTIVE FUNCTION                       ********************
 ********************                                                                                ********************
 ************************************************************************************************************************
 





 #OBJV:********************************************    -7813.132       **************************************************
1
 ************************************************************************************************************************
 ********************                                                                                ********************
 ********************            IMPORTANCE SAMPLING ASSISTED BY MAP ESTIMATION (NO PRIOR)           ********************
 ********************                             FINAL PARAMETER ESTIMATE                           ********************
 ********************                                                                                ********************
 ************************************************************************************************************************
 


 THETA - VECTOR OF FIXED EFFECTS PARAMETERS   *********


         TH 1      TH 2      TH 3      TH 4      TH 5      TH 6      TH 7      TH 8      TH 9     
 
         1.00E+00  7.50E-01  1.00E+00  7.00E+00  1.33E+02  2.08E+00  6.81E-01  1.07E-01 -7.92E-02
 


 OMEGA - COV MATRIX FOR RANDOM EFFECTS - ETAS  ********


         ETA1      ETA2      ETA3      ETA4      ETA5      ETA6     
 
 ETA1
+        1.14E-01
 
 ETA2
+        0.00E+00  1.00E-04
 
 ETA3
+        0.00E+00  0.00E+00  3.31E-01
 
 ETA4
+        0.00E+00  0.00E+00  6.17E-02  2.64E-01
 
 ETA5
+        0.00E+00  0.00E+00  1.07E-01  8.06E-02  5.06E-01
 
 ETA6
+        0.00E+00  0.00E+00  2.35E-02  7.59E-04  4.62E-02  1.56E-01
 


 SIGMA - COV MATRIX FOR RANDOM EFFECTS - EPSILONS  ****


         EPS1     
 
 EPS1
+        3.21E-02
 
1


 OMEGA - CORR MATRIX FOR RANDOM EFFECTS - ETAS  *******


         ETA1      ETA2      ETA3      ETA4      ETA5      ETA6     
 
 ETA1
+        3.37E-01
 
 ETA2
+        0.00E+00  1.00E-02
 
 ETA3
+        0.00E+00  0.00E+00  5.76E-01
 
 ETA4
+        0.00E+00  0.00E+00  2.09E-01  5.14E-01
 
 ETA5
+        0.00E+00  0.00E+00  2.61E-01  2.21E-01  7.11E-01
 
 ETA6
+        0.00E+00  0.00E+00  1.04E-01  3.74E-03  1.65E-01  3.95E-01
 


 SIGMA - CORR MATRIX FOR RANDOM EFFECTS - EPSILONS  ***


         EPS1     
 
 EPS1
+        1.79E-01
 
1


 #TBLN:      2
 #METH: Objective Function Evaluation by Importance/MAP Sampling (No Prior)

 ESTIMATION STEP OMITTED:                 NO
 ANALYSIS TYPE:                           POPULATION
 NUMBER OF SADDLE POINT RESET ITERATIONS:      0
 GRADIENT METHOD USED:               NOSLOW
 CONDITIONAL ESTIMATES USED:              YES
 CENTERED ETA:                            NO
 EPS-ETA INTERACTION:                     YES
 LAPLACIAN OBJ. FUNC.:                    NO
 NO. OF FUNCT. EVALS. ALLOWED:            1368
 NO. OF SIG. FIGURES REQUIRED:            3
 INTERMEDIATE PRINTOUT:                   YES
 ESTIMATE OUTPUT TO MSF:                  NO
 ABORT WITH PRED EXIT CODE 1:             NO
 IND. OBJ. FUNC. VALUES SORTED:           NO
 NUMERICAL DERIVATIVE
       FILE REQUEST (NUMDER):               NONE
 MAP (ETAHAT) ESTIMATION METHOD (OPTMAP):   0
 ETA HESSIAN EVALUATION METHOD (ETADER):    0
 INITIAL ETA FOR MAP ESTIMATION (MCETA):    3
 SIGDIGITS FOR MAP ESTIMATION (SIGLO):      100
 GRADIENT SIGDIGITS OF
       FIXED EFFECTS PARAMETERS (SIGL):     100
 NOPRIOR SETTING (NOPRIOR):                 ON
 NOCOV SETTING (NOCOV):                     OFF
 DERCONT SETTING (DERCONT):                 OFF
 FINAL ETA RE-EVALUATION (FNLETA):          ON
 EXCLUDE NON-INFLUENTIAL (NON-INFL.) ETAS
       IN SHRINKAGE (ETASTYPE):             NO
 NON-INFL. ETA CORRECTION (NONINFETA):      OFF
 RAW OUTPUT FILE (FILE): psn.ext
 EXCLUDE TITLE (NOTITLE):                   NO
 EXCLUDE COLUMN LABELS (NOLABEL):           NO
 FORMAT FOR ADDITIONAL FILES (FORMAT):      S1PE12.5
 PARAMETER ORDER FOR OUTPUTS (ORDER):       TSOL
 WISHART PRIOR DF INTERPRETATION (WISHTYPE):0
 KNUTHSUMOFF:                               0
 INCLUDE LNTWOPI:                           NO
 INCLUDE CONSTANT TERM TO PRIOR (PRIORC):   NO
 INCLUDE CONSTANT TERM TO OMEGA (ETA) (OLNTWOPI):NO
 EM OR BAYESIAN METHOD USED:                IMPORTANCE SAMPLING ASSISTED BY MAP ESTIMATION (IMPMAP)
 MU MODELING PATTERN (MUM):
 GRADIENT/GIBBS PATTERN (GRD):
 AUTOMATIC SETTING FEATURE (AUTO):          ON
 CONVERGENCE TYPE (CTYPE):                  3
 CONVERGENCE INTERVAL (CINTERVAL):          1
 CONVERGENCE ITERATIONS (CITER):            10
 CONVERGENCE ALPHA ERROR (CALPHA):          5.000000000000000E-02
 ITERATIONS (NITER):                        5
 ANEAL SETTING (CONSTRAIN):                 1
 STARTING SEED FOR MC METHODS (SEED):       11456
 MC SAMPLES PER SUBJECT (ISAMPLE):          1000
 MAXIMUM SAMPLES PER SUBJECT FOR AUTOMATIC
 ISAMPLE ADJUSTMENT (ISAMPEND):             10000
 RANDOM SAMPLING METHOD (RANMETHOD):        3UP
 EXPECTATION ONLY (EONLY):                  1
 PROPOSAL DENSITY SCALING RANGE
              (ISCALE_MIN, ISCALE_MAX):     0.100000000000000       ,10.0000000000000
 SAMPLE ACCEPTANCE RATE (IACCEPT):          0.00000000000000
 LONG TAIL SAMPLE ACCEPT. RATE (IACCEPTL):   0.00000000000000
 T-DIST. PROPOSAL DENSITY (DF):             0
 NO. ITERATIONS FOR MAP (MAPITER):          1
 INTERVAL ITER. FOR MAP (MAPINTER):         0
 MAP COVARIANCE/MODE SETTING (MAPCOV):      1
 Gradient Quick Value (GRDQ):               0.00000000000000
 STOCHASTIC OBJ VARIATION TOLERANCE FOR
 AUTOMATIC ISAMPLE ADJUSTMENT (STDOBJ):     1.00000000000000


 THE FOLLOWING LABELS ARE EQUIVALENT
 PRED=PREDI
 RES=RESI
 WRES=WRESI
 IWRS=IWRESI
 IPRD=IPREDI
 IRS=IRESI

 EM/BAYES SETUP:
 THETAS THAT ARE MU MODELED:
   4   5   6   7
 THETAS THAT ARE SIGMA-LIKE:
 

 MONITORING OF SEARCH:

 iteration            0  OBJ=  -7793.9166048729285 eff.=    1331. Smpl.=    1000. Fit.= 0.97558
 iteration            1  OBJ=  -7810.5261095972737 eff.=     357. Smpl.=    1000. Fit.= 0.93855
 iteration            2  OBJ=  -7810.1489348757841 eff.=     302. Smpl.=    1000. Fit.= 0.93287
 iteration            3  OBJ=  -7810.3396461896527 eff.=     253. Smpl.=    1000. Fit.= 0.92720
 iteration            4  OBJ=  -7811.7258674143950 eff.=     209. Smpl.=    1000. Fit.= 0.92133
 iteration            5  OBJ=  -7808.3596553421366 eff.=     168. Smpl.=    1000. Fit.= 0.91543

 #TERM:
 EXPECTATION ONLY PROCESS COMPLETED


 ETABAR IS THE ARITHMETIC MEAN OF THE ETA-ESTIMATES,
 AND THE P-VALUE IS GIVEN FOR THE NULL HYPOTHESIS THAT THE TRUE MEAN IS 0.

 ETABAR:        -1.9147E-03 -2.0789E-05  3.5527E-03  7.0168E-04 -2.5701E-04  2.0544E-04
 SE:             8.4702E-03  3.1339E-05  1.4733E-02  1.1615E-02  2.0427E-02  9.1886E-03
 N:                     730         730         730         730         730         730

 P VAL.:         8.2116E-01  5.0711E-01  8.0945E-01  9.5183E-01  9.8996E-01  9.8216E-01

 ETASHRINKSD(%)  3.2121E+01  9.1527E+01  3.0789E+01  3.8895E+01  2.2353E+01  3.7028E+01
 ETASHRINKVR(%)  5.3925E+01  9.9282E+01  5.2099E+01  6.2661E+01  3.9709E+01  6.0345E+01
 EBVSHRINKSD(%)  3.1847E+01  9.2967E+01  3.0912E+01  3.8810E+01  2.2261E+01  3.7325E+01
 EBVSHRINKVR(%)  5.3552E+01  9.9505E+01  5.2269E+01  6.2558E+01  3.9567E+01  6.0719E+01
 EPSSHRINKSD(%)  1.6442E+01
 EPSSHRINKVR(%)  3.0180E+01

  
 TOTAL DATA POINTS NORMALLY DISTRIBUTED (N):         6222
 N*LOG(2PI) CONSTANT TO OBJECTIVE FUNCTION:    11435.271107198947     
 OBJECTIVE FUNCTION VALUE WITHOUT CONSTANT:   -7808.3596553421366     
 OBJECTIVE FUNCTION VALUE WITH CONSTANT:       3626.9114518568103     
 REPORTED OBJECTIVE FUNCTION DOES NOT CONTAIN CONSTANT
  
 TOTAL EFFECTIVE ETAS (NIND*NETA):                          4380
  
 #TERE:
 Elapsed estimation  time in seconds:    82.98
 Elapsed covariance  time in seconds:     0.47
1
 
 
 
 
 
 
 
 
 
 
 
 
 
 
 
 
 
 
 
 
 ************************************************************************************************************************
 ********************                                                                                ********************
 ********************       OBJECTIVE FUNCTION EVALUATION BY IMPORTANCE/MAP SAMPLING (NO PRIOR)      ********************
 #OBJT:**************                        FINAL VALUE OF OBJECTIVE FUNCTION                       ********************
 ********************                                                                                ********************
 ************************************************************************************************************************
 





 #OBJV:********************************************    -7808.360       **************************************************
1
 ************************************************************************************************************************
 ********************                                                                                ********************
 ********************       OBJECTIVE FUNCTION EVALUATION BY IMPORTANCE/MAP SAMPLING (NO PRIOR)      ********************
 ********************                             FINAL PARAMETER ESTIMATE                           ********************
 ********************                                                                                ********************
 ************************************************************************************************************************
 


 THETA - VECTOR OF FIXED EFFECTS PARAMETERS   *********


         TH 1      TH 2      TH 3      TH 4      TH 5      TH 6      TH 7      TH 8      TH 9     
 
         1.00E+00  7.50E-01  1.00E+00  7.00E+00  1.33E+02  2.08E+00  6.81E-01  1.07E-01 -7.92E-02
 


 OMEGA - COV MATRIX FOR RANDOM EFFECTS - ETAS  ********


         ETA1      ETA2      ETA3      ETA4      ETA5      ETA6     
 
 ETA1
+        1.14E-01
 
 ETA2
+        0.00E+00  1.00E-04
 
 ETA3
+        0.00E+00  0.00E+00  3.31E-01
 
 ETA4
+        0.00E+00  0.00E+00  6.17E-02  2.64E-01
 
 ETA5
+        0.00E+00  0.00E+00  1.07E-01  8.06E-02  5.06E-01
 
 ETA6
+        0.00E+00  0.00E+00  2.35E-02  7.59E-04  4.62E-02  1.56E-01
 


 SIGMA - COV MATRIX FOR RANDOM EFFECTS - EPSILONS  ****


         EPS1     
 
 EPS1
+        3.21E-02
 
1


 OMEGA - CORR MATRIX FOR RANDOM EFFECTS - ETAS  *******


         ETA1      ETA2      ETA3      ETA4      ETA5      ETA6     
 
 ETA1
+        3.37E-01
 
 ETA2
+        0.00E+00  1.00E-02
 
 ETA3
+        0.00E+00  0.00E+00  5.76E-01
 
 ETA4
+        0.00E+00  0.00E+00  2.09E-01  5.14E-01
 
 ETA5
+        0.00E+00  0.00E+00  2.61E-01  2.21E-01  7.11E-01
 
 ETA6
+        0.00E+00  0.00E+00  1.04E-01  3.74E-03  1.65E-01  3.95E-01
 


 SIGMA - CORR MATRIX FOR RANDOM EFFECTS - EPSILONS  ***


         EPS1     
 
 EPS1
+        1.79E-01
 
1
 ************************************************************************************************************************
 ********************                                                                                ********************
 ********************       OBJECTIVE FUNCTION EVALUATION BY IMPORTANCE/MAP SAMPLING (NO PRIOR)      ********************
 ********************                          STANDARD ERROR OF ESTIMATE (S)                        ********************
 ********************                                                                                ********************
 ************************************************************************************************************************
 


 THETA - VECTOR OF FIXED EFFECTS PARAMETERS   *********


         TH 1      TH 2      TH 3      TH 4      TH 5      TH 6      TH 7      TH 8      TH 9     
 
         0.00E+00  0.00E+00  0.00E+00  1.95E-01  4.57E+00  6.73E-02  4.83E-03  1.91E-02  1.95E-02
 


 OMEGA - COV MATRIX FOR RANDOM EFFECTS - ETAS  ********


         ETA1      ETA2      ETA3      ETA4      ETA5      ETA6     
 
 ETA1
+        1.22E-02
 
 ETA2
+        0.00E+00  0.00E+00
 
 ETA3
+        0.00E+00  0.00E+00  3.52E-01
 
 ETA4
+        0.00E+00  0.00E+00  2.49E-01  3.30E-01
 
 ETA5
+        0.00E+00  0.00E+00  3.10E-01  3.02E-01  4.68E-01
 
 ETA6
+        0.00E+00  0.00E+00  1.55E-01  1.55E-01  1.56E-01  1.74E-02
 


 SIGMA - COV MATRIX FOR RANDOM EFFECTS - EPSILONS  ****


         EPS1     
 
 EPS1
+        1.24E-03
 
1


 OMEGA - CORR MATRIX FOR RANDOM EFFECTS - ETAS  *******


         ETA1      ETA2      ETA3      ETA4      ETA5      ETA6     
 
 ETA1
+        1.81E-02
 
 ETA2
+       ......... .........
 
 ETA3
+       ......... .........  3.05E-01
 
 ETA4
+       ......... .........  6.68E-01  3.21E-01
 
 ETA5
+       ......... .........  5.68E-01  6.56E-01  3.29E-01
 
 ETA6
+       ......... .........  6.81E-01  7.66E-01  5.54E-01  2.20E-02
 


 SIGMA - CORR MATRIX FOR RANDOM EFFECTS - EPSILONS  ***


         EPS1     
 
 EPS1
+        3.47E-03
 
1
 ************************************************************************************************************************
 ********************                                                                                ********************
 ********************       OBJECTIVE FUNCTION EVALUATION BY IMPORTANCE/MAP SAMPLING (NO PRIOR)      ********************
 ********************                        COVARIANCE MATRIX OF ESTIMATE (S)                       ********************
 ********************                                                                                ********************
 ************************************************************************************************************************
 

            TH 1      TH 2      TH 3      TH 4      TH 5      TH 6      TH 7      TH 8      TH 9      OM11      OM12      OM13  
             OM14      OM15      OM16      OM22      OM23      OM24      OM25      OM26      OM33      OM34      OM35      OM36  
            OM44      OM45      OM46      OM55      OM56      OM66      SG11  
 
 TH 1
+       .........
 
 TH 2
+       ......... .........
 
 TH 3
+       ......... ......... .........
 
 TH 4
+        0.00E+00  0.00E+00  0.00E+00  3.81E-02
 
 TH 5
+        0.00E+00  0.00E+00  0.00E+00  4.50E-01  2.09E+01
 
 TH 6
+        0.00E+00  0.00E+00  0.00E+00 -2.76E-03 -8.60E-02  4.53E-03
 
 TH 7
+        0.00E+00  0.00E+00  0.00E+00 -3.07E-05 -1.91E-03  2.46E-05  2.34E-05
 
 TH 8
+        0.00E+00  0.00E+00  0.00E+00  1.02E-03  2.15E-02 -2.77E-04  2.68E-06  3.65E-04
 
 TH 9
+        0.00E+00  0.00E+00  0.00E+00  7.64E-04  2.26E-02 -7.27E-04  2.00E-05  1.42E-04  3.80E-04
 
 OM11
+        0.00E+00  0.00E+00  0.00E+00 -9.79E-05 -8.29E-04 -1.56E-05 -1.99E-06  1.90E-06 -1.52E-05  1.50E-04
 
 OM12
+       ......... ......... ......... ......... ......... ......... ......... ......... ......... ......... .........
 
 OM13
+       ......... ......... ......... ......... ......... ......... ......... ......... ......... ......... ......... .........
 
 OM14
+       ......... ......... ......... ......... ......... ......... ......... ......... ......... ......... ......... .........
         .........
 
 OM15
+       ......... ......... ......... ......... ......... ......... ......... ......... ......... ......... ......... .........
         ......... .........
 
 OM16
+       ......... ......... ......... ......... ......... ......... ......... ......... ......... ......... ......... .........
         ......... ......... .........
 
 OM22
+       ......... ......... ......... ......... ......... ......... ......... ......... ......... ......... ......... .........
         ......... ......... ......... .........
 
 OM23
+       ......... ......... ......... ......... ......... ......... ......... ......... ......... ......... ......... .........
         ......... ......... ......... ......... .........
 
 OM24
+       ......... ......... ......... ......... ......... ......... ......... ......... ......... ......... ......... .........
         ......... ......... ......... ......... ......... .........
 
 OM25
+       ......... ......... ......... ......... ......... ......... ......... ......... ......... ......... ......... .........
         ......... ......... ......... ......... ......... ......... .........
 
1

            TH 1      TH 2      TH 3      TH 4      TH 5      TH 6      TH 7      TH 8      TH 9      OM11      OM12      OM13  
             OM14      OM15      OM16      OM22      OM23      OM24      OM25      OM26      OM33      OM34      OM35      OM36  
            OM44      OM45      OM46      OM55      OM56      OM66      SG11  
 
 OM26
+       ......... ......... ......... ......... ......... ......... ......... ......... ......... ......... ......... .........
         ......... ......... ......... ......... ......... ......... ......... .........
 
 OM33
+        0.00E+00  0.00E+00  0.00E+00  8.64E-03  1.33E-01 -3.10E-04  6.08E-05  2.92E-04  4.87E-04 -1.63E-04  0.00E+00  0.00E+00
          0.00E+00  0.00E+00  0.00E+00  0.00E+00  0.00E+00  0.00E+00  0.00E+00  0.00E+00  1.24E-01
 
 OM34
+        0.00E+00  0.00E+00  0.00E+00  1.07E-03  5.15E-02  4.65E-05  3.11E-05  1.71E-04  2.88E-04 -1.74E-04  0.00E+00  0.00E+00
          0.00E+00  0.00E+00  0.00E+00  0.00E+00  0.00E+00  0.00E+00  0.00E+00  0.00E+00  6.54E-02  6.21E-02
 
 OM35
+        0.00E+00  0.00E+00  0.00E+00  4.59E-03  6.37E-02  4.81E-05 -5.98E-05  7.80E-05  2.12E-04  3.44E-06  0.00E+00  0.00E+00
          0.00E+00  0.00E+00  0.00E+00  0.00E+00  0.00E+00  0.00E+00  0.00E+00  0.00E+00  7.22E-02  4.27E-02  9.62E-02
 
 OM36
+        0.00E+00  0.00E+00  0.00E+00 -3.47E-04 -1.43E-02  1.05E-04 -2.36E-05 -1.04E-04 -2.06E-04  4.73E-05  0.00E+00  0.00E+00
          0.00E+00  0.00E+00  0.00E+00  0.00E+00  0.00E+00  0.00E+00  0.00E+00  0.00E+00  5.50E-03  5.12E-03  5.44E-03  2.42E-02
 
 OM44
+        0.00E+00  0.00E+00  0.00E+00 -6.90E-03 -3.34E-02  4.21E-04  4.28E-06  4.18E-05  8.52E-05 -1.80E-04  0.00E+00  0.00E+00
          0.00E+00  0.00E+00  0.00E+00  0.00E+00  0.00E+00  0.00E+00  0.00E+00  0.00E+00  7.40E-03  5.83E-02  1.30E-02  4.47E-03
         1.09E-01
 
 OM45
+        0.00E+00  0.00E+00  0.00E+00 -3.20E-03 -1.37E-02  5.23E-04 -8.20E-05 -6.55E-05 -3.59E-05 -6.10E-06  0.00E+00  0.00E+00
          0.00E+00  0.00E+00  0.00E+00  0.00E+00  0.00E+00  0.00E+00  0.00E+00  0.00E+00  1.38E-02  3.88E-02  6.63E-02  5.15E-03
         6.35E-02  9.15E-02
 
 OM46
+        0.00E+00  0.00E+00  0.00E+00 -2.96E-04 -1.33E-02  1.06E-04 -3.13E-05 -1.13E-04 -2.07E-04  4.58E-05  0.00E+00  0.00E+00
          0.00E+00  0.00E+00  0.00E+00  0.00E+00  0.00E+00  0.00E+00  0.00E+00  0.00E+00  5.83E-03  5.29E-03  5.84E-03  2.40E-02
         4.41E-03  5.32E-03  2.41E-02
 
 OM55
+        0.00E+00  0.00E+00  0.00E+00  9.20E-04  3.88E-03  4.34E-04 -1.71E-04 -1.68E-04 -9.83E-05  1.22E-04  0.00E+00  0.00E+00
          0.00E+00  0.00E+00  0.00E+00  0.00E+00  0.00E+00  0.00E+00  0.00E+00  0.00E+00  2.02E-02  1.93E-02  1.19E-01  5.63E-03
         1.83E-02  1.19E-01  6.00E-03  2.19E-01
 
 OM56
+        0.00E+00  0.00E+00  0.00E+00 -2.96E-04 -1.38E-02  1.29E-04 -3.07E-05 -9.15E-05 -2.19E-04  2.81E-05  0.00E+00  0.00E+00
          0.00E+00  0.00E+00  0.00E+00  0.00E+00  0.00E+00  0.00E+00  0.00E+00  0.00E+00  5.70E-03  5.36E-03  6.06E-03  2.40E-02
         4.72E-03  5.70E-03  2.40E-02  6.52E-03  2.43E-02
 
 OM66
+        0.00E+00  0.00E+00  0.00E+00 -7.33E-05 -5.28E-03 -2.72E-04  1.37E-05 -2.37E-06 -1.78E-06  2.01E-05  0.00E+00  0.00E+00
          0.00E+00  0.00E+00  0.00E+00  0.00E+00  0.00E+00  0.00E+00  0.00E+00  0.00E+00  9.71E-05  1.35E-04  4.86E-05  1.48E-04
         1.76E-04  9.07E-05  7.95E-05 -6.21E-06  1.40E-04  3.01E-04
 
 SG11
+        0.00E+00  0.00E+00  0.00E+00  1.24E-06  3.01E-04 -4.50E-06  1.22E-07  9.83E-07  2.08E-06 -4.01E-06  0.00E+00  0.00E+00
          0.00E+00  0.00E+00  0.00E+00  0.00E+00  0.00E+00  0.00E+00  0.00E+00  0.00E+00  2.59E-05  2.09E-05  1.56E-05 -2.69E-08
         1.40E-05  9.42E-06  4.96E-07  1.49E-06  1.04E-06 -1.54E-06  1.54E-06
 
1
 ************************************************************************************************************************
 ********************                                                                                ********************
 ********************       OBJECTIVE FUNCTION EVALUATION BY IMPORTANCE/MAP SAMPLING (NO PRIOR)      ********************
 ********************                        CORRELATION MATRIX OF ESTIMATE (S)                      ********************
 ********************                                                                                ********************
 ************************************************************************************************************************
 

            TH 1      TH 2      TH 3      TH 4      TH 5      TH 6      TH 7      TH 8      TH 9      OM11      OM12      OM13  
             OM14      OM15      OM16      OM22      OM23      OM24      OM25      OM26      OM33      OM34      OM35      OM36  
            OM44      OM45      OM46      OM55      OM56      OM66      SG11  
 
 TH 1
+       .........
 
 TH 2
+       ......... .........
 
 TH 3
+       ......... ......... .........
 
 TH 4
+        0.00E+00  0.00E+00  0.00E+00  1.95E-01
 
 TH 5
+        0.00E+00  0.00E+00  0.00E+00  5.04E-01  4.57E+00
 
 TH 6
+        0.00E+00  0.00E+00  0.00E+00 -2.10E-01 -2.79E-01  6.73E-02
 
 TH 7
+        0.00E+00  0.00E+00  0.00E+00 -3.26E-02 -8.65E-02  7.57E-02  4.83E-03
 
 TH 8
+        0.00E+00  0.00E+00  0.00E+00  2.74E-01  2.47E-01 -2.15E-01  2.90E-02  1.91E-02
 
 TH 9
+        0.00E+00  0.00E+00  0.00E+00  2.01E-01  2.53E-01 -5.54E-01  2.13E-01  3.81E-01  1.95E-02
 
 OM11
+        0.00E+00  0.00E+00  0.00E+00 -4.10E-02 -1.48E-02 -1.90E-02 -3.36E-02  8.14E-03 -6.39E-02  1.22E-02
 
 OM12
+       ......... ......... ......... ......... ......... ......... ......... ......... ......... ......... .........
 
 OM13
+       ......... ......... ......... ......... ......... ......... ......... ......... ......... ......... ......... .........
 
 OM14
+       ......... ......... ......... ......... ......... ......... ......... ......... ......... ......... ......... .........
         .........
 
 OM15
+       ......... ......... ......... ......... ......... ......... ......... ......... ......... ......... ......... .........
         ......... .........
 
 OM16
+       ......... ......... ......... ......... ......... ......... ......... ......... ......... ......... ......... .........
         ......... ......... .........
 
 OM22
+       ......... ......... ......... ......... ......... ......... ......... ......... ......... ......... ......... .........
         ......... ......... ......... .........
 
 OM23
+       ......... ......... ......... ......... ......... ......... ......... ......... ......... ......... ......... .........
         ......... ......... ......... ......... .........
 
 OM24
+       ......... ......... ......... ......... ......... ......... ......... ......... ......... ......... ......... .........
         ......... ......... ......... ......... ......... .........
 
 OM25
+       ......... ......... ......... ......... ......... ......... ......... ......... ......... ......... ......... .........
         ......... ......... ......... ......... ......... ......... .........
 
1

            TH 1      TH 2      TH 3      TH 4      TH 5      TH 6      TH 7      TH 8      TH 9      OM11      OM12      OM13  
             OM14      OM15      OM16      OM22      OM23      OM24      OM25      OM26      OM33      OM34      OM35      OM36  
            OM44      OM45      OM46      OM55      OM56      OM66      SG11  
 
 OM26
+       ......... ......... ......... ......... ......... ......... ......... ......... ......... ......... ......... .........
         ......... ......... ......... ......... ......... ......... ......... .........
 
 OM33
+        0.00E+00  0.00E+00  0.00E+00  1.26E-01  8.31E-02 -1.31E-02  3.58E-02  4.35E-02  7.11E-02 -3.79E-02  0.00E+00  0.00E+00
          0.00E+00  0.00E+00  0.00E+00  0.00E+00  0.00E+00  0.00E+00  0.00E+00  0.00E+00  3.52E-01
 
 OM34
+        0.00E+00  0.00E+00  0.00E+00  2.21E-02  4.52E-02  2.77E-03  2.58E-02  3.59E-02  5.92E-02 -5.72E-02  0.00E+00  0.00E+00
          0.00E+00  0.00E+00  0.00E+00  0.00E+00  0.00E+00  0.00E+00  0.00E+00  0.00E+00  7.47E-01  2.49E-01
 
 OM35
+        0.00E+00  0.00E+00  0.00E+00  7.58E-02  4.50E-02  2.30E-03 -3.99E-02  1.32E-02  3.50E-02  9.07E-04  0.00E+00  0.00E+00
          0.00E+00  0.00E+00  0.00E+00  0.00E+00  0.00E+00  0.00E+00  0.00E+00  0.00E+00  6.63E-01  5.53E-01  3.10E-01
 
 OM36
+        0.00E+00  0.00E+00  0.00E+00 -1.14E-02 -2.01E-02  1.01E-02 -3.14E-02 -3.51E-02 -6.80E-02  2.49E-02  0.00E+00  0.00E+00
          0.00E+00  0.00E+00  0.00E+00  0.00E+00  0.00E+00  0.00E+00  0.00E+00  0.00E+00  1.01E-01  1.32E-01  1.13E-01  1.55E-01
 
 OM44
+        0.00E+00  0.00E+00  0.00E+00 -1.07E-01 -2.21E-02  1.90E-02  2.68E-03  6.63E-03  1.33E-02 -4.46E-02  0.00E+00  0.00E+00
          0.00E+00  0.00E+00  0.00E+00  0.00E+00  0.00E+00  0.00E+00  0.00E+00  0.00E+00  6.38E-02  7.09E-01  1.27E-01  8.72E-02
         3.30E-01
 
 OM45
+        0.00E+00  0.00E+00  0.00E+00 -5.42E-02 -9.93E-03  2.57E-02 -5.61E-02 -1.13E-02 -6.10E-03 -1.65E-03  0.00E+00  0.00E+00
          0.00E+00  0.00E+00  0.00E+00  0.00E+00  0.00E+00  0.00E+00  0.00E+00  0.00E+00  1.30E-01  5.15E-01  7.07E-01  1.09E-01
         6.36E-01  3.02E-01
 
 OM46
+        0.00E+00  0.00E+00  0.00E+00 -9.77E-03 -1.87E-02  1.02E-02 -4.18E-02 -3.81E-02 -6.84E-02  2.41E-02  0.00E+00  0.00E+00
          0.00E+00  0.00E+00  0.00E+00  0.00E+00  0.00E+00  0.00E+00  0.00E+00  0.00E+00  1.07E-01  1.37E-01  1.21E-01  9.94E-01
         8.60E-02  1.13E-01  1.55E-01
 
 OM55
+        0.00E+00  0.00E+00  0.00E+00  1.01E-02  1.81E-03  1.38E-02 -7.55E-02 -1.88E-02 -1.08E-02  2.13E-02  0.00E+00  0.00E+00
          0.00E+00  0.00E+00  0.00E+00  0.00E+00  0.00E+00  0.00E+00  0.00E+00  0.00E+00  1.23E-01  1.65E-01  8.22E-01  7.73E-02
         1.18E-01  8.39E-01  8.25E-02  4.68E-01
 
 OM56
+        0.00E+00  0.00E+00  0.00E+00 -9.72E-03 -1.93E-02  1.23E-02 -4.08E-02 -3.07E-02 -7.21E-02  1.48E-02  0.00E+00  0.00E+00
          0.00E+00  0.00E+00  0.00E+00  0.00E+00  0.00E+00  0.00E+00  0.00E+00  0.00E+00  1.04E-01  1.38E-01  1.25E-01  9.91E-01
         9.17E-02  1.21E-01  9.92E-01  8.93E-02  1.56E-01
 
 OM66
+        0.00E+00  0.00E+00  0.00E+00 -2.16E-02 -6.65E-02 -2.32E-01  1.64E-01 -7.16E-03 -5.25E-03  9.49E-02  0.00E+00  0.00E+00
          0.00E+00  0.00E+00  0.00E+00  0.00E+00  0.00E+00  0.00E+00  0.00E+00  0.00E+00  1.59E-02  3.12E-02  9.03E-03  5.49E-02
         3.07E-02  1.73E-02  2.95E-02 -7.65E-04  5.18E-02  1.74E-02
 
 SG11
+        0.00E+00  0.00E+00  0.00E+00  5.10E-03  5.30E-02 -5.38E-02  2.03E-02  4.14E-02  8.60E-02 -2.64E-01  0.00E+00  0.00E+00
          0.00E+00  0.00E+00  0.00E+00  0.00E+00  0.00E+00  0.00E+00  0.00E+00  0.00E+00  5.94E-02  6.75E-02  4.06E-02 -1.39E-04
         3.42E-02  2.51E-02  2.57E-03  2.56E-03  5.39E-03 -7.15E-02  1.24E-03
 
1
 ************************************************************************************************************************
 ********************                                                                                ********************
 ********************       OBJECTIVE FUNCTION EVALUATION BY IMPORTANCE/MAP SAMPLING (NO PRIOR)      ********************
 ********************                    INVERSE COVARIANCE MATRIX OF ESTIMATE (S)                   ********************
 ********************                                                                                ********************
 ************************************************************************************************************************
 

            TH 1      TH 2      TH 3      TH 4      TH 5      TH 6      TH 7      TH 8      TH 9      OM11      OM12      OM13  
             OM14      OM15      OM16      OM22      OM23      OM24      OM25      OM26      OM33      OM34      OM35      OM36  
            OM44      OM45      OM46      OM55      OM56      OM66      SG11  
 
 TH 1
+       .........
 
 TH 2
+       ......... .........
 
 TH 3
+       ......... ......... .........
 
 TH 4
+        0.00E+00  0.00E+00  0.00E+00  3.81E+01
 
 TH 5
+        0.00E+00  0.00E+00  0.00E+00 -7.20E-01  7.03E-02
 
 TH 6
+        0.00E+00  0.00E+00  0.00E+00  5.94E+00  7.04E-01  3.99E+02
 
 TH 7
+        0.00E+00  0.00E+00  0.00E+00 -1.01E+01  4.99E+00 -1.28E+03  5.24E+04
 
 TH 8
+        0.00E+00  0.00E+00  0.00E+00 -6.00E+01 -1.08E+00 -4.72E+01  5.78E+02  3.43E+03
 
 TH 9
+        0.00E+00  0.00E+00  0.00E+00  3.55E+00 -1.34E+00  7.97E+02 -5.72E+03 -1.23E+03  5.10E+03
 
 OM11
+        0.00E+00  0.00E+00  0.00E+00  2.36E+01 -6.41E-01  7.53E+01  2.14E+02 -2.48E+02  4.12E+02  7.58E+03
 
 OM12
+       ......... ......... ......... ......... ......... ......... ......... ......... ......... ......... .........
 
 OM13
+       ......... ......... ......... ......... ......... ......... ......... ......... ......... ......... ......... .........
 
 OM14
+       ......... ......... ......... ......... ......... ......... ......... ......... ......... ......... ......... .........
         .........
 
 OM15
+       ......... ......... ......... ......... ......... ......... ......... ......... ......... ......... ......... .........
         ......... .........
 
 OM16
+       ......... ......... ......... ......... ......... ......... ......... ......... ......... ......... ......... .........
         ......... ......... .........
 
 OM22
+       ......... ......... ......... ......... ......... ......... ......... ......... ......... ......... ......... .........
         ......... ......... ......... .........
 
 OM23
+       ......... ......... ......... ......... ......... ......... ......... ......... ......... ......... ......... .........
         ......... ......... ......... ......... .........
 
 OM24
+       ......... ......... ......... ......... ......... ......... ......... ......... ......... ......... ......... .........
         ......... ......... ......... ......... ......... .........
 
 OM25
+       ......... ......... ......... ......... ......... ......... ......... ......... ......... ......... ......... .........
         ......... ......... ......... ......... ......... ......... .........
 
1

            TH 1      TH 2      TH 3      TH 4      TH 5      TH 6      TH 7      TH 8      TH 9      OM11      OM12      OM13  
             OM14      OM15      OM16      OM22      OM23      OM24      OM25      OM26      OM33      OM34      OM35      OM36  
            OM44      OM45      OM46      OM55      OM56      OM66      SG11  
 
 OM26
+       ......... ......... ......... ......... ......... ......... ......... ......... ......... ......... ......... .........
         ......... ......... ......... ......... ......... ......... ......... .........
 
 OM33
+        0.00E+00  0.00E+00  0.00E+00  1.76E+01 -8.70E-01  9.53E+00 -6.42E+02  2.20E+01  1.93E+02  1.42E+02  0.00E+00  0.00E+00
          0.00E+00  0.00E+00  0.00E+00  0.00E+00  0.00E+00  0.00E+00  0.00E+00  0.00E+00  2.06E+03
 
 OM34
+        0.00E+00  0.00E+00  0.00E+00 -4.87E+01  3.07E-01 -6.67E+00  5.81E+01  1.67E+01  1.36E+01  3.39E+02  0.00E+00  0.00E+00
          0.00E+00  0.00E+00  0.00E+00  0.00E+00  0.00E+00  0.00E+00  0.00E+00  0.00E+00 -2.76E+03  6.34E+03
 
 OM35
+        0.00E+00  0.00E+00  0.00E+00  9.58E+00  1.38E+00 -1.85E+01  1.18E+03 -5.90E+01 -4.19E+02 -6.08E+02  0.00E+00  0.00E+00
          0.00E+00  0.00E+00  0.00E+00  0.00E+00  0.00E+00  0.00E+00  0.00E+00  0.00E+00 -1.34E+03 -8.00E+02  3.45E+03
 
 OM36
+        0.00E+00  0.00E+00  0.00E+00  1.37E+00 -4.09E-02 -6.45E+01 -5.36E+02 -4.21E+01 -1.91E+02 -1.99E+02  0.00E+00  0.00E+00
          0.00E+00  0.00E+00  0.00E+00  0.00E+00  0.00E+00  0.00E+00  0.00E+00  0.00E+00 -5.72E+02  5.15E+02  6.45E+02  4.52E+03
 
 OM44
+        0.00E+00  0.00E+00  0.00E+00  1.58E+01  5.16E-01  2.47E+01  3.19E+02  2.61E+01 -1.74E+02 -2.66E+01  0.00E+00  0.00E+00
          0.00E+00  0.00E+00  0.00E+00  0.00E+00  0.00E+00  0.00E+00  0.00E+00  0.00E+00  9.40E+02 -2.88E+03  9.87E+02 -1.57E+02
         2.09E+03
 
 OM45
+        0.00E+00  0.00E+00  0.00E+00  2.19E+01 -1.40E+00 -4.63E+01 -6.87E+02 -7.84E+01  3.21E+02 -2.62E+02  0.00E+00  0.00E+00
          0.00E+00  0.00E+00  0.00E+00  0.00E+00  0.00E+00  0.00E+00  0.00E+00  0.00E+00  8.86E+02 -5.80E+02 -1.18E+03 -2.06E+02
        -1.27E+03  3.13E+03
 
 OM46
+        0.00E+00  0.00E+00  0.00E+00  1.94E-01  4.85E-01  1.14E+02  2.68E+02  2.86E+02  1.26E+01 -3.44E+02  0.00E+00  0.00E+00
          0.00E+00  0.00E+00  0.00E+00  0.00E+00  0.00E+00  0.00E+00  0.00E+00  0.00E+00  3.91E+02 -8.64E+02  5.03E+01 -3.21E+03
         5.65E+02 -2.55E+02  5.31E+03
 
 OM55
+        0.00E+00  0.00E+00  0.00E+00 -1.60E+01  1.95E-02  3.11E+01 -2.05E+02  7.23E+01  4.34E+01  4.27E+02  0.00E+00  0.00E+00
          0.00E+00  0.00E+00  0.00E+00  0.00E+00  0.00E+00  0.00E+00  0.00E+00  0.00E+00  2.22E+02  6.88E+02 -1.12E+03 -2.09E+02
         1.43E+02 -9.76E+02  1.03E+02  1.05E+03
 
 OM56
+        0.00E+00  0.00E+00  0.00E+00 -1.48E+00 -4.16E-01 -4.67E+01  3.08E+02 -2.39E+02  2.03E+02  5.28E+02  0.00E+00  0.00E+00
          0.00E+00  0.00E+00  0.00E+00  0.00E+00  0.00E+00  0.00E+00  0.00E+00  0.00E+00  1.89E+02  3.06E+02 -6.72E+02 -1.30E+03
        -3.82E+02  4.49E+02 -2.07E+03  9.98E+01  3.37E+03
 
 OM66
+        0.00E+00  0.00E+00  0.00E+00 -6.61E-02  1.57E+00  4.62E+02 -3.47E+03 -9.25E+00  9.48E+02 -4.06E+02  0.00E+00  0.00E+00
          0.00E+00  0.00E+00  0.00E+00  0.00E+00  0.00E+00  0.00E+00  0.00E+00  0.00E+00  9.52E+01 -1.55E+02 -5.25E+01 -7.97E+02
         1.32E+02 -1.22E+02  1.27E+03  8.56E+01 -4.87E+02  4.27E+03
 
 SG11
+        0.00E+00  0.00E+00  0.00E+00  2.27E+02 -8.66E+00  8.76E+02 -5.21E+03 -8.61E+02 -7.74E+02  1.96E+04  0.00E+00  0.00E+00
          0.00E+00  0.00E+00  0.00E+00  0.00E+00  0.00E+00  0.00E+00  0.00E+00  0.00E+00  2.29E+03 -1.45E+03 -3.35E+03 -1.97E+02
         2.12E+03 -2.88E+03  9.60E+02  3.10E+03 -8.04E+02  3.65E+03  7.19E+05
 
1
 
 
 
 
 
 
 
 
 
 
 
 
 
 
 
 
 
 
 
 
 ************************************************************************************************************************
 ********************                                                                                ********************
 ********************       OBJECTIVE FUNCTION EVALUATION BY IMPORTANCE/MAP SAMPLING (NO PRIOR)      ********************
 ********************                    EIGENVALUES OF COR MATRIX OF ESTIMATE (S)                   ********************
 ********************                                                                                ********************
 ************************************************************************************************************************
 

             1         2         3         4         5         6         7         8         9        10        11        12
             13        14        15        16        17        18
 
         1.38E-03  1.75E-03  2.25E-03  5.25E-03  8.96E-03  2.94E-01  4.66E-01  7.13E-01  7.41E-01  8.79E-01  9.57E-01  1.17E+00
          1.25E+00  1.36E+00  1.45E+00  2.26E+00  2.74E+00  3.70E+00
 
 Elapsed postprocess time in seconds:     8.50
 Elapsed finaloutput time in seconds:     8.36
 #CPUT: Total CPU Time in Seconds,     2018.460
Stop Time:
Wed May 12 09:27:44 CEST 2021
